{"C:\\Users\\Bayu Indra Pratama\\Desktop\\Phase 3\\Backend-ECTY-App\\app.js": {"path":"C:\\Users\\Bayu Indra Pratama\\Desktop\\Phase 3\\Backend-ECTY-App\\app.js","statementMap":{"0":{"start":{"line":1,"column":0},"end":{"line":1,"column":69}},"1":{"start":{"line":1,"column":42},"end":{"line":1,"column":69}},"2":{"start":{"line":2,"column":16},"end":{"line":2,"column":34}},"3":{"start":{"line":3,"column":12},"end":{"line":3,"column":21}},"4":{"start":{"line":4,"column":15},"end":{"line":4,"column":40}},"5":{"start":{"line":5,"column":19},"end":{"line":5,"column":55}},"6":{"start":{"line":6,"column":13},"end":{"line":6,"column":29}},"7":{"start":{"line":9,"column":0},"end":{"line":9,"column":15}},"8":{"start":{"line":10,"column":0},"end":{"line":10,"column":23}},"9":{"start":{"line":11,"column":0},"end":{"line":11,"column":47}},"10":{"start":{"line":13,"column":0},"end":{"line":13,"column":20}},"11":{"start":{"line":15,"column":0},"end":{"line":15,"column":19}},"12":{"start":{"line":17,"column":0},"end":{"line":17,"column":20}}},"fnMap":{},"branchMap":{"0":{"loc":{"start":{"line":1,"column":0},"end":{"line":1,"column":69}},"type":"if","locations":[{"start":{"line":1,"column":0},"end":{"line":1,"column":69}},{"start":{},"end":{}}],"line":1}},"s":{"0":1,"1":1,"2":1,"3":1,"4":1,"5":1,"6":1,"7":1,"8":1,"9":1,"10":1,"11":1,"12":1},"f":{},"b":{"0":[1,0]},"_coverageSchema":"1a1c01bbd47fc00a2c39e90264f33305004495a9","hash":"59588e250a379633cefe4caa46236969b4d62f82"}
,"C:\\Users\\Bayu Indra Pratama\\Desktop\\Phase 3\\Backend-ECTY-App\\controllers\\GroupChatController.js": {"path":"C:\\Users\\Bayu Indra Pratama\\Desktop\\Phase 3\\Backend-ECTY-App\\controllers\\GroupChatController.js","statementMap":{"0":{"start":{"line":1,"column":20},"end":{"line":1,"column":49}},"1":{"start":{"line":8,"column":21},"end":{"line":12,"column":9}},"2":{"start":{"line":13,"column":8},"end":{"line":13,"column":25}},"3":{"start":{"line":14,"column":8},"end":{"line":24,"column":14}},"4":{"start":{"line":16,"column":16},"end":{"line":19,"column":18}},"5":{"start":{"line":22,"column":16},"end":{"line":22,"column":32}},"6":{"start":{"line":23,"column":16},"end":{"line":23,"column":41}},"7":{"start":{"line":29,"column":17},"end":{"line":29,"column":30}},"8":{"start":{"line":31,"column":8},"end":{"line":41,"column":14}},"9":{"start":{"line":35,"column":16},"end":{"line":37,"column":18}},"10":{"start":{"line":40,"column":16},"end":{"line":40,"column":46}},"11":{"start":{"line":45,"column":17},"end":{"line":45,"column":30}},"12":{"start":{"line":46,"column":36},"end":{"line":46,"column":44}},"13":{"start":{"line":47,"column":8},"end":{"line":61,"column":14}},"14":{"start":{"line":49,"column":16},"end":{"line":57,"column":17}},"15":{"start":{"line":50,"column":20},"end":{"line":52,"column":22}},"16":{"start":{"line":54,"column":20},"end":{"line":56,"column":22}},"17":{"start":{"line":60,"column":16},"end":{"line":60,"column":32}},"18":{"start":{"line":65,"column":17},"end":{"line":65,"column":30}},"19":{"start":{"line":67,"column":8},"end":{"line":83,"column":10}},"20":{"start":{"line":71,"column":12},"end":{"line":79,"column":13}},"21":{"start":{"line":72,"column":16},"end":{"line":74,"column":18}},"22":{"start":{"line":76,"column":16},"end":{"line":78,"column":18}},"23":{"start":{"line":82,"column":12},"end":{"line":82,"column":28}},"24":{"start":{"line":88,"column":0},"end":{"line":88,"column":36}}},"fnMap":{"0":{"name":"(anonymous_0)","decl":{"start":{"line":6,"column":4},"end":{"line":6,"column":5}},"loc":{"start":{"line":6,"column":40},"end":{"line":26,"column":5}},"line":6},"1":{"name":"(anonymous_1)","decl":{"start":{"line":15,"column":18},"end":{"line":15,"column":19}},"loc":{"start":{"line":15,"column":26},"end":{"line":20,"column":13}},"line":15},"2":{"name":"(anonymous_2)","decl":{"start":{"line":21,"column":19},"end":{"line":21,"column":20}},"loc":{"start":{"line":21,"column":26},"end":{"line":24,"column":13}},"line":21},"3":{"name":"(anonymous_3)","decl":{"start":{"line":28,"column":4},"end":{"line":28,"column":5}},"loc":{"start":{"line":28,"column":36},"end":{"line":42,"column":5}},"line":28},"4":{"name":"(anonymous_4)","decl":{"start":{"line":34,"column":18},"end":{"line":34,"column":19}},"loc":{"start":{"line":34,"column":26},"end":{"line":38,"column":13}},"line":34},"5":{"name":"(anonymous_5)","decl":{"start":{"line":39,"column":19},"end":{"line":39,"column":20}},"loc":{"start":{"line":39,"column":26},"end":{"line":41,"column":13}},"line":39},"6":{"name":"(anonymous_6)","decl":{"start":{"line":44,"column":4},"end":{"line":44,"column":5}},"loc":{"start":{"line":44,"column":34},"end":{"line":62,"column":5}},"line":44},"7":{"name":"(anonymous_7)","decl":{"start":{"line":48,"column":18},"end":{"line":48,"column":19}},"loc":{"start":{"line":48,"column":26},"end":{"line":58,"column":13}},"line":48},"8":{"name":"(anonymous_8)","decl":{"start":{"line":59,"column":19},"end":{"line":59,"column":20}},"loc":{"start":{"line":59,"column":25},"end":{"line":61,"column":13}},"line":59},"9":{"name":"(anonymous_9)","decl":{"start":{"line":64,"column":4},"end":{"line":64,"column":5}},"loc":{"start":{"line":64,"column":34},"end":{"line":84,"column":5}},"line":64},"10":{"name":"(anonymous_10)","decl":{"start":{"line":70,"column":14},"end":{"line":70,"column":15}},"loc":{"start":{"line":70,"column":21},"end":{"line":80,"column":9}},"line":70},"11":{"name":"(anonymous_11)","decl":{"start":{"line":81,"column":15},"end":{"line":81,"column":16}},"loc":{"start":{"line":81,"column":21},"end":{"line":83,"column":9}},"line":81}},"branchMap":{"0":{"loc":{"start":{"line":49,"column":16},"end":{"line":57,"column":17}},"type":"if","locations":[{"start":{"line":49,"column":16},"end":{"line":57,"column":17}},{"start":{"line":53,"column":23},"end":{"line":57,"column":17}}],"line":49},"1":{"loc":{"start":{"line":71,"column":12},"end":{"line":79,"column":13}},"type":"if","locations":[{"start":{"line":71,"column":12},"end":{"line":79,"column":13}},{"start":{"line":75,"column":19},"end":{"line":79,"column":13}}],"line":71}},"s":{"0":1,"1":0,"2":0,"3":0,"4":0,"5":0,"6":0,"7":0,"8":0,"9":0,"10":0,"11":0,"12":0,"13":0,"14":0,"15":0,"16":0,"17":0,"18":0,"19":0,"20":0,"21":0,"22":0,"23":0,"24":1},"f":{"0":0,"1":0,"2":0,"3":0,"4":0,"5":0,"6":0,"7":0,"8":0,"9":0,"10":0,"11":0},"b":{"0":[0,0],"1":[0,0]},"_coverageSchema":"1a1c01bbd47fc00a2c39e90264f33305004495a9","hash":"033c640a07977dd11927d4e06b5fdf4786821f68"}
,"C:\\Users\\Bayu Indra Pratama\\Desktop\\Phase 3\\Backend-ECTY-App\\controllers\\ItineraryController.js": {"path":"C:\\Users\\Bayu Indra Pratama\\Desktop\\Phase 3\\Backend-ECTY-App\\controllers\\ItineraryController.js","statementMap":{"0":{"start":{"line":1,"column":85},"end":{"line":1,"column":114}},"1":{"start":{"line":7,"column":8},"end":{"line":7,"column":29}},"2":{"start":{"line":8,"column":30},"end":{"line":18,"column":9}},"3":{"start":{"line":19,"column":8},"end":{"line":19,"column":35}},"4":{"start":{"line":22,"column":8},"end":{"line":60,"column":9}},"5":{"start":{"line":24,"column":32},"end":{"line":24,"column":69}},"6":{"start":{"line":28,"column":25},"end":{"line":32,"column":14}},"7":{"start":{"line":34,"column":26},"end":{"line":43,"column":14}},"8":{"start":{"line":45,"column":35},"end":{"line":53,"column":14}},"9":{"start":{"line":55,"column":12},"end":{"line":55,"column":90}},"10":{"start":{"line":58,"column":12},"end":{"line":58,"column":31}},"11":{"start":{"line":59,"column":12},"end":{"line":59,"column":23}},"12":{"start":{"line":63,"column":8},"end":{"line":70,"column":10}},"13":{"start":{"line":65,"column":12},"end":{"line":65,"column":45}},"14":{"start":{"line":68,"column":12},"end":{"line":68,"column":28}},"15":{"start":{"line":69,"column":12},"end":{"line":69,"column":21}},"16":{"start":{"line":73,"column":8},"end":{"line":80,"column":10}},"17":{"start":{"line":75,"column":12},"end":{"line":75,"column":45}},"18":{"start":{"line":78,"column":12},"end":{"line":78,"column":29}},"19":{"start":{"line":79,"column":12},"end":{"line":79,"column":21}},"20":{"start":{"line":84,"column":17},"end":{"line":84,"column":30}},"21":{"start":{"line":86,"column":8},"end":{"line":96,"column":14}},"22":{"start":{"line":90,"column":16},"end":{"line":92,"column":18}},"23":{"start":{"line":95,"column":16},"end":{"line":95,"column":25}},"24":{"start":{"line":100,"column":17},"end":{"line":100,"column":30}},"25":{"start":{"line":101,"column":83},"end":{"line":101,"column":91}},"26":{"start":{"line":102,"column":21},"end":{"line":102,"column":27}},"27":{"start":{"line":103,"column":8},"end":{"line":117,"column":14}},"28":{"start":{"line":105,"column":16},"end":{"line":113,"column":17}},"29":{"start":{"line":106,"column":20},"end":{"line":108,"column":22}},"30":{"start":{"line":110,"column":20},"end":{"line":112,"column":22}},"31":{"start":{"line":116,"column":16},"end":{"line":116,"column":25}},"32":{"start":{"line":121,"column":17},"end":{"line":121,"column":30}},"33":{"start":{"line":123,"column":8},"end":{"line":139,"column":14}},"34":{"start":{"line":127,"column":16},"end":{"line":135,"column":17}},"35":{"start":{"line":128,"column":20},"end":{"line":130,"column":22}},"36":{"start":{"line":132,"column":20},"end":{"line":134,"column":22}},"37":{"start":{"line":138,"column":16},"end":{"line":138,"column":25}},"38":{"start":{"line":143,"column":8},"end":{"line":150,"column":10}},"39":{"start":{"line":145,"column":12},"end":{"line":145,"column":45}},"40":{"start":{"line":148,"column":12},"end":{"line":148,"column":28}},"41":{"start":{"line":149,"column":12},"end":{"line":149,"column":21}},"42":{"start":{"line":154,"column":8},"end":{"line":161,"column":10}},"43":{"start":{"line":156,"column":12},"end":{"line":156,"column":45}},"44":{"start":{"line":159,"column":12},"end":{"line":159,"column":29}},"45":{"start":{"line":160,"column":12},"end":{"line":160,"column":21}},"46":{"start":{"line":165,"column":0},"end":{"line":165,"column":36}}},"fnMap":{"0":{"name":"(anonymous_0)","decl":{"start":{"line":6,"column":4},"end":{"line":6,"column":5}},"loc":{"start":{"line":6,"column":46},"end":{"line":61,"column":5}},"line":6},"1":{"name":"(anonymous_1)","decl":{"start":{"line":62,"column":4},"end":{"line":62,"column":5}},"loc":{"start":{"line":62,"column":44},"end":{"line":71,"column":5}},"line":62},"2":{"name":"(anonymous_2)","decl":{"start":{"line":64,"column":14},"end":{"line":64,"column":15}},"loc":{"start":{"line":64,"column":27},"end":{"line":66,"column":9}},"line":64},"3":{"name":"(anonymous_3)","decl":{"start":{"line":67,"column":15},"end":{"line":67,"column":16}},"loc":{"start":{"line":67,"column":20},"end":{"line":70,"column":9}},"line":67},"4":{"name":"(anonymous_4)","decl":{"start":{"line":72,"column":4},"end":{"line":72,"column":5}},"loc":{"start":{"line":72,"column":50},"end":{"line":81,"column":5}},"line":72},"5":{"name":"(anonymous_5)","decl":{"start":{"line":74,"column":14},"end":{"line":74,"column":15}},"loc":{"start":{"line":74,"column":28},"end":{"line":76,"column":9}},"line":74},"6":{"name":"(anonymous_6)","decl":{"start":{"line":77,"column":15},"end":{"line":77,"column":16}},"loc":{"start":{"line":77,"column":21},"end":{"line":80,"column":9}},"line":77},"7":{"name":"(anonymous_7)","decl":{"start":{"line":83,"column":4},"end":{"line":83,"column":5}},"loc":{"start":{"line":83,"column":36},"end":{"line":97,"column":5}},"line":83},"8":{"name":"(anonymous_8)","decl":{"start":{"line":89,"column":18},"end":{"line":89,"column":19}},"loc":{"start":{"line":89,"column":26},"end":{"line":93,"column":13}},"line":89},"9":{"name":"(anonymous_9)","decl":{"start":{"line":94,"column":19},"end":{"line":94,"column":20}},"loc":{"start":{"line":94,"column":26},"end":{"line":96,"column":13}},"line":94},"10":{"name":"(anonymous_10)","decl":{"start":{"line":99,"column":4},"end":{"line":99,"column":5}},"loc":{"start":{"line":99,"column":34},"end":{"line":118,"column":5}},"line":99},"11":{"name":"(anonymous_11)","decl":{"start":{"line":104,"column":18},"end":{"line":104,"column":19}},"loc":{"start":{"line":104,"column":26},"end":{"line":114,"column":13}},"line":104},"12":{"name":"(anonymous_12)","decl":{"start":{"line":115,"column":19},"end":{"line":115,"column":20}},"loc":{"start":{"line":115,"column":26},"end":{"line":117,"column":13}},"line":115},"13":{"name":"(anonymous_13)","decl":{"start":{"line":120,"column":4},"end":{"line":120,"column":5}},"loc":{"start":{"line":120,"column":34},"end":{"line":140,"column":5}},"line":120},"14":{"name":"(anonymous_14)","decl":{"start":{"line":126,"column":18},"end":{"line":126,"column":19}},"loc":{"start":{"line":126,"column":26},"end":{"line":136,"column":13}},"line":126},"15":{"name":"(anonymous_15)","decl":{"start":{"line":137,"column":19},"end":{"line":137,"column":20}},"loc":{"start":{"line":137,"column":26},"end":{"line":139,"column":13}},"line":137},"16":{"name":"(anonymous_16)","decl":{"start":{"line":142,"column":4},"end":{"line":142,"column":5}},"loc":{"start":{"line":142,"column":44},"end":{"line":151,"column":5}},"line":142},"17":{"name":"(anonymous_17)","decl":{"start":{"line":144,"column":14},"end":{"line":144,"column":15}},"loc":{"start":{"line":144,"column":27},"end":{"line":146,"column":9}},"line":144},"18":{"name":"(anonymous_18)","decl":{"start":{"line":147,"column":15},"end":{"line":147,"column":16}},"loc":{"start":{"line":147,"column":20},"end":{"line":150,"column":9}},"line":147},"19":{"name":"(anonymous_19)","decl":{"start":{"line":153,"column":4},"end":{"line":153,"column":5}},"loc":{"start":{"line":153,"column":50},"end":{"line":162,"column":5}},"line":153},"20":{"name":"(anonymous_20)","decl":{"start":{"line":155,"column":14},"end":{"line":155,"column":15}},"loc":{"start":{"line":155,"column":28},"end":{"line":157,"column":9}},"line":155},"21":{"name":"(anonymous_21)","decl":{"start":{"line":158,"column":15},"end":{"line":158,"column":16}},"loc":{"start":{"line":158,"column":21},"end":{"line":161,"column":9}},"line":158}},"branchMap":{"0":{"loc":{"start":{"line":105,"column":16},"end":{"line":113,"column":17}},"type":"if","locations":[{"start":{"line":105,"column":16},"end":{"line":113,"column":17}},{"start":{"line":109,"column":23},"end":{"line":113,"column":17}}],"line":105},"1":{"loc":{"start":{"line":127,"column":16},"end":{"line":135,"column":17}},"type":"if","locations":[{"start":{"line":127,"column":16},"end":{"line":135,"column":17}},{"start":{"line":131,"column":23},"end":{"line":135,"column":17}}],"line":127}},"s":{"0":1,"1":0,"2":0,"3":0,"4":0,"5":0,"6":0,"7":0,"8":0,"9":0,"10":0,"11":0,"12":0,"13":0,"14":0,"15":0,"16":0,"17":0,"18":0,"19":0,"20":0,"21":0,"22":0,"23":0,"24":0,"25":0,"26":0,"27":0,"28":0,"29":0,"30":0,"31":0,"32":0,"33":0,"34":0,"35":0,"36":0,"37":0,"38":0,"39":0,"40":0,"41":0,"42":0,"43":0,"44":0,"45":0,"46":1},"f":{"0":0,"1":0,"2":0,"3":0,"4":0,"5":0,"6":0,"7":0,"8":0,"9":0,"10":0,"11":0,"12":0,"13":0,"14":0,"15":0,"16":0,"17":0,"18":0,"19":0,"20":0,"21":0},"b":{"0":[0,0],"1":[0,0]},"_coverageSchema":"1a1c01bbd47fc00a2c39e90264f33305004495a9","hash":"dc8d037f8315680a416b07e7086df263c52e4d37"}
,"C:\\Users\\Bayu Indra Pratama\\Desktop\\Phase 3\\Backend-ECTY-App\\controllers\\friendListController.js": {"path":"C:\\Users\\Bayu Indra Pratama\\Desktop\\Phase 3\\Backend-ECTY-App\\controllers\\friendListController.js","statementMap":{"0":{"start":{"line":1,"column":26},"end":{"line":1,"column":46}},"1":{"start":{"line":4,"column":4},"end":{"line":4,"column":52}},"2":{"start":{"line":5,"column":4},"end":{"line":11,"column":5}},"3":{"start":{"line":6,"column":23},"end":{"line":6,"column":113}},"4":{"start":{"line":7,"column":6},"end":{"line":7,"column":38}},"5":{"start":{"line":9,"column":6},"end":{"line":9,"column":23}},"6":{"start":{"line":10,"column":6},"end":{"line":10,"column":15}},"7":{"start":{"line":14,"column":4},"end":{"line":27,"column":5}},"8":{"start":{"line":15,"column":21},"end":{"line":15,"column":31}},"9":{"start":{"line":16,"column":23},"end":{"line":16,"column":40}},"10":{"start":{"line":17,"column":22},"end":{"line":17,"column":65}},"11":{"start":{"line":18,"column":6},"end":{"line":18,"column":37}},"12":{"start":{"line":20,"column":6},"end":{"line":20,"column":41}},"13":{"start":{"line":21,"column":6},"end":{"line":26,"column":7}},"14":{"start":{"line":23,"column":8},"end":{"line":23,"column":64}},"15":{"start":{"line":25,"column":8},"end":{"line":25,"column":17}},"16":{"start":{"line":30,"column":4},"end":{"line":30,"column":31}},"17":{"start":{"line":31,"column":4},"end":{"line":44,"column":5}},"18":{"start":{"line":32,"column":28},"end":{"line":32,"column":82}},"19":{"start":{"line":33,"column":6},"end":{"line":40,"column":7}},"20":{"start":{"line":34,"column":8},"end":{"line":34,"column":81}},"21":{"start":{"line":36,"column":8},"end":{"line":36,"column":34}},"22":{"start":{"line":37,"column":8},"end":{"line":39,"column":10}},"23":{"start":{"line":42,"column":6},"end":{"line":42,"column":23}},"24":{"start":{"line":43,"column":6},"end":{"line":43,"column":15}},"25":{"start":{"line":48,"column":0},"end":{"line":48,"column":37}}},"fnMap":{"0":{"name":"(anonymous_0)","decl":{"start":{"line":3,"column":2},"end":{"line":3,"column":3}},"loc":{"start":{"line":3,"column":46},"end":{"line":12,"column":3}},"line":3},"1":{"name":"(anonymous_1)","decl":{"start":{"line":13,"column":2},"end":{"line":13,"column":3}},"loc":{"start":{"line":13,"column":42},"end":{"line":28,"column":3}},"line":13},"2":{"name":"(anonymous_2)","decl":{"start":{"line":29,"column":2},"end":{"line":29,"column":3}},"loc":{"start":{"line":29,"column":45},"end":{"line":45,"column":3}},"line":29}},"branchMap":{"0":{"loc":{"start":{"line":21,"column":6},"end":{"line":26,"column":7}},"type":"if","locations":[{"start":{"line":21,"column":6},"end":{"line":26,"column":7}},{"start":{"line":24,"column":11},"end":{"line":26,"column":7}}],"line":21},"1":{"loc":{"start":{"line":33,"column":6},"end":{"line":40,"column":7}},"type":"if","locations":[{"start":{"line":33,"column":6},"end":{"line":40,"column":7}},{"start":{"line":35,"column":11},"end":{"line":40,"column":7}}],"line":33}},"s":{"0":1,"1":0,"2":0,"3":0,"4":0,"5":0,"6":0,"7":0,"8":0,"9":0,"10":0,"11":0,"12":0,"13":0,"14":0,"15":0,"16":0,"17":0,"18":0,"19":0,"20":0,"21":0,"22":0,"23":0,"24":0,"25":1},"f":{"0":0,"1":0,"2":0},"b":{"0":[0,0],"1":[0,0]},"_coverageSchema":"1a1c01bbd47fc00a2c39e90264f33305004495a9","hash":"45cc0f734c1862a92c7aa2bb9446eff96b7351ca"}
,"C:\\Users\\Bayu Indra Pratama\\Desktop\\Phase 3\\Backend-ECTY-App\\controllers\\groupMemberController.js": {"path":"C:\\Users\\Bayu Indra Pratama\\Desktop\\Phase 3\\Backend-ECTY-App\\controllers\\groupMemberController.js","statementMap":{"0":{"start":{"line":1,"column":28},"end":{"line":1,"column":48}},"1":{"start":{"line":4,"column":4},"end":{"line":16,"column":5}},"2":{"start":{"line":5,"column":24},"end":{"line":5,"column":46}},"3":{"start":{"line":6,"column":19},"end":{"line":6,"column":29}},"4":{"start":{"line":7,"column":24},"end":{"line":7,"column":71}},"5":{"start":{"line":8,"column":6},"end":{"line":8,"column":39}},"6":{"start":{"line":10,"column":6},"end":{"line":15,"column":7}},"7":{"start":{"line":11,"column":25},"end":{"line":11,"column":57}},"8":{"start":{"line":11,"column":46},"end":{"line":11,"column":56}},"9":{"start":{"line":12,"column":8},"end":{"line":12,"column":50}},"10":{"start":{"line":14,"column":8},"end":{"line":14,"column":17}},"11":{"start":{"line":19,"column":4},"end":{"line":24,"column":5}},"12":{"start":{"line":20,"column":25},"end":{"line":20,"column":107}},"13":{"start":{"line":21,"column":6},"end":{"line":21,"column":40}},"14":{"start":{"line":23,"column":6},"end":{"line":23,"column":15}},"15":{"start":{"line":27,"column":4},"end":{"line":36,"column":5}},"16":{"start":{"line":28,"column":24},"end":{"line":28,"column":79}},"17":{"start":{"line":29,"column":6},"end":{"line":33,"column":7}},"18":{"start":{"line":30,"column":8},"end":{"line":30,"column":89}},"19":{"start":{"line":32,"column":10},"end":{"line":32,"column":86}},"20":{"start":{"line":35,"column":6},"end":{"line":35,"column":15}},"21":{"start":{"line":40,"column":0},"end":{"line":40,"column":38}}},"fnMap":{"0":{"name":"(anonymous_0)","decl":{"start":{"line":3,"column":2},"end":{"line":3,"column":3}},"loc":{"start":{"line":3,"column":46},"end":{"line":17,"column":3}},"line":3},"1":{"name":"(anonymous_1)","decl":{"start":{"line":11,"column":40},"end":{"line":11,"column":41}},"loc":{"start":{"line":11,"column":46},"end":{"line":11,"column":56}},"line":11},"2":{"name":"(anonymous_2)","decl":{"start":{"line":18,"column":2},"end":{"line":18,"column":3}},"loc":{"start":{"line":18,"column":52},"end":{"line":25,"column":3}},"line":18},"3":{"name":"(anonymous_3)","decl":{"start":{"line":26,"column":2},"end":{"line":26,"column":3}},"loc":{"start":{"line":26,"column":50},"end":{"line":37,"column":3}},"line":26}},"branchMap":{"0":{"loc":{"start":{"line":10,"column":6},"end":{"line":15,"column":7}},"type":"if","locations":[{"start":{"line":10,"column":6},"end":{"line":15,"column":7}},{"start":{"line":13,"column":11},"end":{"line":15,"column":7}}],"line":10},"1":{"loc":{"start":{"line":29,"column":6},"end":{"line":33,"column":7}},"type":"if","locations":[{"start":{"line":29,"column":6},"end":{"line":33,"column":7}},{"start":{"line":31,"column":13},"end":{"line":33,"column":7}}],"line":29}},"s":{"0":1,"1":0,"2":0,"3":0,"4":0,"5":0,"6":0,"7":0,"8":0,"9":0,"10":0,"11":0,"12":0,"13":0,"14":0,"15":0,"16":0,"17":0,"18":0,"19":0,"20":0,"21":1},"f":{"0":0,"1":0,"2":0,"3":0},"b":{"0":[0,0],"1":[0,0]},"_coverageSchema":"1a1c01bbd47fc00a2c39e90264f33305004495a9","hash":"ec140e3fbac2459641167364bd59de1cbb57292a"}
,"C:\\Users\\Bayu Indra Pratama\\Desktop\\Phase 3\\Backend-ECTY-App\\controllers\\itineraryPlacesController.js": {"path":"C:\\Users\\Bayu Indra Pratama\\Desktop\\Phase 3\\Backend-ECTY-App\\controllers\\itineraryPlacesController.js","statementMap":{"0":{"start":{"line":1,"column":25},"end":{"line":1,"column":45}},"1":{"start":{"line":6,"column":4},"end":{"line":15,"column":5}},"2":{"start":{"line":7,"column":30},"end":{"line":7,"column":89}},"3":{"start":{"line":8,"column":6},"end":{"line":12,"column":7}},"4":{"start":{"line":9,"column":8},"end":{"line":9,"column":92}},"5":{"start":{"line":11,"column":10},"end":{"line":11,"column":54}},"6":{"start":{"line":14,"column":6},"end":{"line":14,"column":15}},"7":{"start":{"line":18,"column":4},"end":{"line":35,"column":5}},"8":{"start":{"line":19,"column":93},"end":{"line":19,"column":101}},"9":{"start":{"line":20,"column":29},"end":{"line":20,"column":196}},"10":{"start":{"line":22,"column":6},"end":{"line":26,"column":7}},"11":{"start":{"line":23,"column":8},"end":{"line":23,"column":90}},"12":{"start":{"line":25,"column":8},"end":{"line":25,"column":51}},"13":{"start":{"line":28,"column":6},"end":{"line":34,"column":7}},"14":{"start":{"line":29,"column":25},"end":{"line":29,"column":57}},"15":{"start":{"line":29,"column":46},"end":{"line":29,"column":56}},"16":{"start":{"line":30,"column":8},"end":{"line":30,"column":50}},"17":{"start":{"line":32,"column":8},"end":{"line":32,"column":24}},"18":{"start":{"line":33,"column":8},"end":{"line":33,"column":17}},"19":{"start":{"line":38,"column":4},"end":{"line":48,"column":5}},"20":{"start":{"line":39,"column":29},"end":{"line":39,"column":87}},"21":{"start":{"line":40,"column":6},"end":{"line":44,"column":7}},"22":{"start":{"line":41,"column":8},"end":{"line":41,"column":92}},"23":{"start":{"line":43,"column":8},"end":{"line":43,"column":87}},"24":{"start":{"line":46,"column":6},"end":{"line":46,"column":15}},"25":{"start":{"line":51,"column":4},"end":{"line":63,"column":5}},"26":{"start":{"line":52,"column":93},"end":{"line":52,"column":101}},"27":{"start":{"line":53,"column":21},"end":{"line":53,"column":29}},"28":{"start":{"line":54,"column":27},"end":{"line":54,"column":142}},"29":{"start":{"line":55,"column":6},"end":{"line":55,"column":83}},"30":{"start":{"line":57,"column":6},"end":{"line":62,"column":7}},"31":{"start":{"line":58,"column":25},"end":{"line":58,"column":57}},"32":{"start":{"line":58,"column":46},"end":{"line":58,"column":56}},"33":{"start":{"line":59,"column":8},"end":{"line":59,"column":50}},"34":{"start":{"line":61,"column":8},"end":{"line":61,"column":17}},"35":{"start":{"line":67,"column":0},"end":{"line":67,"column":42}}},"fnMap":{"0":{"name":"(anonymous_0)","decl":{"start":{"line":5,"column":2},"end":{"line":5,"column":3}},"loc":{"start":{"line":5,"column":39},"end":{"line":16,"column":3}},"line":5},"1":{"name":"(anonymous_1)","decl":{"start":{"line":17,"column":2},"end":{"line":17,"column":3}},"loc":{"start":{"line":17,"column":53},"end":{"line":36,"column":3}},"line":17},"2":{"name":"(anonymous_2)","decl":{"start":{"line":29,"column":40},"end":{"line":29,"column":41}},"loc":{"start":{"line":29,"column":46},"end":{"line":29,"column":56}},"line":29},"3":{"name":"(anonymous_3)","decl":{"start":{"line":37,"column":2},"end":{"line":37,"column":3}},"loc":{"start":{"line":37,"column":51},"end":{"line":49,"column":3}},"line":37},"4":{"name":"(anonymous_4)","decl":{"start":{"line":50,"column":2},"end":{"line":50,"column":3}},"loc":{"start":{"line":50,"column":50},"end":{"line":64,"column":3}},"line":50},"5":{"name":"(anonymous_5)","decl":{"start":{"line":58,"column":40},"end":{"line":58,"column":41}},"loc":{"start":{"line":58,"column":46},"end":{"line":58,"column":56}},"line":58}},"branchMap":{"0":{"loc":{"start":{"line":8,"column":6},"end":{"line":12,"column":7}},"type":"if","locations":[{"start":{"line":8,"column":6},"end":{"line":12,"column":7}},{"start":{"line":10,"column":13},"end":{"line":12,"column":7}}],"line":8},"1":{"loc":{"start":{"line":22,"column":6},"end":{"line":26,"column":7}},"type":"if","locations":[{"start":{"line":22,"column":6},"end":{"line":26,"column":7}},{"start":{"line":24,"column":11},"end":{"line":26,"column":7}}],"line":22},"2":{"loc":{"start":{"line":28,"column":6},"end":{"line":34,"column":7}},"type":"if","locations":[{"start":{"line":28,"column":6},"end":{"line":34,"column":7}},{"start":{"line":31,"column":11},"end":{"line":34,"column":7}}],"line":28},"3":{"loc":{"start":{"line":40,"column":6},"end":{"line":44,"column":7}},"type":"if","locations":[{"start":{"line":40,"column":6},"end":{"line":44,"column":7}},{"start":{"line":42,"column":11},"end":{"line":44,"column":7}}],"line":40},"4":{"loc":{"start":{"line":57,"column":6},"end":{"line":62,"column":7}},"type":"if","locations":[{"start":{"line":57,"column":6},"end":{"line":62,"column":7}},{"start":{"line":60,"column":11},"end":{"line":62,"column":7}}],"line":57}},"s":{"0":1,"1":0,"2":0,"3":0,"4":0,"5":0,"6":0,"7":0,"8":0,"9":0,"10":0,"11":0,"12":0,"13":0,"14":0,"15":0,"16":0,"17":0,"18":0,"19":0,"20":0,"21":0,"22":0,"23":0,"24":0,"25":0,"26":0,"27":0,"28":0,"29":0,"30":0,"31":0,"32":0,"33":0,"34":0,"35":1},"f":{"0":0,"1":0,"2":0,"3":0,"4":0,"5":0},"b":{"0":[0,0],"1":[0,0],"2":[0,0],"3":[0,0],"4":[0,0]},"_coverageSchema":"1a1c01bbd47fc00a2c39e90264f33305004495a9","hash":"5e6c5825a96c779cc1d7bd15373b2aee55b25451"}
,"C:\\Users\\Bayu Indra Pratama\\Desktop\\Phase 3\\Backend-ECTY-App\\controllers\\itineraryTransportationsController.js": {"path":"C:\\Users\\Bayu Indra Pratama\\Desktop\\Phase 3\\Backend-ECTY-App\\controllers\\itineraryTransportationsController.js","statementMap":{"0":{"start":{"line":1,"column":34},"end":{"line":1,"column":54}},"1":{"start":{"line":5,"column":4},"end":{"line":14,"column":5}},"2":{"start":{"line":6,"column":38},"end":{"line":6,"column":106}},"3":{"start":{"line":7,"column":6},"end":{"line":11,"column":7}},"4":{"start":{"line":8,"column":8},"end":{"line":8,"column":101}},"5":{"start":{"line":10,"column":10},"end":{"line":10,"column":62}},"6":{"start":{"line":13,"column":6},"end":{"line":13,"column":15}},"7":{"start":{"line":17,"column":4},"end":{"line":33,"column":5}},"8":{"start":{"line":18,"column":99},"end":{"line":18,"column":107}},"9":{"start":{"line":19,"column":38},"end":{"line":19,"column":220}},"10":{"start":{"line":21,"column":6},"end":{"line":25,"column":7}},"11":{"start":{"line":22,"column":8},"end":{"line":22,"column":99}},"12":{"start":{"line":24,"column":8},"end":{"line":24,"column":60}},"13":{"start":{"line":27,"column":6},"end":{"line":32,"column":7}},"14":{"start":{"line":28,"column":25},"end":{"line":28,"column":57}},"15":{"start":{"line":28,"column":46},"end":{"line":28,"column":56}},"16":{"start":{"line":29,"column":8},"end":{"line":29,"column":50}},"17":{"start":{"line":31,"column":8},"end":{"line":31,"column":17}},"18":{"start":{"line":36,"column":4},"end":{"line":46,"column":5}},"19":{"start":{"line":37,"column":38},"end":{"line":37,"column":105}},"20":{"start":{"line":38,"column":6},"end":{"line":42,"column":7}},"21":{"start":{"line":39,"column":8},"end":{"line":39,"column":101}},"22":{"start":{"line":41,"column":8},"end":{"line":41,"column":96}},"23":{"start":{"line":44,"column":6},"end":{"line":44,"column":15}},"24":{"start":{"line":49,"column":4},"end":{"line":61,"column":5}},"25":{"start":{"line":50,"column":99},"end":{"line":50,"column":107}},"26":{"start":{"line":52,"column":36},"end":{"line":52,"column":158}},"27":{"start":{"line":53,"column":6},"end":{"line":53,"column":108}},"28":{"start":{"line":55,"column":6},"end":{"line":60,"column":7}},"29":{"start":{"line":56,"column":25},"end":{"line":56,"column":57}},"30":{"start":{"line":56,"column":46},"end":{"line":56,"column":56}},"31":{"start":{"line":57,"column":8},"end":{"line":57,"column":50}},"32":{"start":{"line":59,"column":8},"end":{"line":59,"column":17}},"33":{"start":{"line":65,"column":0},"end":{"line":65,"column":50}}},"fnMap":{"0":{"name":"(anonymous_0)","decl":{"start":{"line":4,"column":2},"end":{"line":4,"column":3}},"loc":{"start":{"line":4,"column":39},"end":{"line":15,"column":3}},"line":4},"1":{"name":"(anonymous_1)","decl":{"start":{"line":16,"column":2},"end":{"line":16,"column":3}},"loc":{"start":{"line":16,"column":62},"end":{"line":34,"column":3}},"line":16},"2":{"name":"(anonymous_2)","decl":{"start":{"line":28,"column":40},"end":{"line":28,"column":41}},"loc":{"start":{"line":28,"column":46},"end":{"line":28,"column":56}},"line":28},"3":{"name":"(anonymous_3)","decl":{"start":{"line":35,"column":2},"end":{"line":35,"column":3}},"loc":{"start":{"line":35,"column":60},"end":{"line":47,"column":3}},"line":35},"4":{"name":"(anonymous_4)","decl":{"start":{"line":48,"column":2},"end":{"line":48,"column":3}},"loc":{"start":{"line":48,"column":59},"end":{"line":62,"column":3}},"line":48},"5":{"name":"(anonymous_5)","decl":{"start":{"line":56,"column":40},"end":{"line":56,"column":41}},"loc":{"start":{"line":56,"column":46},"end":{"line":56,"column":56}},"line":56}},"branchMap":{"0":{"loc":{"start":{"line":7,"column":6},"end":{"line":11,"column":7}},"type":"if","locations":[{"start":{"line":7,"column":6},"end":{"line":11,"column":7}},{"start":{"line":9,"column":13},"end":{"line":11,"column":7}}],"line":7},"1":{"loc":{"start":{"line":21,"column":6},"end":{"line":25,"column":7}},"type":"if","locations":[{"start":{"line":21,"column":6},"end":{"line":25,"column":7}},{"start":{"line":23,"column":11},"end":{"line":25,"column":7}}],"line":21},"2":{"loc":{"start":{"line":27,"column":6},"end":{"line":32,"column":7}},"type":"if","locations":[{"start":{"line":27,"column":6},"end":{"line":32,"column":7}},{"start":{"line":30,"column":11},"end":{"line":32,"column":7}}],"line":27},"3":{"loc":{"start":{"line":38,"column":6},"end":{"line":42,"column":7}},"type":"if","locations":[{"start":{"line":38,"column":6},"end":{"line":42,"column":7}},{"start":{"line":40,"column":11},"end":{"line":42,"column":7}}],"line":38},"4":{"loc":{"start":{"line":55,"column":6},"end":{"line":60,"column":7}},"type":"if","locations":[{"start":{"line":55,"column":6},"end":{"line":60,"column":7}},{"start":{"line":58,"column":11},"end":{"line":60,"column":7}}],"line":55}},"s":{"0":1,"1":0,"2":0,"3":0,"4":0,"5":0,"6":0,"7":0,"8":0,"9":0,"10":0,"11":0,"12":0,"13":0,"14":0,"15":0,"16":0,"17":0,"18":0,"19":0,"20":0,"21":0,"22":0,"23":0,"24":0,"25":0,"26":0,"27":0,"28":0,"29":0,"30":0,"31":0,"32":0,"33":1},"f":{"0":0,"1":0,"2":0,"3":0,"4":0,"5":0},"b":{"0":[0,0],"1":[0,0],"2":[0,0],"3":[0,0],"4":[0,0]},"_coverageSchema":"1a1c01bbd47fc00a2c39e90264f33305004495a9","hash":"0755c1aa7019e6d84cab0f2690241f443da51e7b"}
,"C:\\Users\\Bayu Indra Pratama\\Desktop\\Phase 3\\Backend-ECTY-App\\controllers\\userController.js": {"path":"C:\\Users\\Bayu Indra Pratama\\Desktop\\Phase 3\\Backend-ECTY-App\\controllers\\userController.js","statementMap":{"0":{"start":{"line":1,"column":12},"end":{"line":1,"column":35}},"1":{"start":{"line":2,"column":46},"end":{"line":2,"column":66}},"2":{"start":{"line":3,"column":20},"end":{"line":3,"column":48}},"3":{"start":{"line":6,"column":4},"end":{"line":24,"column":5}},"4":{"start":{"line":7,"column":20},"end":{"line":7,"column":21}},"5":{"start":{"line":8,"column":27},"end":{"line":8,"column":29}},"6":{"start":{"line":10,"column":8},"end":{"line":13,"column":9}},"7":{"start":{"line":10,"column":21},"end":{"line":10,"column":22}},"8":{"start":{"line":11,"column":29},"end":{"line":11,"column":65}},"9":{"start":{"line":12,"column":12},"end":{"line":12,"column":36}},"10":{"start":{"line":14,"column":26},"end":{"line":14,"column":81}},"11":{"start":{"line":15,"column":8},"end":{"line":15,"column":31}},"12":{"start":{"line":16,"column":8},"end":{"line":21,"column":9}},"13":{"start":{"line":17,"column":12},"end":{"line":17,"column":50}},"14":{"start":{"line":18,"column":12},"end":{"line":18,"column":31}},"15":{"start":{"line":20,"column":12},"end":{"line":20,"column":33}},"16":{"start":{"line":23,"column":8},"end":{"line":23,"column":20}},"17":{"start":{"line":27,"column":0},"end":{"line":144,"column":1}},"18":{"start":{"line":29,"column":36},"end":{"line":29,"column":44}},"19":{"start":{"line":30,"column":8},"end":{"line":45,"column":14}},"20":{"start":{"line":32,"column":16},"end":{"line":34,"column":17}},"21":{"start":{"line":33,"column":20},"end":{"line":33,"column":77}},"22":{"start":{"line":35,"column":31},"end":{"line":35,"column":63}},"23":{"start":{"line":36,"column":16},"end":{"line":41,"column":17}},"24":{"start":{"line":37,"column":41},"end":{"line":37,"column":115}},"25":{"start":{"line":38,"column":20},"end":{"line":38,"column":101}},"26":{"start":{"line":40,"column":20},"end":{"line":40,"column":77}},"27":{"start":{"line":44,"column":16},"end":{"line":44,"column":25}},"28":{"start":{"line":49,"column":46},"end":{"line":49,"column":54}},"29":{"start":{"line":50,"column":27},"end":{"line":50,"column":34}},"30":{"start":{"line":51,"column":21},"end":{"line":51,"column":41}},"31":{"start":{"line":53,"column":8},"end":{"line":69,"column":9}},"32":{"start":{"line":54,"column":25},"end":{"line":54,"column":93}},"33":{"start":{"line":55,"column":31},"end":{"line":55,"column":134}},"34":{"start":{"line":57,"column":12},"end":{"line":57,"column":79}},"35":{"start":{"line":60,"column":12},"end":{"line":68,"column":13}},"36":{"start":{"line":61,"column":33},"end":{"line":61,"column":67}},"37":{"start":{"line":61,"column":56},"end":{"line":61,"column":66}},"38":{"start":{"line":62,"column":16},"end":{"line":62,"column":58}},"39":{"start":{"line":63,"column":19},"end":{"line":68,"column":13}},"40":{"start":{"line":64,"column":36},"end":{"line":64,"column":80}},"41":{"start":{"line":64,"column":64},"end":{"line":64,"column":79}},"42":{"start":{"line":65,"column":16},"end":{"line":65,"column":61}},"43":{"start":{"line":67,"column":16},"end":{"line":67,"column":27}},"44":{"start":{"line":74,"column":19},"end":{"line":74,"column":32}},"45":{"start":{"line":75,"column":8},"end":{"line":89,"column":14}},"46":{"start":{"line":77,"column":16},"end":{"line":85,"column":17}},"47":{"start":{"line":78,"column":20},"end":{"line":80,"column":22}},"48":{"start":{"line":82,"column":20},"end":{"line":84,"column":22}},"49":{"start":{"line":88,"column":16},"end":{"line":88,"column":25}},"50":{"start":{"line":92,"column":8},"end":{"line":102,"column":14}},"51":{"start":{"line":94,"column":16},"end":{"line":98,"column":17}},"52":{"start":{"line":95,"column":20},"end":{"line":95,"column":46}},"53":{"start":{"line":97,"column":20},"end":{"line":97,"column":68}},"54":{"start":{"line":101,"column":16},"end":{"line":101,"column":25}},"55":{"start":{"line":105,"column":19},"end":{"line":105,"column":32}},"56":{"start":{"line":106,"column":8},"end":{"line":118,"column":14}},"57":{"start":{"line":108,"column":16},"end":{"line":114,"column":17}},"58":{"start":{"line":109,"column":20},"end":{"line":111,"column":22}},"59":{"start":{"line":113,"column":20},"end":{"line":113,"column":46}},"60":{"start":{"line":117,"column":16},"end":{"line":117,"column":25}},"61":{"start":{"line":121,"column":19},"end":{"line":121,"column":32}},"62":{"start":{"line":122,"column":8},"end":{"line":142,"column":10}},"63":{"start":{"line":124,"column":12},"end":{"line":132,"column":13}},"64":{"start":{"line":125,"column":16},"end":{"line":127,"column":18}},"65":{"start":{"line":129,"column":16},"end":{"line":131,"column":18}},"66":{"start":{"line":135,"column":12},"end":{"line":141,"column":13}},"67":{"start":{"line":136,"column":16},"end":{"line":138,"column":18}},"68":{"start":{"line":140,"column":16},"end":{"line":140,"column":25}}},"fnMap":{"0":{"name":"randomEctyId","decl":{"start":{"line":5,"column":15},"end":{"line":5,"column":27}},"loc":{"start":{"line":5,"column":29},"end":{"line":25,"column":1}},"line":5},"1":{"name":"(anonymous_1)","decl":{"start":{"line":28,"column":4},"end":{"line":28,"column":5}},"loc":{"start":{"line":28,"column":33},"end":{"line":46,"column":5}},"line":28},"2":{"name":"(anonymous_2)","decl":{"start":{"line":31,"column":18},"end":{"line":31,"column":19}},"loc":{"start":{"line":31,"column":26},"end":{"line":42,"column":13}},"line":31},"3":{"name":"(anonymous_3)","decl":{"start":{"line":43,"column":19},"end":{"line":43,"column":20}},"loc":{"start":{"line":43,"column":26},"end":{"line":45,"column":13}},"line":43},"4":{"name":"(anonymous_4)","decl":{"start":{"line":47,"column":4},"end":{"line":47,"column":5}},"loc":{"start":{"line":47,"column":42},"end":{"line":71,"column":5}},"line":47},"5":{"name":"(anonymous_5)","decl":{"start":{"line":61,"column":50},"end":{"line":61,"column":51}},"loc":{"start":{"line":61,"column":56},"end":{"line":61,"column":66}},"line":61},"6":{"name":"(anonymous_6)","decl":{"start":{"line":64,"column":53},"end":{"line":64,"column":54}},"loc":{"start":{"line":64,"column":64},"end":{"line":64,"column":79}},"line":64},"7":{"name":"(anonymous_7)","decl":{"start":{"line":73,"column":4},"end":{"line":73,"column":5}},"loc":{"start":{"line":73,"column":38},"end":{"line":90,"column":5}},"line":73},"8":{"name":"(anonymous_8)","decl":{"start":{"line":76,"column":18},"end":{"line":76,"column":19}},"loc":{"start":{"line":76,"column":28},"end":{"line":86,"column":13}},"line":76},"9":{"name":"(anonymous_9)","decl":{"start":{"line":87,"column":19},"end":{"line":87,"column":20}},"loc":{"start":{"line":87,"column":28},"end":{"line":89,"column":13}},"line":87},"10":{"name":"(anonymous_10)","decl":{"start":{"line":91,"column":4},"end":{"line":91,"column":5}},"loc":{"start":{"line":91,"column":38},"end":{"line":103,"column":5}},"line":91},"11":{"name":"(anonymous_11)","decl":{"start":{"line":93,"column":18},"end":{"line":93,"column":19}},"loc":{"start":{"line":93,"column":26},"end":{"line":99,"column":13}},"line":93},"12":{"name":"(anonymous_12)","decl":{"start":{"line":100,"column":19},"end":{"line":100,"column":20}},"loc":{"start":{"line":100,"column":26},"end":{"line":102,"column":13}},"line":100},"13":{"name":"(anonymous_13)","decl":{"start":{"line":104,"column":4},"end":{"line":104,"column":5}},"loc":{"start":{"line":104,"column":38},"end":{"line":119,"column":5}},"line":104},"14":{"name":"(anonymous_14)","decl":{"start":{"line":107,"column":18},"end":{"line":107,"column":19}},"loc":{"start":{"line":107,"column":26},"end":{"line":115,"column":13}},"line":107},"15":{"name":"(anonymous_15)","decl":{"start":{"line":116,"column":19},"end":{"line":116,"column":20}},"loc":{"start":{"line":116,"column":26},"end":{"line":118,"column":13}},"line":116},"16":{"name":"(anonymous_16)","decl":{"start":{"line":120,"column":4},"end":{"line":120,"column":5}},"loc":{"start":{"line":120,"column":38},"end":{"line":143,"column":5}},"line":120},"17":{"name":"(anonymous_17)","decl":{"start":{"line":123,"column":14},"end":{"line":123,"column":15}},"loc":{"start":{"line":123,"column":22},"end":{"line":133,"column":9}},"line":123},"18":{"name":"(anonymous_18)","decl":{"start":{"line":134,"column":15},"end":{"line":134,"column":16}},"loc":{"start":{"line":134,"column":22},"end":{"line":142,"column":9}},"line":134}},"branchMap":{"0":{"loc":{"start":{"line":16,"column":8},"end":{"line":21,"column":9}},"type":"if","locations":[{"start":{"line":16,"column":8},"end":{"line":21,"column":9}},{"start":{"line":19,"column":15},"end":{"line":21,"column":9}}],"line":16},"1":{"loc":{"start":{"line":32,"column":16},"end":{"line":34,"column":17}},"type":"if","locations":[{"start":{"line":32,"column":16},"end":{"line":34,"column":17}},{"start":{},"end":{}}],"line":32},"2":{"loc":{"start":{"line":36,"column":16},"end":{"line":41,"column":17}},"type":"if","locations":[{"start":{"line":36,"column":16},"end":{"line":41,"column":17}},{"start":{"line":39,"column":23},"end":{"line":41,"column":17}}],"line":36},"3":{"loc":{"start":{"line":36,"column":20},"end":{"line":36,"column":36}},"type":"binary-expr","locations":[{"start":{"line":36,"column":20},"end":{"line":36,"column":24}},{"start":{"line":36,"column":28},"end":{"line":36,"column":36}}],"line":36},"4":{"loc":{"start":{"line":60,"column":12},"end":{"line":68,"column":13}},"type":"if","locations":[{"start":{"line":60,"column":12},"end":{"line":68,"column":13}},{"start":{"line":63,"column":19},"end":{"line":68,"column":13}}],"line":60},"5":{"loc":{"start":{"line":63,"column":19},"end":{"line":68,"column":13}},"type":"if","locations":[{"start":{"line":63,"column":19},"end":{"line":68,"column":13}},{"start":{"line":66,"column":19},"end":{"line":68,"column":13}}],"line":63},"6":{"loc":{"start":{"line":77,"column":16},"end":{"line":85,"column":17}},"type":"if","locations":[{"start":{"line":77,"column":16},"end":{"line":85,"column":17}},{"start":{"line":81,"column":23},"end":{"line":85,"column":17}}],"line":77},"7":{"loc":{"start":{"line":94,"column":16},"end":{"line":98,"column":17}},"type":"if","locations":[{"start":{"line":94,"column":16},"end":{"line":98,"column":17}},{"start":{"line":96,"column":23},"end":{"line":98,"column":17}}],"line":94},"8":{"loc":{"start":{"line":108,"column":16},"end":{"line":114,"column":17}},"type":"if","locations":[{"start":{"line":108,"column":16},"end":{"line":114,"column":17}},{"start":{"line":112,"column":23},"end":{"line":114,"column":17}}],"line":108},"9":{"loc":{"start":{"line":124,"column":12},"end":{"line":132,"column":13}},"type":"if","locations":[{"start":{"line":124,"column":12},"end":{"line":132,"column":13}},{"start":{"line":128,"column":19},"end":{"line":132,"column":13}}],"line":124},"10":{"loc":{"start":{"line":135,"column":12},"end":{"line":141,"column":13}},"type":"if","locations":[{"start":{"line":135,"column":12},"end":{"line":141,"column":13}},{"start":{"line":139,"column":19},"end":{"line":141,"column":13}}],"line":135}},"s":{"0":1,"1":1,"2":1,"3":0,"4":0,"5":0,"6":0,"7":0,"8":0,"9":0,"10":0,"11":0,"12":0,"13":0,"14":0,"15":0,"16":0,"17":1,"18":0,"19":0,"20":0,"21":0,"22":0,"23":0,"24":0,"25":0,"26":0,"27":0,"28":0,"29":0,"30":0,"31":0,"32":0,"33":0,"34":0,"35":0,"36":0,"37":0,"38":0,"39":0,"40":0,"41":0,"42":0,"43":0,"44":0,"45":0,"46":0,"47":0,"48":0,"49":0,"50":0,"51":0,"52":0,"53":0,"54":0,"55":0,"56":0,"57":0,"58":0,"59":0,"60":0,"61":0,"62":0,"63":0,"64":0,"65":0,"66":0,"67":0,"68":0},"f":{"0":0,"1":0,"2":0,"3":0,"4":0,"5":0,"6":0,"7":0,"8":0,"9":0,"10":0,"11":0,"12":0,"13":0,"14":0,"15":0,"16":0,"17":0,"18":0},"b":{"0":[0,0],"1":[0,0],"2":[0,0],"3":[0,0],"4":[0,0],"5":[0,0],"6":[0,0],"7":[0,0],"8":[0,0],"9":[0,0],"10":[0,0]},"_coverageSchema":"1a1c01bbd47fc00a2c39e90264f33305004495a9","hash":"fa5986d5bfceb4e61bf7d4be10c1af72a7be80e9"}
,"C:\\Users\\Bayu Indra Pratama\\Desktop\\Phase 3\\Backend-ECTY-App\\controllers\\userNotificationController.js": {"path":"C:\\Users\\Bayu Indra Pratama\\Desktop\\Phase 3\\Backend-ECTY-App\\controllers\\userNotificationController.js","statementMap":{"0":{"start":{"line":1,"column":33},"end":{"line":1,"column":53}},"1":{"start":{"line":4,"column":4},"end":{"line":9,"column":5}},"2":{"start":{"line":5,"column":29},"end":{"line":5,"column":107}},"3":{"start":{"line":6,"column":6},"end":{"line":6,"column":44}},"4":{"start":{"line":8,"column":6},"end":{"line":8,"column":15}},"5":{"start":{"line":12,"column":4},"end":{"line":27,"column":5}},"6":{"start":{"line":13,"column":21},"end":{"line":13,"column":29}},"7":{"start":{"line":14,"column":31},"end":{"line":14,"column":130}},"8":{"start":{"line":15,"column":6},"end":{"line":19,"column":7}},"9":{"start":{"line":16,"column":8},"end":{"line":16,"column":87}},"10":{"start":{"line":18,"column":8},"end":{"line":18,"column":53}},"11":{"start":{"line":21,"column":6},"end":{"line":26,"column":7}},"12":{"start":{"line":22,"column":25},"end":{"line":22,"column":57}},"13":{"start":{"line":22,"column":46},"end":{"line":22,"column":56}},"14":{"start":{"line":23,"column":8},"end":{"line":23,"column":50}},"15":{"start":{"line":25,"column":8},"end":{"line":25,"column":17}},"16":{"start":{"line":30,"column":4},"end":{"line":39,"column":5}},"17":{"start":{"line":31,"column":27},"end":{"line":31,"column":87}},"18":{"start":{"line":32,"column":6},"end":{"line":36,"column":7}},"19":{"start":{"line":33,"column":8},"end":{"line":33,"column":89}},"20":{"start":{"line":35,"column":10},"end":{"line":35,"column":86}},"21":{"start":{"line":38,"column":6},"end":{"line":38,"column":15}},"22":{"start":{"line":42,"column":4},"end":{"line":55,"column":5}},"23":{"start":{"line":43,"column":38},"end":{"line":43,"column":46}},"24":{"start":{"line":44,"column":21},"end":{"line":44,"column":29}},"25":{"start":{"line":45,"column":21},"end":{"line":45,"column":31}},"26":{"start":{"line":46,"column":25},"end":{"line":46,"column":95}},"27":{"start":{"line":47,"column":6},"end":{"line":47,"column":40}},"28":{"start":{"line":49,"column":6},"end":{"line":54,"column":7}},"29":{"start":{"line":50,"column":25},"end":{"line":50,"column":57}},"30":{"start":{"line":50,"column":46},"end":{"line":50,"column":56}},"31":{"start":{"line":51,"column":8},"end":{"line":51,"column":50}},"32":{"start":{"line":53,"column":8},"end":{"line":53,"column":17}},"33":{"start":{"line":59,"column":0},"end":{"line":59,"column":43}}},"fnMap":{"0":{"name":"(anonymous_0)","decl":{"start":{"line":3,"column":2},"end":{"line":3,"column":3}},"loc":{"start":{"line":3,"column":49},"end":{"line":10,"column":3}},"line":3},"1":{"name":"(anonymous_1)","decl":{"start":{"line":11,"column":2},"end":{"line":11,"column":3}},"loc":{"start":{"line":11,"column":45},"end":{"line":28,"column":3}},"line":11},"2":{"name":"(anonymous_2)","decl":{"start":{"line":22,"column":40},"end":{"line":22,"column":41}},"loc":{"start":{"line":22,"column":46},"end":{"line":22,"column":56}},"line":22},"3":{"name":"(anonymous_3)","decl":{"start":{"line":29,"column":2},"end":{"line":29,"column":3}},"loc":{"start":{"line":29,"column":51},"end":{"line":40,"column":3}},"line":29},"4":{"name":"(anonymous_4)","decl":{"start":{"line":41,"column":2},"end":{"line":41,"column":3}},"loc":{"start":{"line":41,"column":52},"end":{"line":56,"column":3}},"line":41},"5":{"name":"(anonymous_5)","decl":{"start":{"line":50,"column":40},"end":{"line":50,"column":41}},"loc":{"start":{"line":50,"column":46},"end":{"line":50,"column":56}},"line":50}},"branchMap":{"0":{"loc":{"start":{"line":15,"column":6},"end":{"line":19,"column":7}},"type":"if","locations":[{"start":{"line":15,"column":6},"end":{"line":19,"column":7}},{"start":{"line":17,"column":11},"end":{"line":19,"column":7}}],"line":15},"1":{"loc":{"start":{"line":21,"column":6},"end":{"line":26,"column":7}},"type":"if","locations":[{"start":{"line":21,"column":6},"end":{"line":26,"column":7}},{"start":{"line":24,"column":11},"end":{"line":26,"column":7}}],"line":21},"2":{"loc":{"start":{"line":32,"column":6},"end":{"line":36,"column":7}},"type":"if","locations":[{"start":{"line":32,"column":6},"end":{"line":36,"column":7}},{"start":{"line":34,"column":13},"end":{"line":36,"column":7}}],"line":32},"3":{"loc":{"start":{"line":49,"column":6},"end":{"line":54,"column":7}},"type":"if","locations":[{"start":{"line":49,"column":6},"end":{"line":54,"column":7}},{"start":{"line":52,"column":11},"end":{"line":54,"column":7}}],"line":49}},"s":{"0":1,"1":0,"2":0,"3":0,"4":0,"5":0,"6":0,"7":0,"8":0,"9":0,"10":0,"11":0,"12":0,"13":0,"14":0,"15":0,"16":0,"17":0,"18":0,"19":0,"20":0,"21":0,"22":0,"23":0,"24":0,"25":0,"26":0,"27":0,"28":0,"29":0,"30":0,"31":0,"32":0,"33":1},"f":{"0":0,"1":0,"2":0,"3":0,"4":0,"5":0},"b":{"0":[0,0],"1":[0,0],"2":[0,0],"3":[0,0]},"_coverageSchema":"1a1c01bbd47fc00a2c39e90264f33305004495a9","hash":"21aa4c677db1d8559f95218ba9ddb367153945a5"}
,"C:\\Users\\Bayu Indra Pratama\\Desktop\\Phase 3\\Backend-ECTY-App\\controllers\\verifyController.js": {"path":"C:\\Users\\Bayu Indra Pratama\\Desktop\\Phase 3\\Backend-ECTY-App\\controllers\\verifyController.js","statementMap":{"0":{"start":{"line":1,"column":21},"end":{"line":1,"column":52}},"1":{"start":{"line":2,"column":35},"end":{"line":2,"column":55}},"2":{"start":{"line":4,"column":0},"end":{"line":80,"column":1}},"3":{"start":{"line":6,"column":29},"end":{"line":16,"column":9}},"4":{"start":{"line":7,"column":24},"end":{"line":7,"column":25}},"5":{"start":{"line":8,"column":26},"end":{"line":8,"column":28}},"6":{"start":{"line":10,"column":12},"end":{"line":14,"column":13}},"7":{"start":{"line":10,"column":25},"end":{"line":10,"column":26}},"8":{"start":{"line":11,"column":16},"end":{"line":11,"column":36}},"9":{"start":{"line":12,"column":41},"end":{"line":12,"column":76}},"10":{"start":{"line":13,"column":16},"end":{"line":13,"column":43}},"11":{"start":{"line":15,"column":12},"end":{"line":15,"column":26}},"12":{"start":{"line":18,"column":30},"end":{"line":18,"column":38}},"13":{"start":{"line":19,"column":44},"end":{"line":19,"column":58}},"14":{"start":{"line":21,"column":8},"end":{"line":37,"column":14}},"15":{"start":{"line":24,"column":16},"end":{"line":26,"column":18}},"16":{"start":{"line":27,"column":16},"end":{"line":27,"column":189}},"17":{"start":{"line":31,"column":16},"end":{"line":36,"column":17}},"18":{"start":{"line":32,"column":40},"end":{"line":32,"column":82}},"19":{"start":{"line":32,"column":66},"end":{"line":32,"column":81}},"20":{"start":{"line":33,"column":20},"end":{"line":33,"column":65}},"21":{"start":{"line":35,"column":20},"end":{"line":35,"column":29}},"22":{"start":{"line":40,"column":8},"end":{"line":60,"column":9}},"23":{"start":{"line":41,"column":63},"end":{"line":41,"column":71}},"24":{"start":{"line":43,"column":28},"end":{"line":48,"column":14}},"25":{"start":{"line":50,"column":12},"end":{"line":56,"column":13}},"26":{"start":{"line":51,"column":33},"end":{"line":51,"column":37}},"27":{"start":{"line":52,"column":33},"end":{"line":52,"column":147}},"28":{"start":{"line":53,"column":16},"end":{"line":53,"column":122}},"29":{"start":{"line":55,"column":16},"end":{"line":55,"column":79}},"30":{"start":{"line":58,"column":12},"end":{"line":58,"column":56}},"31":{"start":{"line":59,"column":12},"end":{"line":59,"column":23}},"32":{"start":{"line":65,"column":24},"end":{"line":65,"column":40}},"33":{"start":{"line":67,"column":8},"end":{"line":77,"column":14}},"34":{"start":{"line":71,"column":16},"end":{"line":73,"column":18}},"35":{"start":{"line":76,"column":16},"end":{"line":76,"column":25}}},"fnMap":{"0":{"name":"(anonymous_0)","decl":{"start":{"line":5,"column":4},"end":{"line":5,"column":5}},"loc":{"start":{"line":5,"column":49},"end":{"line":38,"column":5}},"line":5},"1":{"name":"(anonymous_1)","decl":{"start":{"line":6,"column":29},"end":{"line":6,"column":30}},"loc":{"start":{"line":6,"column":35},"end":{"line":16,"column":9}},"line":6},"2":{"name":"(anonymous_2)","decl":{"start":{"line":22,"column":18},"end":{"line":22,"column":19}},"loc":{"start":{"line":22,"column":26},"end":{"line":28,"column":13}},"line":22},"3":{"name":"(anonymous_3)","decl":{"start":{"line":29,"column":19},"end":{"line":29,"column":20}},"loc":{"start":{"line":29,"column":26},"end":{"line":37,"column":13}},"line":29},"4":{"name":"(anonymous_4)","decl":{"start":{"line":32,"column":55},"end":{"line":32,"column":56}},"loc":{"start":{"line":32,"column":66},"end":{"line":32,"column":81}},"line":32},"5":{"name":"(anonymous_5)","decl":{"start":{"line":39,"column":4},"end":{"line":39,"column":5}},"loc":{"start":{"line":39,"column":56},"end":{"line":62,"column":5}},"line":39},"6":{"name":"(anonymous_6)","decl":{"start":{"line":64,"column":4},"end":{"line":64,"column":5}},"loc":{"start":{"line":64,"column":34},"end":{"line":78,"column":5}},"line":64},"7":{"name":"(anonymous_7)","decl":{"start":{"line":70,"column":18},"end":{"line":70,"column":19}},"loc":{"start":{"line":70,"column":26},"end":{"line":74,"column":13}},"line":70},"8":{"name":"(anonymous_8)","decl":{"start":{"line":75,"column":19},"end":{"line":75,"column":20}},"loc":{"start":{"line":75,"column":26},"end":{"line":77,"column":13}},"line":75}},"branchMap":{"0":{"loc":{"start":{"line":31,"column":16},"end":{"line":36,"column":17}},"type":"if","locations":[{"start":{"line":31,"column":16},"end":{"line":36,"column":17}},{"start":{"line":34,"column":23},"end":{"line":36,"column":17}}],"line":31},"1":{"loc":{"start":{"line":50,"column":12},"end":{"line":56,"column":13}},"type":"if","locations":[{"start":{"line":50,"column":12},"end":{"line":56,"column":13}},{"start":{"line":54,"column":19},"end":{"line":56,"column":13}}],"line":50}},"s":{"0":1,"1":1,"2":1,"3":0,"4":0,"5":0,"6":0,"7":0,"8":0,"9":0,"10":0,"11":0,"12":0,"13":0,"14":0,"15":0,"16":0,"17":0,"18":0,"19":0,"20":0,"21":0,"22":0,"23":0,"24":0,"25":0,"26":0,"27":0,"28":0,"29":0,"30":0,"31":0,"32":0,"33":0,"34":0,"35":0},"f":{"0":0,"1":0,"2":0,"3":0,"4":0,"5":0,"6":0,"7":0,"8":0},"b":{"0":[0,0],"1":[0,0]},"_coverageSchema":"1a1c01bbd47fc00a2c39e90264f33305004495a9","hash":"3c08d1ea4bd6085d66f392a6b5a3f9695a2c9893"}
,"C:\\Users\\Bayu Indra Pratama\\Desktop\\Phase 3\\Backend-ECTY-App\\helper\\bycrypt.js": {"path":"C:\\Users\\Bayu Indra Pratama\\Desktop\\Phase 3\\Backend-ECTY-App\\helper\\bycrypt.js","statementMap":{"0":{"start":{"line":1,"column":13},"end":{"line":1,"column":32}},"1":{"start":{"line":4,"column":15},"end":{"line":4,"column":37}},"2":{"start":{"line":5,"column":15},"end":{"line":5,"column":46}},"3":{"start":{"line":6,"column":4},"end":{"line":6,"column":15}},"4":{"start":{"line":10,"column":4},"end":{"line":10,"column":51}},"5":{"start":{"line":13,"column":0},"end":{"line":13,"column":35}}},"fnMap":{"0":{"name":"encrypt","decl":{"start":{"line":3,"column":9},"end":{"line":3,"column":16}},"loc":{"start":{"line":3,"column":27},"end":{"line":7,"column":1}},"line":3},"1":{"name":"decrypt","decl":{"start":{"line":9,"column":9},"end":{"line":9,"column":16}},"loc":{"start":{"line":9,"column":37},"end":{"line":11,"column":1}},"line":9}},"branchMap":{},"s":{"0":1,"1":1,"2":1,"3":1,"4":0,"5":1},"f":{"0":1,"1":0},"b":{},"_coverageSchema":"1a1c01bbd47fc00a2c39e90264f33305004495a9","hash":"308017995421656327913fda151dd3e9c83e9aa2"}
,"C:\\Users\\Bayu Indra Pratama\\Desktop\\Phase 3\\Backend-ECTY-App\\helper\\nodemailer.js": {"path":"C:\\Users\\Bayu Indra Pratama\\Desktop\\Phase 3\\Backend-ECTY-App\\helper\\nodemailer.js","statementMap":{"0":{"start":{"line":1,"column":19},"end":{"line":1,"column":40}},"1":{"start":{"line":4,"column":22},"end":{"line":10,"column":6}},"2":{"start":{"line":11,"column":24},"end":{"line":17,"column":5}},"3":{"start":{"line":19,"column":4},"end":{"line":25,"column":7}},"4":{"start":{"line":20,"column":8},"end":{"line":24,"column":9}},"5":{"start":{"line":21,"column":12},"end":{"line":21,"column":31}},"6":{"start":{"line":23,"column":12},"end":{"line":23,"column":56}},"7":{"start":{"line":28,"column":22},"end":{"line":34,"column":6}},"8":{"start":{"line":35,"column":24},"end":{"line":41,"column":5}},"9":{"start":{"line":43,"column":4},"end":{"line":49,"column":7}},"10":{"start":{"line":44,"column":8},"end":{"line":48,"column":9}},"11":{"start":{"line":45,"column":12},"end":{"line":45,"column":31}},"12":{"start":{"line":47,"column":12},"end":{"line":47,"column":56}},"13":{"start":{"line":51,"column":0},"end":{"line":51,"column":40}}},"fnMap":{"0":{"name":"sendMail","decl":{"start":{"line":3,"column":9},"end":{"line":3,"column":17}},"loc":{"start":{"line":3,"column":39},"end":{"line":26,"column":1}},"line":3},"1":{"name":"(anonymous_1)","decl":{"start":{"line":19,"column":38},"end":{"line":19,"column":39}},"loc":{"start":{"line":19,"column":61},"end":{"line":25,"column":5}},"line":19},"2":{"name":"receiveMail","decl":{"start":{"line":27,"column":9},"end":{"line":27,"column":20}},"loc":{"start":{"line":27,"column":35},"end":{"line":50,"column":1}},"line":27},"3":{"name":"(anonymous_3)","decl":{"start":{"line":43,"column":41},"end":{"line":43,"column":42}},"loc":{"start":{"line":43,"column":64},"end":{"line":49,"column":5}},"line":43}},"branchMap":{"0":{"loc":{"start":{"line":20,"column":8},"end":{"line":24,"column":9}},"type":"if","locations":[{"start":{"line":20,"column":8},"end":{"line":24,"column":9}},{"start":{"line":22,"column":15},"end":{"line":24,"column":9}}],"line":20},"1":{"loc":{"start":{"line":44,"column":8},"end":{"line":48,"column":9}},"type":"if","locations":[{"start":{"line":44,"column":8},"end":{"line":48,"column":9}},{"start":{"line":46,"column":15},"end":{"line":48,"column":9}}],"line":44}},"s":{"0":1,"1":0,"2":0,"3":0,"4":0,"5":0,"6":0,"7":0,"8":0,"9":0,"10":0,"11":0,"12":0,"13":1},"f":{"0":0,"1":0,"2":0,"3":0},"b":{"0":[0,0],"1":[0,0]},"_coverageSchema":"1a1c01bbd47fc00a2c39e90264f33305004495a9","hash":"37b15831b545091421d8870511721d76081f7ceb"}
,"C:\\Users\\Bayu Indra Pratama\\Desktop\\Phase 3\\Backend-ECTY-App\\middlewares\\auth.js": {"path":"C:\\Users\\Bayu Indra Pratama\\Desktop\\Phase 3\\Backend-ECTY-App\\middlewares\\auth.js","statementMap":{"0":{"start":{"line":1,"column":12},"end":{"line":1,"column":35}},"1":{"start":{"line":2,"column":28},"end":{"line":2,"column":48}},"2":{"start":{"line":4,"column":0},"end":{"line":34,"column":1}},"3":{"start":{"line":6,"column":8},"end":{"line":10,"column":9}},"4":{"start":{"line":7,"column":12},"end":{"line":9,"column":14}},"5":{"start":{"line":11,"column":8},"end":{"line":29,"column":9}},"6":{"start":{"line":12,"column":28},"end":{"line":12,"column":88}},"7":{"start":{"line":13,"column":12},"end":{"line":23,"column":14}},"8":{"start":{"line":15,"column":16},"end":{"line":22,"column":17}},"9":{"start":{"line":16,"column":20},"end":{"line":16,"column":40}},"10":{"start":{"line":17,"column":20},"end":{"line":17,"column":26}},"11":{"start":{"line":19,"column":20},"end":{"line":21,"column":22}},"12":{"start":{"line":25,"column":12},"end":{"line":27,"column":14}}},"fnMap":{"0":{"name":"(anonymous_0)","decl":{"start":{"line":5,"column":4},"end":{"line":5,"column":5}},"loc":{"start":{"line":5,"column":35},"end":{"line":30,"column":5}},"line":5},"1":{"name":"(anonymous_1)","decl":{"start":{"line":14,"column":18},"end":{"line":14,"column":19}},"loc":{"start":{"line":14,"column":25},"end":{"line":23,"column":13}},"line":14},"2":{"name":"(anonymous_2)","decl":{"start":{"line":31,"column":4},"end":{"line":31,"column":5}},"loc":{"start":{"line":31,"column":48},"end":{"line":33,"column":5}},"line":31}},"branchMap":{"0":{"loc":{"start":{"line":6,"column":8},"end":{"line":10,"column":9}},"type":"if","locations":[{"start":{"line":6,"column":8},"end":{"line":10,"column":9}},{"start":{},"end":{}}],"line":6},"1":{"loc":{"start":{"line":15,"column":16},"end":{"line":22,"column":17}},"type":"if","locations":[{"start":{"line":15,"column":16},"end":{"line":22,"column":17}},{"start":{"line":18,"column":21},"end":{"line":22,"column":17}}],"line":15}},"s":{"0":1,"1":1,"2":1,"3":0,"4":0,"5":0,"6":0,"7":0,"8":0,"9":0,"10":0,"11":0,"12":0},"f":{"0":0,"1":0,"2":0},"b":{"0":[0,0],"1":[0,0]},"_coverageSchema":"1a1c01bbd47fc00a2c39e90264f33305004495a9","hash":"46511dd7c867f7472c91c99d3f1911c795329b66"}
,"C:\\Users\\Bayu Indra Pratama\\Desktop\\Phase 3\\Backend-ECTY-App\\middlewares\\errHandler.js": {"path":"C:\\Users\\Bayu Indra Pratama\\Desktop\\Phase 3\\Backend-ECTY-App\\middlewares\\errHandler.js","statementMap":{"0":{"start":{"line":2,"column":17},"end":{"line":2,"column":27}},"1":{"start":{"line":3,"column":21},"end":{"line":3,"column":50}},"2":{"start":{"line":6,"column":4},"end":{"line":17,"column":5}},"3":{"start":{"line":7,"column":8},"end":{"line":11,"column":10}},"4":{"start":{"line":13,"column":8},"end":{"line":16,"column":10}},"5":{"start":{"line":20,"column":0},"end":{"line":20,"column":28}}},"fnMap":{"0":{"name":"errHandler","decl":{"start":{"line":1,"column":9},"end":{"line":1,"column":19}},"loc":{"start":{"line":1,"column":41},"end":{"line":18,"column":1}},"line":1}},"branchMap":{"0":{"loc":{"start":{"line":3,"column":21},"end":{"line":3,"column":50}},"type":"binary-expr","locations":[{"start":{"line":3,"column":21},"end":{"line":3,"column":35}},{"start":{"line":3,"column":39},"end":{"line":3,"column":50}}],"line":3},"1":{"loc":{"start":{"line":6,"column":4},"end":{"line":17,"column":5}},"type":"if","locations":[{"start":{"line":6,"column":4},"end":{"line":17,"column":5}},{"start":{"line":12,"column":11},"end":{"line":17,"column":5}}],"line":6}},"s":{"0":0,"1":0,"2":0,"3":0,"4":0,"5":1},"f":{"0":0},"b":{"0":[0,0],"1":[0,0]},"_coverageSchema":"1a1c01bbd47fc00a2c39e90264f33305004495a9","hash":"d26be193f81c38838fd52f28d23b21a893a693a3"}
,"C:\\Users\\Bayu Indra Pratama\\Desktop\\Phase 3\\Backend-ECTY-App\\models\\friendlist.js": {"path":"C:\\Users\\Bayu Indra Pratama\\Desktop\\Phase 3\\Backend-ECTY-App\\models\\friendlist.js","statementMap":{"0":{"start":{"line":4,"column":4},"end":{"line":4,"column":24}},"1":{"start":{"line":5,"column":0},"end":{"line":42,"column":2}},"2":{"start":{"line":14,"column":6},"end":{"line":14,"column":77}},"3":{"start":{"line":15,"column":6},"end":{"line":15,"column":80}},"4":{"start":{"line":18,"column":2},"end":{"line":40,"column":5}},"5":{"start":{"line":41,"column":2},"end":{"line":41,"column":20}}},"fnMap":{"0":{"name":"(anonymous_0)","decl":{"start":{"line":5,"column":17},"end":{"line":5,"column":18}},"loc":{"start":{"line":5,"column":43},"end":{"line":42,"column":1}},"line":5},"1":{"name":"(anonymous_1)","decl":{"start":{"line":12,"column":4},"end":{"line":12,"column":5}},"loc":{"start":{"line":12,"column":29},"end":{"line":16,"column":5}},"line":12}},"branchMap":{},"s":{"0":1,"1":1,"2":1,"3":1,"4":1,"5":1},"f":{"0":1,"1":1},"b":{},"_coverageSchema":"1a1c01bbd47fc00a2c39e90264f33305004495a9","hash":"98df4465cc70734ef1d189ef7156ee5ca9933729"}
,"C:\\Users\\Bayu Indra Pratama\\Desktop\\Phase 3\\Backend-ECTY-App\\models\\groupchat.js": {"path":"C:\\Users\\Bayu Indra Pratama\\Desktop\\Phase 3\\Backend-ECTY-App\\models\\groupchat.js","statementMap":{"0":{"start":{"line":4,"column":4},"end":{"line":4,"column":24}},"1":{"start":{"line":5,"column":0},"end":{"line":46,"column":2}},"2":{"start":{"line":14,"column":6},"end":{"line":14,"column":74}},"3":{"start":{"line":17,"column":2},"end":{"line":44,"column":5}},"4":{"start":{"line":45,"column":2},"end":{"line":45,"column":19}}},"fnMap":{"0":{"name":"(anonymous_0)","decl":{"start":{"line":5,"column":17},"end":{"line":5,"column":18}},"loc":{"start":{"line":5,"column":43},"end":{"line":46,"column":1}},"line":5},"1":{"name":"(anonymous_1)","decl":{"start":{"line":12,"column":4},"end":{"line":12,"column":5}},"loc":{"start":{"line":12,"column":29},"end":{"line":15,"column":5}},"line":12}},"branchMap":{},"s":{"0":1,"1":1,"2":1,"3":1,"4":1},"f":{"0":1,"1":1},"b":{},"_coverageSchema":"1a1c01bbd47fc00a2c39e90264f33305004495a9","hash":"97db05b7119f00629bd57c15a6e96587874da374"}
,"C:\\Users\\Bayu Indra Pratama\\Desktop\\Phase 3\\Backend-ECTY-App\\models\\groupmember.js": {"path":"C:\\Users\\Bayu Indra Pratama\\Desktop\\Phase 3\\Backend-ECTY-App\\models\\groupmember.js","statementMap":{"0":{"start":{"line":4,"column":4},"end":{"line":4,"column":24}},"1":{"start":{"line":5,"column":0},"end":{"line":43,"column":2}},"2":{"start":{"line":14,"column":6},"end":{"line":14,"column":79}},"3":{"start":{"line":15,"column":6},"end":{"line":15,"column":76}},"4":{"start":{"line":16,"column":6},"end":{"line":16,"column":66}},"5":{"start":{"line":19,"column":2},"end":{"line":41,"column":5}},"6":{"start":{"line":42,"column":2},"end":{"line":42,"column":21}}},"fnMap":{"0":{"name":"(anonymous_0)","decl":{"start":{"line":5,"column":17},"end":{"line":5,"column":18}},"loc":{"start":{"line":5,"column":43},"end":{"line":43,"column":1}},"line":5},"1":{"name":"(anonymous_1)","decl":{"start":{"line":12,"column":4},"end":{"line":12,"column":5}},"loc":{"start":{"line":12,"column":29},"end":{"line":17,"column":5}},"line":12}},"branchMap":{},"s":{"0":1,"1":1,"2":1,"3":1,"4":1,"5":1,"6":1},"f":{"0":1,"1":1},"b":{},"_coverageSchema":"1a1c01bbd47fc00a2c39e90264f33305004495a9","hash":"ab4702a6678232da31a62bcb5379d5b3fb9a881a"}
,"C:\\Users\\Bayu Indra Pratama\\Desktop\\Phase 3\\Backend-ECTY-App\\models\\groupmessage.js": {"path":"C:\\Users\\Bayu Indra Pratama\\Desktop\\Phase 3\\Backend-ECTY-App\\models\\groupmessage.js","statementMap":{"0":{"start":{"line":4,"column":4},"end":{"line":4,"column":24}},"1":{"start":{"line":5,"column":0},"end":{"line":33,"column":2}},"2":{"start":{"line":14,"column":6},"end":{"line":14,"column":81}},"3":{"start":{"line":17,"column":2},"end":{"line":31,"column":5}},"4":{"start":{"line":32,"column":2},"end":{"line":32,"column":22}}},"fnMap":{"0":{"name":"(anonymous_0)","decl":{"start":{"line":5,"column":17},"end":{"line":5,"column":18}},"loc":{"start":{"line":5,"column":43},"end":{"line":33,"column":1}},"line":5},"1":{"name":"(anonymous_1)","decl":{"start":{"line":12,"column":4},"end":{"line":12,"column":5}},"loc":{"start":{"line":12,"column":29},"end":{"line":15,"column":5}},"line":12}},"branchMap":{},"s":{"0":1,"1":1,"2":1,"3":1,"4":1},"f":{"0":1,"1":1},"b":{},"_coverageSchema":"1a1c01bbd47fc00a2c39e90264f33305004495a9","hash":"3dd105d76cb4ba73d678162fe86d32ddd4519eff"}
,"C:\\Users\\Bayu Indra Pratama\\Desktop\\Phase 3\\Backend-ECTY-App\\models\\index.js": {"path":"C:\\Users\\Bayu Indra Pratama\\Desktop\\Phase 3\\Backend-ECTY-App\\models\\index.js","statementMap":{"0":{"start":{"line":3,"column":11},"end":{"line":3,"column":24}},"1":{"start":{"line":4,"column":13},"end":{"line":4,"column":28}},"2":{"start":{"line":5,"column":18},"end":{"line":5,"column":38}},"3":{"start":{"line":6,"column":17},"end":{"line":6,"column":42}},"4":{"start":{"line":7,"column":12},"end":{"line":7,"column":49}},"5":{"start":{"line":8,"column":15},"end":{"line":8,"column":65}},"6":{"start":{"line":9,"column":11},"end":{"line":9,"column":13}},"7":{"start":{"line":12,"column":0},"end":{"line":16,"column":1}},"8":{"start":{"line":13,"column":2},"end":{"line":13,"column":74}},"9":{"start":{"line":15,"column":2},"end":{"line":15,"column":87}},"10":{"start":{"line":18,"column":0},"end":{"line":26,"column":5}},"11":{"start":{"line":21,"column":4},"end":{"line":21,"column":90}},"12":{"start":{"line":24,"column":18},"end":{"line":24,"column":85}},"13":{"start":{"line":25,"column":4},"end":{"line":25,"column":27}},"14":{"start":{"line":28,"column":0},"end":{"line":32,"column":3}},"15":{"start":{"line":29,"column":2},"end":{"line":31,"column":3}},"16":{"start":{"line":30,"column":4},"end":{"line":30,"column":32}},"17":{"start":{"line":34,"column":0},"end":{"line":34,"column":25}},"18":{"start":{"line":35,"column":0},"end":{"line":35,"column":25}},"19":{"start":{"line":37,"column":0},"end":{"line":37,"column":20}}},"fnMap":{"0":{"name":"(anonymous_0)","decl":{"start":{"line":20,"column":10},"end":{"line":20,"column":11}},"loc":{"start":{"line":20,"column":18},"end":{"line":22,"column":3}},"line":20},"1":{"name":"(anonymous_1)","decl":{"start":{"line":23,"column":11},"end":{"line":23,"column":12}},"loc":{"start":{"line":23,"column":19},"end":{"line":26,"column":3}},"line":23},"2":{"name":"(anonymous_2)","decl":{"start":{"line":28,"column":24},"end":{"line":28,"column":25}},"loc":{"start":{"line":28,"column":37},"end":{"line":32,"column":1}},"line":28}},"branchMap":{"0":{"loc":{"start":{"line":7,"column":12},"end":{"line":7,"column":49}},"type":"binary-expr","locations":[{"start":{"line":7,"column":12},"end":{"line":7,"column":32}},{"start":{"line":7,"column":36},"end":{"line":7,"column":49}}],"line":7},"1":{"loc":{"start":{"line":12,"column":0},"end":{"line":16,"column":1}},"type":"if","locations":[{"start":{"line":12,"column":0},"end":{"line":16,"column":1}},{"start":{"line":14,"column":7},"end":{"line":16,"column":1}}],"line":12},"2":{"loc":{"start":{"line":21,"column":11},"end":{"line":21,"column":89}},"type":"binary-expr","locations":[{"start":{"line":21,"column":12},"end":{"line":21,"column":35}},{"start":{"line":21,"column":41},"end":{"line":21,"column":58}},{"start":{"line":21,"column":64},"end":{"line":21,"column":88}}],"line":21},"3":{"loc":{"start":{"line":29,"column":2},"end":{"line":31,"column":3}},"type":"if","locations":[{"start":{"line":29,"column":2},"end":{"line":31,"column":3}},{"start":{},"end":{}}],"line":29}},"s":{"0":1,"1":1,"2":1,"3":1,"4":1,"5":1,"6":1,"7":1,"8":0,"9":1,"10":1,"11":11,"12":10,"13":10,"14":1,"15":10,"16":10,"17":1,"18":1,"19":1},"f":{"0":11,"1":10,"2":10},"b":{"0":[1,0],"1":[0,1],"2":[11,11,10],"3":[10,0]},"_coverageSchema":"1a1c01bbd47fc00a2c39e90264f33305004495a9","hash":"a4ad84c1ed3fb23d3a0393606998dc033f7c979c"}
,"C:\\Users\\Bayu Indra Pratama\\Desktop\\Phase 3\\Backend-ECTY-App\\models\\itinerary.js": {"path":"C:\\Users\\Bayu Indra Pratama\\Desktop\\Phase 3\\Backend-ECTY-App\\models\\itinerary.js","statementMap":{"0":{"start":{"line":4,"column":4},"end":{"line":4,"column":24}},"1":{"start":{"line":5,"column":0},"end":{"line":98,"column":2}},"2":{"start":{"line":14,"column":6},"end":{"line":14,"column":71}},"3":{"start":{"line":15,"column":6},"end":{"line":15,"column":77}},"4":{"start":{"line":16,"column":6},"end":{"line":16,"column":86}},"5":{"start":{"line":17,"column":6},"end":{"line":17,"column":64}},"6":{"start":{"line":20,"column":2},"end":{"line":96,"column":5}},"7":{"start":{"line":97,"column":2},"end":{"line":97,"column":19}}},"fnMap":{"0":{"name":"(anonymous_0)","decl":{"start":{"line":5,"column":17},"end":{"line":5,"column":18}},"loc":{"start":{"line":5,"column":43},"end":{"line":98,"column":1}},"line":5},"1":{"name":"(anonymous_1)","decl":{"start":{"line":12,"column":4},"end":{"line":12,"column":5}},"loc":{"start":{"line":12,"column":29},"end":{"line":18,"column":5}},"line":12}},"branchMap":{},"s":{"0":1,"1":1,"2":1,"3":1,"4":1,"5":1,"6":1,"7":1},"f":{"0":1,"1":1},"b":{},"_coverageSchema":"1a1c01bbd47fc00a2c39e90264f33305004495a9","hash":"176054e11cf5551bf16811f1f6c752fba19f6ea0"}
,"C:\\Users\\Bayu Indra Pratama\\Desktop\\Phase 3\\Backend-ECTY-App\\models\\itineraryplace.js": {"path":"C:\\Users\\Bayu Indra Pratama\\Desktop\\Phase 3\\Backend-ECTY-App\\models\\itineraryplace.js","statementMap":{"0":{"start":{"line":4,"column":4},"end":{"line":4,"column":24}},"1":{"start":{"line":5,"column":0},"end":{"line":75,"column":2}},"2":{"start":{"line":14,"column":6},"end":{"line":14,"column":79}},"3":{"start":{"line":17,"column":2},"end":{"line":73,"column":5}},"4":{"start":{"line":74,"column":2},"end":{"line":74,"column":24}}},"fnMap":{"0":{"name":"(anonymous_0)","decl":{"start":{"line":5,"column":17},"end":{"line":5,"column":18}},"loc":{"start":{"line":5,"column":43},"end":{"line":75,"column":1}},"line":5},"1":{"name":"(anonymous_1)","decl":{"start":{"line":12,"column":4},"end":{"line":12,"column":5}},"loc":{"start":{"line":12,"column":29},"end":{"line":15,"column":5}},"line":12}},"branchMap":{},"s":{"0":1,"1":1,"2":1,"3":1,"4":1},"f":{"0":1,"1":1},"b":{},"_coverageSchema":"1a1c01bbd47fc00a2c39e90264f33305004495a9","hash":"8736d14cfc7d8778d8aee275258a417d24118a13"}
,"C:\\Users\\Bayu Indra Pratama\\Desktop\\Phase 3\\Backend-ECTY-App\\models\\itinerarytransportation.js": {"path":"C:\\Users\\Bayu Indra Pratama\\Desktop\\Phase 3\\Backend-ECTY-App\\models\\itinerarytransportation.js","statementMap":{"0":{"start":{"line":4,"column":4},"end":{"line":4,"column":24}},"1":{"start":{"line":5,"column":0},"end":{"line":62,"column":2}},"2":{"start":{"line":14,"column":6},"end":{"line":14,"column":88}},"3":{"start":{"line":17,"column":2},"end":{"line":60,"column":5}},"4":{"start":{"line":61,"column":2},"end":{"line":61,"column":33}}},"fnMap":{"0":{"name":"(anonymous_0)","decl":{"start":{"line":5,"column":17},"end":{"line":5,"column":18}},"loc":{"start":{"line":5,"column":43},"end":{"line":62,"column":1}},"line":5},"1":{"name":"(anonymous_1)","decl":{"start":{"line":12,"column":4},"end":{"line":12,"column":5}},"loc":{"start":{"line":12,"column":29},"end":{"line":15,"column":5}},"line":12}},"branchMap":{},"s":{"0":1,"1":1,"2":1,"3":1,"4":1},"f":{"0":1,"1":1},"b":{},"_coverageSchema":"1a1c01bbd47fc00a2c39e90264f33305004495a9","hash":"40281d068b1d694b67530dcdb3c4ecdc6bfc0116"}
,"C:\\Users\\Bayu Indra Pratama\\Desktop\\Phase 3\\Backend-ECTY-App\\models\\user.js": {"path":"C:\\Users\\Bayu Indra Pratama\\Desktop\\Phase 3\\Backend-ECTY-App\\models\\user.js","statementMap":{"0":{"start":{"line":4,"column":4},"end":{"line":4,"column":24}},"1":{"start":{"line":5,"column":20},"end":{"line":5,"column":48}},"2":{"start":{"line":6,"column":0},"end":{"line":83,"column":2}},"3":{"start":{"line":15,"column":6},"end":{"line":15,"column":63}},"4":{"start":{"line":16,"column":6},"end":{"line":16,"column":65}},"5":{"start":{"line":17,"column":6},"end":{"line":17,"column":69}},"6":{"start":{"line":18,"column":6},"end":{"line":18,"column":64}},"7":{"start":{"line":19,"column":6},"end":{"line":19,"column":62}},"8":{"start":{"line":22,"column":2},"end":{"line":81,"column":5}},"9":{"start":{"line":76,"column":8},"end":{"line":76,"column":46}},"10":{"start":{"line":82,"column":2},"end":{"line":82,"column":14}}},"fnMap":{"0":{"name":"(anonymous_0)","decl":{"start":{"line":6,"column":17},"end":{"line":6,"column":18}},"loc":{"start":{"line":6,"column":43},"end":{"line":83,"column":1}},"line":6},"1":{"name":"(anonymous_1)","decl":{"start":{"line":13,"column":4},"end":{"line":13,"column":5}},"loc":{"start":{"line":13,"column":29},"end":{"line":20,"column":5}},"line":13},"2":{"name":"(anonymous_2)","decl":{"start":{"line":75,"column":20},"end":{"line":75,"column":21}},"loc":{"start":{"line":75,"column":30},"end":{"line":77,"column":7}},"line":75}},"branchMap":{},"s":{"0":1,"1":1,"2":1,"3":1,"4":1,"5":1,"6":1,"7":1,"8":1,"9":0,"10":1},"f":{"0":1,"1":1,"2":0},"b":{},"_coverageSchema":"1a1c01bbd47fc00a2c39e90264f33305004495a9","hash":"76195be3fa7bde84f9dcd938e5a49e0d319f0cd4"}
,"C:\\Users\\Bayu Indra Pratama\\Desktop\\Phase 3\\Backend-ECTY-App\\models\\usernotification.js": {"path":"C:\\Users\\Bayu Indra Pratama\\Desktop\\Phase 3\\Backend-ECTY-App\\models\\usernotification.js","statementMap":{"0":{"start":{"line":4,"column":4},"end":{"line":4,"column":24}},"1":{"start":{"line":5,"column":0},"end":{"line":48,"column":2}},"2":{"start":{"line":14,"column":6},"end":{"line":14,"column":71}},"3":{"start":{"line":17,"column":2},"end":{"line":46,"column":5}},"4":{"start":{"line":47,"column":2},"end":{"line":47,"column":26}}},"fnMap":{"0":{"name":"(anonymous_0)","decl":{"start":{"line":5,"column":17},"end":{"line":5,"column":18}},"loc":{"start":{"line":5,"column":43},"end":{"line":48,"column":1}},"line":5},"1":{"name":"(anonymous_1)","decl":{"start":{"line":12,"column":4},"end":{"line":12,"column":5}},"loc":{"start":{"line":12,"column":29},"end":{"line":15,"column":5}},"line":12}},"branchMap":{},"s":{"0":1,"1":1,"2":1,"3":1,"4":1},"f":{"0":1,"1":1},"b":{},"_coverageSchema":"1a1c01bbd47fc00a2c39e90264f33305004495a9","hash":"2e44f2be6187aea67a81d8180c9ed63f7b9aef76"}
,"C:\\Users\\Bayu Indra Pratama\\Desktop\\Phase 3\\Backend-ECTY-App\\models\\userverification.js": {"path":"C:\\Users\\Bayu Indra Pratama\\Desktop\\Phase 3\\Backend-ECTY-App\\models\\userverification.js","statementMap":{"0":{"start":{"line":4,"column":4},"end":{"line":4,"column":24}},"1":{"start":{"line":5,"column":0},"end":{"line":51,"column":2}},"2":{"start":{"line":16,"column":2},"end":{"line":49,"column":5}},"3":{"start":{"line":50,"column":2},"end":{"line":50,"column":26}}},"fnMap":{"0":{"name":"(anonymous_0)","decl":{"start":{"line":5,"column":17},"end":{"line":5,"column":18}},"loc":{"start":{"line":5,"column":43},"end":{"line":51,"column":1}},"line":5},"1":{"name":"(anonymous_1)","decl":{"start":{"line":12,"column":4},"end":{"line":12,"column":5}},"loc":{"start":{"line":12,"column":29},"end":{"line":14,"column":5}},"line":12}},"branchMap":{},"s":{"0":1,"1":1,"2":1,"3":1},"f":{"0":1,"1":1},"b":{},"_coverageSchema":"1a1c01bbd47fc00a2c39e90264f33305004495a9","hash":"86966fba9163f62ef0c4eb64c5b3a72192f36cce"}
,"C:\\Users\\Bayu Indra Pratama\\Desktop\\Phase 3\\Backend-ECTY-App\\routes\\User.js": {"path":"C:\\Users\\Bayu Indra Pratama\\Desktop\\Phase 3\\Backend-ECTY-App\\routes\\User.js","statementMap":{"0":{"start":{"line":1,"column":23},"end":{"line":1,"column":64}},"1":{"start":{"line":3,"column":15},"end":{"line":3,"column":42}},"2":{"start":{"line":6,"column":0},"end":{"line":6,"column":42}},"3":{"start":{"line":7,"column":0},"end":{"line":7,"column":45}},"4":{"start":{"line":8,"column":0},"end":{"line":8,"column":47}},"5":{"start":{"line":9,"column":0},"end":{"line":9,"column":48}},"6":{"start":{"line":11,"column":0},"end":{"line":11,"column":23}}},"fnMap":{},"branchMap":{},"s":{"0":1,"1":1,"2":1,"3":1,"4":1,"5":1,"6":1},"f":{},"b":{},"_coverageSchema":"1a1c01bbd47fc00a2c39e90264f33305004495a9","hash":"2e44fb2b763d4071f1ae3094f766232a27e1ed7c"}
,"C:\\Users\\Bayu Indra Pratama\\Desktop\\Phase 3\\Backend-ECTY-App\\routes\\friendListRouter.js": {"path":"C:\\Users\\Bayu Indra Pratama\\Desktop\\Phase 3\\Backend-ECTY-App\\routes\\friendListRouter.js","statementMap":{"0":{"start":{"line":1,"column":25},"end":{"line":1,"column":52}},"1":{"start":{"line":2,"column":29},"end":{"line":2,"column":75}},"2":{"start":{"line":5,"column":0},"end":{"line":5,"column":61}},"3":{"start":{"line":6,"column":0},"end":{"line":6,"column":65}},"4":{"start":{"line":7,"column":0},"end":{"line":7,"column":66}},"5":{"start":{"line":9,"column":0},"end":{"line":9,"column":33}}},"fnMap":{},"branchMap":{},"s":{"0":1,"1":1,"2":1,"3":1,"4":1,"5":1},"f":{},"b":{},"_coverageSchema":"1a1c01bbd47fc00a2c39e90264f33305004495a9","hash":"fec553865264c6aa79f6a5abfe4c2e1aca723f92"}
,"C:\\Users\\Bayu Indra Pratama\\Desktop\\Phase 3\\Backend-ECTY-App\\routes\\groupMemberRouter.js": {"path":"C:\\Users\\Bayu Indra Pratama\\Desktop\\Phase 3\\Backend-ECTY-App\\routes\\groupMemberRouter.js","statementMap":{"0":{"start":{"line":1,"column":26},"end":{"line":1,"column":53}},"1":{"start":{"line":2,"column":30},"end":{"line":2,"column":77}},"2":{"start":{"line":5,"column":0},"end":{"line":5,"column":77}},"3":{"start":{"line":6,"column":0},"end":{"line":6,"column":83}},"4":{"start":{"line":7,"column":0},"end":{"line":7,"column":73}},"5":{"start":{"line":9,"column":0},"end":{"line":9,"column":34}}},"fnMap":{},"branchMap":{},"s":{"0":1,"1":1,"2":1,"3":1,"4":1,"5":1},"f":{},"b":{},"_coverageSchema":"1a1c01bbd47fc00a2c39e90264f33305004495a9","hash":"7566ae29c1071b4315a88bbf3acbd97078d40fac"}
,"C:\\Users\\Bayu Indra Pratama\\Desktop\\Phase 3\\Backend-ECTY-App\\routes\\index.js": {"path":"C:\\Users\\Bayu Indra Pratama\\Desktop\\Phase 3\\Backend-ECTY-App\\routes\\index.js","statementMap":{"0":{"start":{"line":1,"column":16},"end":{"line":1,"column":34}},"1":{"start":{"line":2,"column":15},"end":{"line":2,"column":31}},"2":{"start":{"line":3,"column":23},"end":{"line":3,"column":64}},"3":{"start":{"line":4,"column":20},"end":{"line":4,"column":56}},"4":{"start":{"line":5,"column":18},"end":{"line":5,"column":45}},"5":{"start":{"line":6,"column":25},"end":{"line":6,"column":54}},"6":{"start":{"line":7,"column":31},"end":{"line":7,"column":66}},"7":{"start":{"line":8,"column":38},"end":{"line":8,"column":80}},"8":{"start":{"line":9,"column":30},"end":{"line":9,"column":64}},"9":{"start":{"line":10,"column":26},"end":{"line":10,"column":56}},"10":{"start":{"line":11,"column":19},"end":{"line":11,"column":36}},"11":{"start":{"line":12,"column":27},"end":{"line":12,"column":57}},"12":{"start":{"line":13,"column":25},"end":{"line":13,"column":58}},"13":{"start":{"line":16,"column":0},"end":{"line":16,"column":49}},"14":{"start":{"line":17,"column":0},"end":{"line":17,"column":43}},"15":{"start":{"line":18,"column":0},"end":{"line":18,"column":47}},"16":{"start":{"line":19,"column":0},"end":{"line":19,"column":26}},"17":{"start":{"line":20,"column":0},"end":{"line":20,"column":37}},"18":{"start":{"line":21,"column":0},"end":{"line":21,"column":35}},"19":{"start":{"line":22,"column":0},"end":{"line":22,"column":43}},"20":{"start":{"line":23,"column":0},"end":{"line":23,"column":55}},"21":{"start":{"line":24,"column":0},"end":{"line":24,"column":69}},"22":{"start":{"line":25,"column":0},"end":{"line":25,"column":53}},"23":{"start":{"line":26,"column":0},"end":{"line":26,"column":45}},"24":{"start":{"line":27,"column":0},"end":{"line":27,"column":32}},"25":{"start":{"line":29,"column":0},"end":{"line":29,"column":23}}},"fnMap":{},"branchMap":{},"s":{"0":1,"1":1,"2":1,"3":1,"4":1,"5":1,"6":1,"7":1,"8":1,"9":1,"10":1,"11":1,"12":1,"13":1,"14":1,"15":1,"16":1,"17":1,"18":1,"19":1,"20":1,"21":1,"22":1,"23":1,"24":1,"25":1},"f":{},"b":{},"_coverageSchema":"1a1c01bbd47fc00a2c39e90264f33305004495a9","hash":"30802fbad5554422d6b4a6687b321c6af1e60122"}
,"C:\\Users\\Bayu Indra Pratama\\Desktop\\Phase 3\\Backend-ECTY-App\\routes\\itineraryPlacesRouter.js": {"path":"C:\\Users\\Bayu Indra Pratama\\Desktop\\Phase 3\\Backend-ECTY-App\\routes\\itineraryPlacesRouter.js","statementMap":{"0":{"start":{"line":1,"column":30},"end":{"line":1,"column":57}},"1":{"start":{"line":2,"column":34},"end":{"line":2,"column":85}},"2":{"start":{"line":5,"column":0},"end":{"line":5,"column":67}},"3":{"start":{"line":6,"column":0},"end":{"line":6,"column":83}},"4":{"start":{"line":7,"column":0},"end":{"line":7,"column":84}},"5":{"start":{"line":8,"column":0},"end":{"line":8,"column":76}},"6":{"start":{"line":10,"column":0},"end":{"line":10,"column":38}}},"fnMap":{},"branchMap":{},"s":{"0":1,"1":1,"2":1,"3":1,"4":1,"5":1,"6":1},"f":{},"b":{},"_coverageSchema":"1a1c01bbd47fc00a2c39e90264f33305004495a9","hash":"a5f0cd7f0c8e8055699d702178e18dc5ceb17647"}
,"C:\\Users\\Bayu Indra Pratama\\Desktop\\Phase 3\\Backend-ECTY-App\\routes\\itineraryTransporationsRouter.js": {"path":"C:\\Users\\Bayu Indra Pratama\\Desktop\\Phase 3\\Backend-ECTY-App\\routes\\itineraryTransporationsRouter.js","statementMap":{"0":{"start":{"line":1,"column":38},"end":{"line":1,"column":65}},"1":{"start":{"line":2,"column":43},"end":{"line":2,"column":103}},"2":{"start":{"line":5,"column":0},"end":{"line":5,"column":84}},"3":{"start":{"line":6,"column":0},"end":{"line":6,"column":109}},"4":{"start":{"line":7,"column":0},"end":{"line":7,"column":110}},"5":{"start":{"line":8,"column":0},"end":{"line":8,"column":102}},"6":{"start":{"line":10,"column":0},"end":{"line":10,"column":46}}},"fnMap":{},"branchMap":{},"s":{"0":1,"1":1,"2":1,"3":1,"4":1,"5":1,"6":1},"f":{},"b":{},"_coverageSchema":"1a1c01bbd47fc00a2c39e90264f33305004495a9","hash":"b836836223b1b96e22cf171c69d00166358c24a8"}
,"C:\\Users\\Bayu Indra Pratama\\Desktop\\Phase 3\\Backend-ECTY-App\\routes\\userNotificationRouter.js": {"path":"C:\\Users\\Bayu Indra Pratama\\Desktop\\Phase 3\\Backend-ECTY-App\\routes\\userNotificationRouter.js","statementMap":{"0":{"start":{"line":1,"column":31},"end":{"line":1,"column":58}},"1":{"start":{"line":2,"column":35},"end":{"line":2,"column":87}},"2":{"start":{"line":5,"column":0},"end":{"line":5,"column":76}},"3":{"start":{"line":6,"column":0},"end":{"line":6,"column":77}},"4":{"start":{"line":7,"column":0},"end":{"line":7,"column":84}},"5":{"start":{"line":8,"column":0},"end":{"line":8,"column":80}},"6":{"start":{"line":9,"column":0},"end":{"line":9,"column":39}}},"fnMap":{},"branchMap":{},"s":{"0":1,"1":1,"2":1,"3":1,"4":1,"5":1,"6":1},"f":{},"b":{},"_coverageSchema":"1a1c01bbd47fc00a2c39e90264f33305004495a9","hash":"df40eec89a9afff11f8710899c188e13b081449a"}
,"C:\\Users\\Bayu Indra Pratama\\Desktop\\Phase 3\\Backend-ECTY-App\\routes\\verificationRoute.js": {"path":"C:\\Users\\Bayu Indra Pratama\\Desktop\\Phase 3\\Backend-ECTY-App\\routes\\verificationRoute.js","statementMap":{"0":{"start":{"line":1,"column":31},"end":{"line":1,"column":77}},"1":{"start":{"line":2,"column":15},"end":{"line":2,"column":42}},"2":{"start":{"line":5,"column":0},"end":{"line":5,"column":67}},"3":{"start":{"line":6,"column":0},"end":{"line":6,"column":82}},"4":{"start":{"line":7,"column":0},"end":{"line":7,"column":52}},"5":{"start":{"line":10,"column":0},"end":{"line":10,"column":23}}},"fnMap":{},"branchMap":{},"s":{"0":1,"1":1,"2":1,"3":1,"4":1,"5":1},"f":{},"b":{},"_coverageSchema":"1a1c01bbd47fc00a2c39e90264f33305004495a9","hash":"3fc321eec2ceb95a40d54278ff01b9606e48ef47"}
,"C:\\Users\\Bayu Indra Pratama\\Desktop\\Phase 3\\Backend-ECTY-App\\routes\\GroupChatRoute\\index.js": {"path":"C:\\Users\\Bayu Indra Pratama\\Desktop\\Phase 3\\Backend-ECTY-App\\routes\\GroupChatRoute\\index.js","statementMap":{"0":{"start":{"line":1,"column":28},"end":{"line":1,"column":76}},"1":{"start":{"line":3,"column":18},"end":{"line":3,"column":45}},"2":{"start":{"line":5,"column":0},"end":{"line":5,"column":48}},"3":{"start":{"line":6,"column":0},"end":{"line":6,"column":51}},"4":{"start":{"line":7,"column":0},"end":{"line":7,"column":49}},"5":{"start":{"line":8,"column":0},"end":{"line":8,"column":52}},"6":{"start":{"line":10,"column":0},"end":{"line":10,"column":26}}},"fnMap":{},"branchMap":{},"s":{"0":1,"1":1,"2":1,"3":1,"4":1,"5":1,"6":1},"f":{},"b":{},"_coverageSchema":"1a1c01bbd47fc00a2c39e90264f33305004495a9","hash":"44e1b89af4cfda181aa50d5f21ecfa9f2e445f86"}
,"C:\\Users\\Bayu Indra Pratama\\Desktop\\Phase 3\\Backend-ECTY-App\\routes\\ItineraryRoute\\index.js": {"path":"C:\\Users\\Bayu Indra Pratama\\Desktop\\Phase 3\\Backend-ECTY-App\\routes\\ItineraryRoute\\index.js","statementMap":{"0":{"start":{"line":1,"column":28},"end":{"line":1,"column":76}},"1":{"start":{"line":3,"column":20},"end":{"line":3,"column":47}},"2":{"start":{"line":5,"column":0},"end":{"line":5,"column":28}},"3":{"start":{"line":7,"column":0},"end":{"line":7,"column":59}},"4":{"start":{"line":8,"column":0},"end":{"line":8,"column":55}},"5":{"start":{"line":9,"column":0},"end":{"line":9,"column":53}},"6":{"start":{"line":10,"column":0},"end":{"line":10,"column":51}},"7":{"start":{"line":11,"column":0},"end":{"line":11,"column":54}},"8":{"start":{"line":12,"column":0},"end":{"line":12,"column":69}},"9":{"start":{"line":15,"column":0},"end":{"line":15,"column":28}}},"fnMap":{},"branchMap":{},"s":{"0":1,"1":1,"2":1,"3":1,"4":1,"5":1,"6":1,"7":1,"8":1,"9":1},"f":{},"b":{},"_coverageSchema":"1a1c01bbd47fc00a2c39e90264f33305004495a9","hash":"b5a0056b3ca8635d4a83b1bb39f242aa368b4867"}
}
