{"D:\\Hacktive8\\Phase3\\ProjectETCY\\Backend-ETCY-App\\app.js": {"path":"D:\\Hacktive8\\Phase3\\ProjectETCY\\Backend-ETCY-App\\app.js","statementMap":{"0":{"start":{"line":1,"column":0},"end":{"line":1,"column":69}},"1":{"start":{"line":1,"column":42},"end":{"line":1,"column":69}},"2":{"start":{"line":2,"column":16},"end":{"line":2,"column":34}},"3":{"start":{"line":3,"column":12},"end":{"line":3,"column":21}},"4":{"start":{"line":5,"column":15},"end":{"line":5,"column":40}},"5":{"start":{"line":6,"column":19},"end":{"line":6,"column":55}},"6":{"start":{"line":7,"column":13},"end":{"line":7,"column":29}},"7":{"start":{"line":10,"column":0},"end":{"line":10,"column":15}},"8":{"start":{"line":11,"column":0},"end":{"line":11,"column":47}},"9":{"start":{"line":12,"column":0},"end":{"line":12,"column":23}},"10":{"start":{"line":14,"column":0},"end":{"line":14,"column":20}},"11":{"start":{"line":16,"column":0},"end":{"line":16,"column":19}},"12":{"start":{"line":22,"column":0},"end":{"line":22,"column":20}}},"fnMap":{},"branchMap":{"0":{"loc":{"start":{"line":1,"column":0},"end":{"line":1,"column":69}},"type":"if","locations":[{"start":{"line":1,"column":0},"end":{"line":1,"column":69}},{"start":{},"end":{}}],"line":1}},"s":{"0":1,"1":1,"2":1,"3":1,"4":1,"5":1,"6":1,"7":1,"8":1,"9":1,"10":1,"11":1,"12":1},"f":{},"b":{"0":[1,0]},"_coverageSchema":"1a1c01bbd47fc00a2c39e90264f33305004495a9","hash":"51abe7fa86e7e2d8a125e1b094f1d121187deb4d"}
,"D:\\Hacktive8\\Phase3\\ProjectETCY\\Backend-ETCY-App\\controllers\\GroupChatController.js": {"path":"D:\\Hacktive8\\Phase3\\ProjectETCY\\Backend-ETCY-App\\controllers\\GroupChatController.js","statementMap":{"0":{"start":{"line":1,"column":20},"end":{"line":1,"column":49}},"1":{"start":{"line":8,"column":21},"end":{"line":12,"column":9}},"2":{"start":{"line":13,"column":8},"end":{"line":13,"column":25}},"3":{"start":{"line":14,"column":8},"end":{"line":24,"column":14}},"4":{"start":{"line":16,"column":16},"end":{"line":19,"column":18}},"5":{"start":{"line":22,"column":16},"end":{"line":22,"column":32}},"6":{"start":{"line":23,"column":16},"end":{"line":23,"column":41}},"7":{"start":{"line":29,"column":17},"end":{"line":29,"column":30}},"8":{"start":{"line":31,"column":8},"end":{"line":41,"column":14}},"9":{"start":{"line":35,"column":16},"end":{"line":37,"column":18}},"10":{"start":{"line":40,"column":16},"end":{"line":40,"column":46}},"11":{"start":{"line":45,"column":17},"end":{"line":45,"column":30}},"12":{"start":{"line":46,"column":36},"end":{"line":46,"column":44}},"13":{"start":{"line":47,"column":8},"end":{"line":61,"column":14}},"14":{"start":{"line":49,"column":16},"end":{"line":57,"column":17}},"15":{"start":{"line":50,"column":20},"end":{"line":52,"column":22}},"16":{"start":{"line":54,"column":20},"end":{"line":56,"column":22}},"17":{"start":{"line":60,"column":16},"end":{"line":60,"column":32}},"18":{"start":{"line":65,"column":17},"end":{"line":65,"column":30}},"19":{"start":{"line":67,"column":8},"end":{"line":83,"column":10}},"20":{"start":{"line":71,"column":12},"end":{"line":79,"column":13}},"21":{"start":{"line":72,"column":16},"end":{"line":74,"column":18}},"22":{"start":{"line":76,"column":16},"end":{"line":78,"column":18}},"23":{"start":{"line":82,"column":12},"end":{"line":82,"column":28}},"24":{"start":{"line":88,"column":0},"end":{"line":88,"column":36}}},"fnMap":{"0":{"name":"(anonymous_0)","decl":{"start":{"line":6,"column":4},"end":{"line":6,"column":5}},"loc":{"start":{"line":6,"column":40},"end":{"line":26,"column":5}},"line":6},"1":{"name":"(anonymous_1)","decl":{"start":{"line":15,"column":18},"end":{"line":15,"column":19}},"loc":{"start":{"line":15,"column":26},"end":{"line":20,"column":13}},"line":15},"2":{"name":"(anonymous_2)","decl":{"start":{"line":21,"column":19},"end":{"line":21,"column":20}},"loc":{"start":{"line":21,"column":26},"end":{"line":24,"column":13}},"line":21},"3":{"name":"(anonymous_3)","decl":{"start":{"line":28,"column":4},"end":{"line":28,"column":5}},"loc":{"start":{"line":28,"column":36},"end":{"line":42,"column":5}},"line":28},"4":{"name":"(anonymous_4)","decl":{"start":{"line":34,"column":18},"end":{"line":34,"column":19}},"loc":{"start":{"line":34,"column":26},"end":{"line":38,"column":13}},"line":34},"5":{"name":"(anonymous_5)","decl":{"start":{"line":39,"column":19},"end":{"line":39,"column":20}},"loc":{"start":{"line":39,"column":26},"end":{"line":41,"column":13}},"line":39},"6":{"name":"(anonymous_6)","decl":{"start":{"line":44,"column":4},"end":{"line":44,"column":5}},"loc":{"start":{"line":44,"column":34},"end":{"line":62,"column":5}},"line":44},"7":{"name":"(anonymous_7)","decl":{"start":{"line":48,"column":18},"end":{"line":48,"column":19}},"loc":{"start":{"line":48,"column":26},"end":{"line":58,"column":13}},"line":48},"8":{"name":"(anonymous_8)","decl":{"start":{"line":59,"column":19},"end":{"line":59,"column":20}},"loc":{"start":{"line":59,"column":25},"end":{"line":61,"column":13}},"line":59},"9":{"name":"(anonymous_9)","decl":{"start":{"line":64,"column":4},"end":{"line":64,"column":5}},"loc":{"start":{"line":64,"column":34},"end":{"line":84,"column":5}},"line":64},"10":{"name":"(anonymous_10)","decl":{"start":{"line":70,"column":14},"end":{"line":70,"column":15}},"loc":{"start":{"line":70,"column":21},"end":{"line":80,"column":9}},"line":70},"11":{"name":"(anonymous_11)","decl":{"start":{"line":81,"column":15},"end":{"line":81,"column":16}},"loc":{"start":{"line":81,"column":21},"end":{"line":83,"column":9}},"line":81}},"branchMap":{"0":{"loc":{"start":{"line":49,"column":16},"end":{"line":57,"column":17}},"type":"if","locations":[{"start":{"line":49,"column":16},"end":{"line":57,"column":17}},{"start":{"line":53,"column":23},"end":{"line":57,"column":17}}],"line":49},"1":{"loc":{"start":{"line":71,"column":12},"end":{"line":79,"column":13}},"type":"if","locations":[{"start":{"line":71,"column":12},"end":{"line":79,"column":13}},{"start":{"line":75,"column":19},"end":{"line":79,"column":13}}],"line":71}},"s":{"0":1,"1":0,"2":0,"3":0,"4":0,"5":0,"6":0,"7":0,"8":0,"9":0,"10":0,"11":0,"12":0,"13":0,"14":0,"15":0,"16":0,"17":0,"18":0,"19":0,"20":0,"21":0,"22":0,"23":0,"24":1},"f":{"0":0,"1":0,"2":0,"3":0,"4":0,"5":0,"6":0,"7":0,"8":0,"9":0,"10":0,"11":0},"b":{"0":[0,0],"1":[0,0]},"_coverageSchema":"1a1c01bbd47fc00a2c39e90264f33305004495a9","hash":"499f89f8ee28d34f1f4580d38acd55e3745f6dd3"}
,"D:\\Hacktive8\\Phase3\\ProjectETCY\\Backend-ETCY-App\\controllers\\ItineraryController.js": {"path":"D:\\Hacktive8\\Phase3\\ProjectETCY\\Backend-ETCY-App\\controllers\\ItineraryController.js","statementMap":{"0":{"start":{"line":1,"column":85},"end":{"line":1,"column":114}},"1":{"start":{"line":8,"column":30},"end":{"line":18,"column":9}},"2":{"start":{"line":21,"column":8},"end":{"line":58,"column":9}},"3":{"start":{"line":23,"column":32},"end":{"line":23,"column":69}},"4":{"start":{"line":27,"column":25},"end":{"line":31,"column":14}},"5":{"start":{"line":33,"column":26},"end":{"line":42,"column":14}},"6":{"start":{"line":44,"column":35},"end":{"line":52,"column":14}},"7":{"start":{"line":54,"column":12},"end":{"line":54,"column":90}},"8":{"start":{"line":57,"column":12},"end":{"line":57,"column":23}},"9":{"start":{"line":62,"column":17},"end":{"line":62,"column":30}},"10":{"start":{"line":64,"column":8},"end":{"line":74,"column":14}},"11":{"start":{"line":68,"column":16},"end":{"line":70,"column":18}},"12":{"start":{"line":73,"column":16},"end":{"line":73,"column":25}},"13":{"start":{"line":78,"column":17},"end":{"line":78,"column":30}},"14":{"start":{"line":79,"column":83},"end":{"line":79,"column":91}},"15":{"start":{"line":80,"column":21},"end":{"line":80,"column":27}},"16":{"start":{"line":81,"column":8},"end":{"line":95,"column":14}},"17":{"start":{"line":83,"column":16},"end":{"line":91,"column":17}},"18":{"start":{"line":84,"column":20},"end":{"line":86,"column":22}},"19":{"start":{"line":88,"column":20},"end":{"line":90,"column":22}},"20":{"start":{"line":94,"column":16},"end":{"line":94,"column":25}},"21":{"start":{"line":99,"column":17},"end":{"line":99,"column":30}},"22":{"start":{"line":101,"column":8},"end":{"line":117,"column":14}},"23":{"start":{"line":105,"column":16},"end":{"line":113,"column":17}},"24":{"start":{"line":106,"column":20},"end":{"line":108,"column":22}},"25":{"start":{"line":110,"column":20},"end":{"line":112,"column":22}},"26":{"start":{"line":116,"column":16},"end":{"line":116,"column":25}},"27":{"start":{"line":121,"column":0},"end":{"line":121,"column":36}}},"fnMap":{"0":{"name":"(anonymous_0)","decl":{"start":{"line":6,"column":4},"end":{"line":6,"column":5}},"loc":{"start":{"line":6,"column":46},"end":{"line":59,"column":5}},"line":6},"1":{"name":"(anonymous_1)","decl":{"start":{"line":61,"column":4},"end":{"line":61,"column":5}},"loc":{"start":{"line":61,"column":36},"end":{"line":75,"column":5}},"line":61},"2":{"name":"(anonymous_2)","decl":{"start":{"line":67,"column":18},"end":{"line":67,"column":19}},"loc":{"start":{"line":67,"column":26},"end":{"line":71,"column":13}},"line":67},"3":{"name":"(anonymous_3)","decl":{"start":{"line":72,"column":19},"end":{"line":72,"column":20}},"loc":{"start":{"line":72,"column":26},"end":{"line":74,"column":13}},"line":72},"4":{"name":"(anonymous_4)","decl":{"start":{"line":77,"column":4},"end":{"line":77,"column":5}},"loc":{"start":{"line":77,"column":34},"end":{"line":96,"column":5}},"line":77},"5":{"name":"(anonymous_5)","decl":{"start":{"line":82,"column":18},"end":{"line":82,"column":19}},"loc":{"start":{"line":82,"column":26},"end":{"line":92,"column":13}},"line":82},"6":{"name":"(anonymous_6)","decl":{"start":{"line":93,"column":19},"end":{"line":93,"column":20}},"loc":{"start":{"line":93,"column":26},"end":{"line":95,"column":13}},"line":93},"7":{"name":"(anonymous_7)","decl":{"start":{"line":98,"column":4},"end":{"line":98,"column":5}},"loc":{"start":{"line":98,"column":34},"end":{"line":118,"column":5}},"line":98},"8":{"name":"(anonymous_8)","decl":{"start":{"line":104,"column":18},"end":{"line":104,"column":19}},"loc":{"start":{"line":104,"column":26},"end":{"line":114,"column":13}},"line":104},"9":{"name":"(anonymous_9)","decl":{"start":{"line":115,"column":19},"end":{"line":115,"column":20}},"loc":{"start":{"line":115,"column":26},"end":{"line":117,"column":13}},"line":115}},"branchMap":{"0":{"loc":{"start":{"line":83,"column":16},"end":{"line":91,"column":17}},"type":"if","locations":[{"start":{"line":83,"column":16},"end":{"line":91,"column":17}},{"start":{"line":87,"column":23},"end":{"line":91,"column":17}}],"line":83},"1":{"loc":{"start":{"line":105,"column":16},"end":{"line":113,"column":17}},"type":"if","locations":[{"start":{"line":105,"column":16},"end":{"line":113,"column":17}},{"start":{"line":109,"column":23},"end":{"line":113,"column":17}}],"line":105}},"s":{"0":1,"1":0,"2":0,"3":0,"4":0,"5":0,"6":0,"7":0,"8":0,"9":0,"10":0,"11":0,"12":0,"13":0,"14":0,"15":0,"16":0,"17":0,"18":0,"19":0,"20":0,"21":0,"22":0,"23":0,"24":0,"25":0,"26":0,"27":1},"f":{"0":0,"1":0,"2":0,"3":0,"4":0,"5":0,"6":0,"7":0,"8":0,"9":0},"b":{"0":[0,0],"1":[0,0]},"_coverageSchema":"1a1c01bbd47fc00a2c39e90264f33305004495a9","hash":"72e4458eb1f4afbe937f7d19b80cde81a8a2b055"}
,"D:\\Hacktive8\\Phase3\\ProjectETCY\\Backend-ETCY-App\\controllers\\friendListController.js": {"path":"D:\\Hacktive8\\Phase3\\ProjectETCY\\Backend-ETCY-App\\controllers\\friendListController.js","statementMap":{"0":{"start":{"line":1,"column":26},"end":{"line":1,"column":46}},"1":{"start":{"line":4,"column":4},"end":{"line":4,"column":52}},"2":{"start":{"line":5,"column":4},"end":{"line":11,"column":5}},"3":{"start":{"line":6,"column":23},"end":{"line":6,"column":113}},"4":{"start":{"line":7,"column":6},"end":{"line":7,"column":38}},"5":{"start":{"line":9,"column":6},"end":{"line":9,"column":23}},"6":{"start":{"line":10,"column":6},"end":{"line":10,"column":15}},"7":{"start":{"line":14,"column":4},"end":{"line":27,"column":5}},"8":{"start":{"line":15,"column":21},"end":{"line":15,"column":31}},"9":{"start":{"line":16,"column":23},"end":{"line":16,"column":40}},"10":{"start":{"line":17,"column":22},"end":{"line":17,"column":65}},"11":{"start":{"line":18,"column":6},"end":{"line":18,"column":37}},"12":{"start":{"line":20,"column":6},"end":{"line":20,"column":41}},"13":{"start":{"line":21,"column":6},"end":{"line":26,"column":7}},"14":{"start":{"line":23,"column":8},"end":{"line":23,"column":64}},"15":{"start":{"line":25,"column":8},"end":{"line":25,"column":17}},"16":{"start":{"line":30,"column":4},"end":{"line":30,"column":31}},"17":{"start":{"line":31,"column":4},"end":{"line":44,"column":5}},"18":{"start":{"line":32,"column":28},"end":{"line":32,"column":82}},"19":{"start":{"line":33,"column":6},"end":{"line":40,"column":7}},"20":{"start":{"line":34,"column":8},"end":{"line":34,"column":81}},"21":{"start":{"line":36,"column":8},"end":{"line":36,"column":34}},"22":{"start":{"line":37,"column":8},"end":{"line":39,"column":10}},"23":{"start":{"line":42,"column":6},"end":{"line":42,"column":23}},"24":{"start":{"line":43,"column":6},"end":{"line":43,"column":15}},"25":{"start":{"line":48,"column":0},"end":{"line":48,"column":37}}},"fnMap":{"0":{"name":"(anonymous_0)","decl":{"start":{"line":3,"column":2},"end":{"line":3,"column":3}},"loc":{"start":{"line":3,"column":46},"end":{"line":12,"column":3}},"line":3},"1":{"name":"(anonymous_1)","decl":{"start":{"line":13,"column":2},"end":{"line":13,"column":3}},"loc":{"start":{"line":13,"column":42},"end":{"line":28,"column":3}},"line":13},"2":{"name":"(anonymous_2)","decl":{"start":{"line":29,"column":2},"end":{"line":29,"column":3}},"loc":{"start":{"line":29,"column":45},"end":{"line":45,"column":3}},"line":29}},"branchMap":{"0":{"loc":{"start":{"line":21,"column":6},"end":{"line":26,"column":7}},"type":"if","locations":[{"start":{"line":21,"column":6},"end":{"line":26,"column":7}},{"start":{"line":24,"column":11},"end":{"line":26,"column":7}}],"line":21},"1":{"loc":{"start":{"line":33,"column":6},"end":{"line":40,"column":7}},"type":"if","locations":[{"start":{"line":33,"column":6},"end":{"line":40,"column":7}},{"start":{"line":35,"column":11},"end":{"line":40,"column":7}}],"line":33}},"s":{"0":1,"1":0,"2":0,"3":0,"4":0,"5":0,"6":0,"7":0,"8":0,"9":0,"10":0,"11":0,"12":0,"13":0,"14":0,"15":0,"16":0,"17":0,"18":0,"19":0,"20":0,"21":0,"22":0,"23":0,"24":0,"25":1},"f":{"0":0,"1":0,"2":0},"b":{"0":[0,0],"1":[0,0]},"_coverageSchema":"1a1c01bbd47fc00a2c39e90264f33305004495a9","hash":"eba026c2d2d4b3b4cb7a05b125674682f37b4d3f"}
,"D:\\Hacktive8\\Phase3\\ProjectETCY\\Backend-ETCY-App\\controllers\\groupMemberController.js": {"path":"D:\\Hacktive8\\Phase3\\ProjectETCY\\Backend-ETCY-App\\controllers\\groupMemberController.js","statementMap":{"0":{"start":{"line":1,"column":28},"end":{"line":1,"column":48}},"1":{"start":{"line":4,"column":4},"end":{"line":16,"column":5}},"2":{"start":{"line":5,"column":24},"end":{"line":5,"column":46}},"3":{"start":{"line":6,"column":19},"end":{"line":6,"column":29}},"4":{"start":{"line":7,"column":24},"end":{"line":7,"column":71}},"5":{"start":{"line":8,"column":6},"end":{"line":8,"column":39}},"6":{"start":{"line":10,"column":6},"end":{"line":15,"column":7}},"7":{"start":{"line":11,"column":25},"end":{"line":11,"column":57}},"8":{"start":{"line":11,"column":46},"end":{"line":11,"column":56}},"9":{"start":{"line":12,"column":8},"end":{"line":12,"column":50}},"10":{"start":{"line":14,"column":8},"end":{"line":14,"column":17}},"11":{"start":{"line":19,"column":4},"end":{"line":24,"column":5}},"12":{"start":{"line":20,"column":25},"end":{"line":20,"column":107}},"13":{"start":{"line":21,"column":6},"end":{"line":21,"column":40}},"14":{"start":{"line":23,"column":6},"end":{"line":23,"column":15}},"15":{"start":{"line":27,"column":4},"end":{"line":36,"column":5}},"16":{"start":{"line":28,"column":24},"end":{"line":28,"column":79}},"17":{"start":{"line":29,"column":6},"end":{"line":33,"column":7}},"18":{"start":{"line":30,"column":8},"end":{"line":30,"column":89}},"19":{"start":{"line":32,"column":10},"end":{"line":32,"column":86}},"20":{"start":{"line":35,"column":6},"end":{"line":35,"column":15}},"21":{"start":{"line":40,"column":0},"end":{"line":40,"column":38}}},"fnMap":{"0":{"name":"(anonymous_0)","decl":{"start":{"line":3,"column":2},"end":{"line":3,"column":3}},"loc":{"start":{"line":3,"column":46},"end":{"line":17,"column":3}},"line":3},"1":{"name":"(anonymous_1)","decl":{"start":{"line":11,"column":40},"end":{"line":11,"column":41}},"loc":{"start":{"line":11,"column":46},"end":{"line":11,"column":56}},"line":11},"2":{"name":"(anonymous_2)","decl":{"start":{"line":18,"column":2},"end":{"line":18,"column":3}},"loc":{"start":{"line":18,"column":52},"end":{"line":25,"column":3}},"line":18},"3":{"name":"(anonymous_3)","decl":{"start":{"line":26,"column":2},"end":{"line":26,"column":3}},"loc":{"start":{"line":26,"column":50},"end":{"line":37,"column":3}},"line":26}},"branchMap":{"0":{"loc":{"start":{"line":10,"column":6},"end":{"line":15,"column":7}},"type":"if","locations":[{"start":{"line":10,"column":6},"end":{"line":15,"column":7}},{"start":{"line":13,"column":11},"end":{"line":15,"column":7}}],"line":10},"1":{"loc":{"start":{"line":29,"column":6},"end":{"line":33,"column":7}},"type":"if","locations":[{"start":{"line":29,"column":6},"end":{"line":33,"column":7}},{"start":{"line":31,"column":13},"end":{"line":33,"column":7}}],"line":29}},"s":{"0":1,"1":0,"2":0,"3":0,"4":0,"5":0,"6":0,"7":0,"8":0,"9":0,"10":0,"11":0,"12":0,"13":0,"14":0,"15":0,"16":0,"17":0,"18":0,"19":0,"20":0,"21":1},"f":{"0":0,"1":0,"2":0,"3":0},"b":{"0":[0,0],"1":[0,0]},"_coverageSchema":"1a1c01bbd47fc00a2c39e90264f33305004495a9","hash":"74192b557f05841617393433164ba480e27b5cd4"}
,"D:\\Hacktive8\\Phase3\\ProjectETCY\\Backend-ETCY-App\\controllers\\itineraryPlacesController.js": {"path":"D:\\Hacktive8\\Phase3\\ProjectETCY\\Backend-ETCY-App\\controllers\\itineraryPlacesController.js","statementMap":{"0":{"start":{"line":1,"column":25},"end":{"line":1,"column":45}},"1":{"start":{"line":4,"column":4},"end":{"line":13,"column":5}},"2":{"start":{"line":5,"column":30},"end":{"line":5,"column":89}},"3":{"start":{"line":6,"column":6},"end":{"line":10,"column":7}},"4":{"start":{"line":7,"column":8},"end":{"line":7,"column":92}},"5":{"start":{"line":9,"column":10},"end":{"line":9,"column":54}},"6":{"start":{"line":12,"column":6},"end":{"line":12,"column":15}},"7":{"start":{"line":16,"column":4},"end":{"line":32,"column":5}},"8":{"start":{"line":17,"column":93},"end":{"line":17,"column":101}},"9":{"start":{"line":18,"column":29},"end":{"line":18,"column":196}},"10":{"start":{"line":20,"column":6},"end":{"line":24,"column":7}},"11":{"start":{"line":21,"column":8},"end":{"line":21,"column":90}},"12":{"start":{"line":23,"column":8},"end":{"line":23,"column":51}},"13":{"start":{"line":26,"column":6},"end":{"line":31,"column":7}},"14":{"start":{"line":27,"column":25},"end":{"line":27,"column":57}},"15":{"start":{"line":27,"column":46},"end":{"line":27,"column":56}},"16":{"start":{"line":28,"column":8},"end":{"line":28,"column":50}},"17":{"start":{"line":30,"column":8},"end":{"line":30,"column":17}},"18":{"start":{"line":35,"column":4},"end":{"line":45,"column":5}},"19":{"start":{"line":36,"column":29},"end":{"line":36,"column":87}},"20":{"start":{"line":37,"column":6},"end":{"line":41,"column":7}},"21":{"start":{"line":38,"column":8},"end":{"line":38,"column":92}},"22":{"start":{"line":40,"column":8},"end":{"line":40,"column":87}},"23":{"start":{"line":43,"column":6},"end":{"line":43,"column":15}},"24":{"start":{"line":48,"column":4},"end":{"line":60,"column":5}},"25":{"start":{"line":49,"column":93},"end":{"line":49,"column":101}},"26":{"start":{"line":50,"column":21},"end":{"line":50,"column":29}},"27":{"start":{"line":51,"column":27},"end":{"line":51,"column":142}},"28":{"start":{"line":52,"column":6},"end":{"line":52,"column":83}},"29":{"start":{"line":54,"column":6},"end":{"line":59,"column":7}},"30":{"start":{"line":55,"column":25},"end":{"line":55,"column":57}},"31":{"start":{"line":55,"column":46},"end":{"line":55,"column":56}},"32":{"start":{"line":56,"column":8},"end":{"line":56,"column":50}},"33":{"start":{"line":58,"column":8},"end":{"line":58,"column":17}},"34":{"start":{"line":64,"column":0},"end":{"line":64,"column":42}}},"fnMap":{"0":{"name":"(anonymous_0)","decl":{"start":{"line":3,"column":2},"end":{"line":3,"column":3}},"loc":{"start":{"line":3,"column":39},"end":{"line":14,"column":3}},"line":3},"1":{"name":"(anonymous_1)","decl":{"start":{"line":15,"column":2},"end":{"line":15,"column":3}},"loc":{"start":{"line":15,"column":53},"end":{"line":33,"column":3}},"line":15},"2":{"name":"(anonymous_2)","decl":{"start":{"line":27,"column":40},"end":{"line":27,"column":41}},"loc":{"start":{"line":27,"column":46},"end":{"line":27,"column":56}},"line":27},"3":{"name":"(anonymous_3)","decl":{"start":{"line":34,"column":2},"end":{"line":34,"column":3}},"loc":{"start":{"line":34,"column":51},"end":{"line":46,"column":3}},"line":34},"4":{"name":"(anonymous_4)","decl":{"start":{"line":47,"column":2},"end":{"line":47,"column":3}},"loc":{"start":{"line":47,"column":50},"end":{"line":61,"column":3}},"line":47},"5":{"name":"(anonymous_5)","decl":{"start":{"line":55,"column":40},"end":{"line":55,"column":41}},"loc":{"start":{"line":55,"column":46},"end":{"line":55,"column":56}},"line":55}},"branchMap":{"0":{"loc":{"start":{"line":6,"column":6},"end":{"line":10,"column":7}},"type":"if","locations":[{"start":{"line":6,"column":6},"end":{"line":10,"column":7}},{"start":{"line":8,"column":13},"end":{"line":10,"column":7}}],"line":6},"1":{"loc":{"start":{"line":20,"column":6},"end":{"line":24,"column":7}},"type":"if","locations":[{"start":{"line":20,"column":6},"end":{"line":24,"column":7}},{"start":{"line":22,"column":11},"end":{"line":24,"column":7}}],"line":20},"2":{"loc":{"start":{"line":26,"column":6},"end":{"line":31,"column":7}},"type":"if","locations":[{"start":{"line":26,"column":6},"end":{"line":31,"column":7}},{"start":{"line":29,"column":11},"end":{"line":31,"column":7}}],"line":26},"3":{"loc":{"start":{"line":37,"column":6},"end":{"line":41,"column":7}},"type":"if","locations":[{"start":{"line":37,"column":6},"end":{"line":41,"column":7}},{"start":{"line":39,"column":11},"end":{"line":41,"column":7}}],"line":37},"4":{"loc":{"start":{"line":54,"column":6},"end":{"line":59,"column":7}},"type":"if","locations":[{"start":{"line":54,"column":6},"end":{"line":59,"column":7}},{"start":{"line":57,"column":11},"end":{"line":59,"column":7}}],"line":54}},"s":{"0":1,"1":0,"2":0,"3":0,"4":0,"5":0,"6":0,"7":0,"8":0,"9":0,"10":0,"11":0,"12":0,"13":0,"14":0,"15":0,"16":0,"17":0,"18":0,"19":0,"20":0,"21":0,"22":0,"23":0,"24":0,"25":0,"26":0,"27":0,"28":0,"29":0,"30":0,"31":0,"32":0,"33":0,"34":1},"f":{"0":0,"1":0,"2":0,"3":0,"4":0,"5":0},"b":{"0":[0,0],"1":[0,0],"2":[0,0],"3":[0,0],"4":[0,0]},"_coverageSchema":"1a1c01bbd47fc00a2c39e90264f33305004495a9","hash":"fa142c98f13b60e41090cc567fc8358cf67a0613"}
,"D:\\Hacktive8\\Phase3\\ProjectETCY\\Backend-ETCY-App\\controllers\\itineraryTransportationsController.js": {"path":"D:\\Hacktive8\\Phase3\\ProjectETCY\\Backend-ETCY-App\\controllers\\itineraryTransportationsController.js","statementMap":{"0":{"start":{"line":1,"column":34},"end":{"line":1,"column":54}},"1":{"start":{"line":5,"column":4},"end":{"line":14,"column":5}},"2":{"start":{"line":6,"column":38},"end":{"line":6,"column":106}},"3":{"start":{"line":7,"column":6},"end":{"line":11,"column":7}},"4":{"start":{"line":8,"column":8},"end":{"line":8,"column":101}},"5":{"start":{"line":10,"column":10},"end":{"line":10,"column":62}},"6":{"start":{"line":13,"column":6},"end":{"line":13,"column":15}},"7":{"start":{"line":17,"column":4},"end":{"line":33,"column":5}},"8":{"start":{"line":18,"column":99},"end":{"line":18,"column":107}},"9":{"start":{"line":19,"column":38},"end":{"line":19,"column":220}},"10":{"start":{"line":21,"column":6},"end":{"line":25,"column":7}},"11":{"start":{"line":22,"column":8},"end":{"line":22,"column":99}},"12":{"start":{"line":24,"column":8},"end":{"line":24,"column":60}},"13":{"start":{"line":27,"column":6},"end":{"line":32,"column":7}},"14":{"start":{"line":28,"column":25},"end":{"line":28,"column":57}},"15":{"start":{"line":28,"column":46},"end":{"line":28,"column":56}},"16":{"start":{"line":29,"column":8},"end":{"line":29,"column":50}},"17":{"start":{"line":31,"column":8},"end":{"line":31,"column":17}},"18":{"start":{"line":36,"column":4},"end":{"line":46,"column":5}},"19":{"start":{"line":37,"column":38},"end":{"line":37,"column":105}},"20":{"start":{"line":38,"column":6},"end":{"line":42,"column":7}},"21":{"start":{"line":39,"column":8},"end":{"line":39,"column":101}},"22":{"start":{"line":41,"column":8},"end":{"line":41,"column":96}},"23":{"start":{"line":44,"column":6},"end":{"line":44,"column":15}},"24":{"start":{"line":49,"column":4},"end":{"line":61,"column":5}},"25":{"start":{"line":50,"column":99},"end":{"line":50,"column":107}},"26":{"start":{"line":52,"column":36},"end":{"line":52,"column":158}},"27":{"start":{"line":53,"column":6},"end":{"line":53,"column":108}},"28":{"start":{"line":55,"column":6},"end":{"line":60,"column":7}},"29":{"start":{"line":56,"column":25},"end":{"line":56,"column":57}},"30":{"start":{"line":56,"column":46},"end":{"line":56,"column":56}},"31":{"start":{"line":57,"column":8},"end":{"line":57,"column":50}},"32":{"start":{"line":59,"column":8},"end":{"line":59,"column":17}},"33":{"start":{"line":65,"column":0},"end":{"line":65,"column":50}}},"fnMap":{"0":{"name":"(anonymous_0)","decl":{"start":{"line":4,"column":2},"end":{"line":4,"column":3}},"loc":{"start":{"line":4,"column":39},"end":{"line":15,"column":3}},"line":4},"1":{"name":"(anonymous_1)","decl":{"start":{"line":16,"column":2},"end":{"line":16,"column":3}},"loc":{"start":{"line":16,"column":62},"end":{"line":34,"column":3}},"line":16},"2":{"name":"(anonymous_2)","decl":{"start":{"line":28,"column":40},"end":{"line":28,"column":41}},"loc":{"start":{"line":28,"column":46},"end":{"line":28,"column":56}},"line":28},"3":{"name":"(anonymous_3)","decl":{"start":{"line":35,"column":2},"end":{"line":35,"column":3}},"loc":{"start":{"line":35,"column":60},"end":{"line":47,"column":3}},"line":35},"4":{"name":"(anonymous_4)","decl":{"start":{"line":48,"column":2},"end":{"line":48,"column":3}},"loc":{"start":{"line":48,"column":59},"end":{"line":62,"column":3}},"line":48},"5":{"name":"(anonymous_5)","decl":{"start":{"line":56,"column":40},"end":{"line":56,"column":41}},"loc":{"start":{"line":56,"column":46},"end":{"line":56,"column":56}},"line":56}},"branchMap":{"0":{"loc":{"start":{"line":7,"column":6},"end":{"line":11,"column":7}},"type":"if","locations":[{"start":{"line":7,"column":6},"end":{"line":11,"column":7}},{"start":{"line":9,"column":13},"end":{"line":11,"column":7}}],"line":7},"1":{"loc":{"start":{"line":21,"column":6},"end":{"line":25,"column":7}},"type":"if","locations":[{"start":{"line":21,"column":6},"end":{"line":25,"column":7}},{"start":{"line":23,"column":11},"end":{"line":25,"column":7}}],"line":21},"2":{"loc":{"start":{"line":27,"column":6},"end":{"line":32,"column":7}},"type":"if","locations":[{"start":{"line":27,"column":6},"end":{"line":32,"column":7}},{"start":{"line":30,"column":11},"end":{"line":32,"column":7}}],"line":27},"3":{"loc":{"start":{"line":38,"column":6},"end":{"line":42,"column":7}},"type":"if","locations":[{"start":{"line":38,"column":6},"end":{"line":42,"column":7}},{"start":{"line":40,"column":11},"end":{"line":42,"column":7}}],"line":38},"4":{"loc":{"start":{"line":55,"column":6},"end":{"line":60,"column":7}},"type":"if","locations":[{"start":{"line":55,"column":6},"end":{"line":60,"column":7}},{"start":{"line":58,"column":11},"end":{"line":60,"column":7}}],"line":55}},"s":{"0":1,"1":0,"2":0,"3":0,"4":0,"5":0,"6":0,"7":0,"8":0,"9":0,"10":0,"11":0,"12":0,"13":0,"14":0,"15":0,"16":0,"17":0,"18":0,"19":0,"20":0,"21":0,"22":0,"23":0,"24":0,"25":0,"26":0,"27":0,"28":0,"29":0,"30":0,"31":0,"32":0,"33":1},"f":{"0":0,"1":0,"2":0,"3":0,"4":0,"5":0},"b":{"0":[0,0],"1":[0,0],"2":[0,0],"3":[0,0],"4":[0,0]},"_coverageSchema":"1a1c01bbd47fc00a2c39e90264f33305004495a9","hash":"379d9ab7a37b78483107cca0b95b310160800489"}
,"D:\\Hacktive8\\Phase3\\ProjectETCY\\Backend-ETCY-App\\controllers\\userController.js": {"path":"D:\\Hacktive8\\Phase3\\ProjectETCY\\Backend-ETCY-App\\controllers\\userController.js","statementMap":{"0":{"start":{"line":1,"column":12},"end":{"line":1,"column":35}},"1":{"start":{"line":2,"column":46},"end":{"line":2,"column":66}},"2":{"start":{"line":3,"column":20},"end":{"line":3,"column":48}},"3":{"start":{"line":6,"column":4},"end":{"line":24,"column":5}},"4":{"start":{"line":7,"column":20},"end":{"line":7,"column":21}},"5":{"start":{"line":8,"column":27},"end":{"line":8,"column":29}},"6":{"start":{"line":10,"column":8},"end":{"line":13,"column":9}},"7":{"start":{"line":10,"column":21},"end":{"line":10,"column":22}},"8":{"start":{"line":11,"column":29},"end":{"line":11,"column":65}},"9":{"start":{"line":12,"column":12},"end":{"line":12,"column":36}},"10":{"start":{"line":14,"column":26},"end":{"line":14,"column":81}},"11":{"start":{"line":15,"column":8},"end":{"line":15,"column":31}},"12":{"start":{"line":16,"column":8},"end":{"line":21,"column":9}},"13":{"start":{"line":17,"column":12},"end":{"line":17,"column":50}},"14":{"start":{"line":18,"column":12},"end":{"line":18,"column":31}},"15":{"start":{"line":20,"column":12},"end":{"line":20,"column":33}},"16":{"start":{"line":23,"column":8},"end":{"line":23,"column":20}},"17":{"start":{"line":27,"column":0},"end":{"line":144,"column":1}},"18":{"start":{"line":29,"column":36},"end":{"line":29,"column":44}},"19":{"start":{"line":30,"column":8},"end":{"line":45,"column":14}},"20":{"start":{"line":32,"column":16},"end":{"line":34,"column":17}},"21":{"start":{"line":33,"column":20},"end":{"line":33,"column":77}},"22":{"start":{"line":35,"column":31},"end":{"line":35,"column":63}},"23":{"start":{"line":36,"column":16},"end":{"line":41,"column":17}},"24":{"start":{"line":37,"column":41},"end":{"line":37,"column":115}},"25":{"start":{"line":38,"column":20},"end":{"line":38,"column":101}},"26":{"start":{"line":40,"column":20},"end":{"line":40,"column":77}},"27":{"start":{"line":44,"column":16},"end":{"line":44,"column":25}},"28":{"start":{"line":49,"column":46},"end":{"line":49,"column":54}},"29":{"start":{"line":50,"column":27},"end":{"line":50,"column":34}},"30":{"start":{"line":51,"column":21},"end":{"line":51,"column":41}},"31":{"start":{"line":53,"column":8},"end":{"line":69,"column":9}},"32":{"start":{"line":54,"column":25},"end":{"line":54,"column":93}},"33":{"start":{"line":55,"column":31},"end":{"line":55,"column":134}},"34":{"start":{"line":57,"column":12},"end":{"line":57,"column":79}},"35":{"start":{"line":60,"column":12},"end":{"line":68,"column":13}},"36":{"start":{"line":61,"column":33},"end":{"line":61,"column":67}},"37":{"start":{"line":61,"column":56},"end":{"line":61,"column":66}},"38":{"start":{"line":62,"column":16},"end":{"line":62,"column":58}},"39":{"start":{"line":63,"column":19},"end":{"line":68,"column":13}},"40":{"start":{"line":64,"column":36},"end":{"line":64,"column":80}},"41":{"start":{"line":64,"column":64},"end":{"line":64,"column":79}},"42":{"start":{"line":65,"column":16},"end":{"line":65,"column":61}},"43":{"start":{"line":67,"column":16},"end":{"line":67,"column":27}},"44":{"start":{"line":74,"column":19},"end":{"line":74,"column":32}},"45":{"start":{"line":75,"column":8},"end":{"line":89,"column":14}},"46":{"start":{"line":77,"column":16},"end":{"line":85,"column":17}},"47":{"start":{"line":78,"column":20},"end":{"line":80,"column":22}},"48":{"start":{"line":82,"column":20},"end":{"line":84,"column":22}},"49":{"start":{"line":88,"column":16},"end":{"line":88,"column":25}},"50":{"start":{"line":92,"column":8},"end":{"line":102,"column":14}},"51":{"start":{"line":94,"column":16},"end":{"line":98,"column":17}},"52":{"start":{"line":95,"column":20},"end":{"line":95,"column":46}},"53":{"start":{"line":97,"column":20},"end":{"line":97,"column":68}},"54":{"start":{"line":101,"column":16},"end":{"line":101,"column":25}},"55":{"start":{"line":105,"column":19},"end":{"line":105,"column":32}},"56":{"start":{"line":106,"column":8},"end":{"line":118,"column":14}},"57":{"start":{"line":108,"column":16},"end":{"line":114,"column":17}},"58":{"start":{"line":109,"column":20},"end":{"line":111,"column":22}},"59":{"start":{"line":113,"column":20},"end":{"line":113,"column":46}},"60":{"start":{"line":117,"column":16},"end":{"line":117,"column":25}},"61":{"start":{"line":121,"column":19},"end":{"line":121,"column":32}},"62":{"start":{"line":122,"column":8},"end":{"line":142,"column":10}},"63":{"start":{"line":124,"column":12},"end":{"line":132,"column":13}},"64":{"start":{"line":125,"column":16},"end":{"line":127,"column":18}},"65":{"start":{"line":129,"column":16},"end":{"line":131,"column":18}},"66":{"start":{"line":135,"column":12},"end":{"line":141,"column":13}},"67":{"start":{"line":136,"column":16},"end":{"line":138,"column":18}},"68":{"start":{"line":140,"column":16},"end":{"line":140,"column":25}}},"fnMap":{"0":{"name":"randomEctyId","decl":{"start":{"line":5,"column":15},"end":{"line":5,"column":27}},"loc":{"start":{"line":5,"column":29},"end":{"line":25,"column":1}},"line":5},"1":{"name":"(anonymous_1)","decl":{"start":{"line":28,"column":4},"end":{"line":28,"column":5}},"loc":{"start":{"line":28,"column":33},"end":{"line":46,"column":5}},"line":28},"2":{"name":"(anonymous_2)","decl":{"start":{"line":31,"column":18},"end":{"line":31,"column":19}},"loc":{"start":{"line":31,"column":26},"end":{"line":42,"column":13}},"line":31},"3":{"name":"(anonymous_3)","decl":{"start":{"line":43,"column":19},"end":{"line":43,"column":20}},"loc":{"start":{"line":43,"column":26},"end":{"line":45,"column":13}},"line":43},"4":{"name":"(anonymous_4)","decl":{"start":{"line":47,"column":4},"end":{"line":47,"column":5}},"loc":{"start":{"line":47,"column":42},"end":{"line":71,"column":5}},"line":47},"5":{"name":"(anonymous_5)","decl":{"start":{"line":61,"column":50},"end":{"line":61,"column":51}},"loc":{"start":{"line":61,"column":56},"end":{"line":61,"column":66}},"line":61},"6":{"name":"(anonymous_6)","decl":{"start":{"line":64,"column":53},"end":{"line":64,"column":54}},"loc":{"start":{"line":64,"column":64},"end":{"line":64,"column":79}},"line":64},"7":{"name":"(anonymous_7)","decl":{"start":{"line":73,"column":4},"end":{"line":73,"column":5}},"loc":{"start":{"line":73,"column":38},"end":{"line":90,"column":5}},"line":73},"8":{"name":"(anonymous_8)","decl":{"start":{"line":76,"column":18},"end":{"line":76,"column":19}},"loc":{"start":{"line":76,"column":28},"end":{"line":86,"column":13}},"line":76},"9":{"name":"(anonymous_9)","decl":{"start":{"line":87,"column":19},"end":{"line":87,"column":20}},"loc":{"start":{"line":87,"column":28},"end":{"line":89,"column":13}},"line":87},"10":{"name":"(anonymous_10)","decl":{"start":{"line":91,"column":4},"end":{"line":91,"column":5}},"loc":{"start":{"line":91,"column":38},"end":{"line":103,"column":5}},"line":91},"11":{"name":"(anonymous_11)","decl":{"start":{"line":93,"column":18},"end":{"line":93,"column":19}},"loc":{"start":{"line":93,"column":26},"end":{"line":99,"column":13}},"line":93},"12":{"name":"(anonymous_12)","decl":{"start":{"line":100,"column":19},"end":{"line":100,"column":20}},"loc":{"start":{"line":100,"column":26},"end":{"line":102,"column":13}},"line":100},"13":{"name":"(anonymous_13)","decl":{"start":{"line":104,"column":4},"end":{"line":104,"column":5}},"loc":{"start":{"line":104,"column":38},"end":{"line":119,"column":5}},"line":104},"14":{"name":"(anonymous_14)","decl":{"start":{"line":107,"column":18},"end":{"line":107,"column":19}},"loc":{"start":{"line":107,"column":26},"end":{"line":115,"column":13}},"line":107},"15":{"name":"(anonymous_15)","decl":{"start":{"line":116,"column":19},"end":{"line":116,"column":20}},"loc":{"start":{"line":116,"column":26},"end":{"line":118,"column":13}},"line":116},"16":{"name":"(anonymous_16)","decl":{"start":{"line":120,"column":4},"end":{"line":120,"column":5}},"loc":{"start":{"line":120,"column":38},"end":{"line":143,"column":5}},"line":120},"17":{"name":"(anonymous_17)","decl":{"start":{"line":123,"column":14},"end":{"line":123,"column":15}},"loc":{"start":{"line":123,"column":22},"end":{"line":133,"column":9}},"line":123},"18":{"name":"(anonymous_18)","decl":{"start":{"line":134,"column":15},"end":{"line":134,"column":16}},"loc":{"start":{"line":134,"column":22},"end":{"line":142,"column":9}},"line":134}},"branchMap":{"0":{"loc":{"start":{"line":16,"column":8},"end":{"line":21,"column":9}},"type":"if","locations":[{"start":{"line":16,"column":8},"end":{"line":21,"column":9}},{"start":{"line":19,"column":15},"end":{"line":21,"column":9}}],"line":16},"1":{"loc":{"start":{"line":32,"column":16},"end":{"line":34,"column":17}},"type":"if","locations":[{"start":{"line":32,"column":16},"end":{"line":34,"column":17}},{"start":{},"end":{}}],"line":32},"2":{"loc":{"start":{"line":36,"column":16},"end":{"line":41,"column":17}},"type":"if","locations":[{"start":{"line":36,"column":16},"end":{"line":41,"column":17}},{"start":{"line":39,"column":23},"end":{"line":41,"column":17}}],"line":36},"3":{"loc":{"start":{"line":36,"column":20},"end":{"line":36,"column":36}},"type":"binary-expr","locations":[{"start":{"line":36,"column":20},"end":{"line":36,"column":24}},{"start":{"line":36,"column":28},"end":{"line":36,"column":36}}],"line":36},"4":{"loc":{"start":{"line":60,"column":12},"end":{"line":68,"column":13}},"type":"if","locations":[{"start":{"line":60,"column":12},"end":{"line":68,"column":13}},{"start":{"line":63,"column":19},"end":{"line":68,"column":13}}],"line":60},"5":{"loc":{"start":{"line":63,"column":19},"end":{"line":68,"column":13}},"type":"if","locations":[{"start":{"line":63,"column":19},"end":{"line":68,"column":13}},{"start":{"line":66,"column":19},"end":{"line":68,"column":13}}],"line":63},"6":{"loc":{"start":{"line":77,"column":16},"end":{"line":85,"column":17}},"type":"if","locations":[{"start":{"line":77,"column":16},"end":{"line":85,"column":17}},{"start":{"line":81,"column":23},"end":{"line":85,"column":17}}],"line":77},"7":{"loc":{"start":{"line":94,"column":16},"end":{"line":98,"column":17}},"type":"if","locations":[{"start":{"line":94,"column":16},"end":{"line":98,"column":17}},{"start":{"line":96,"column":23},"end":{"line":98,"column":17}}],"line":94},"8":{"loc":{"start":{"line":108,"column":16},"end":{"line":114,"column":17}},"type":"if","locations":[{"start":{"line":108,"column":16},"end":{"line":114,"column":17}},{"start":{"line":112,"column":23},"end":{"line":114,"column":17}}],"line":108},"9":{"loc":{"start":{"line":124,"column":12},"end":{"line":132,"column":13}},"type":"if","locations":[{"start":{"line":124,"column":12},"end":{"line":132,"column":13}},{"start":{"line":128,"column":19},"end":{"line":132,"column":13}}],"line":124},"10":{"loc":{"start":{"line":135,"column":12},"end":{"line":141,"column":13}},"type":"if","locations":[{"start":{"line":135,"column":12},"end":{"line":141,"column":13}},{"start":{"line":139,"column":19},"end":{"line":141,"column":13}}],"line":135}},"s":{"0":1,"1":1,"2":1,"3":0,"4":0,"5":0,"6":0,"7":0,"8":0,"9":0,"10":0,"11":0,"12":0,"13":0,"14":0,"15":0,"16":0,"17":1,"18":0,"19":0,"20":0,"21":0,"22":0,"23":0,"24":0,"25":0,"26":0,"27":0,"28":0,"29":0,"30":0,"31":0,"32":0,"33":0,"34":0,"35":0,"36":0,"37":0,"38":0,"39":0,"40":0,"41":0,"42":0,"43":0,"44":0,"45":0,"46":0,"47":0,"48":0,"49":0,"50":0,"51":0,"52":0,"53":0,"54":0,"55":0,"56":0,"57":0,"58":0,"59":0,"60":0,"61":0,"62":0,"63":0,"64":0,"65":0,"66":0,"67":0,"68":0},"f":{"0":0,"1":0,"2":0,"3":0,"4":0,"5":0,"6":0,"7":0,"8":0,"9":0,"10":0,"11":0,"12":0,"13":0,"14":0,"15":0,"16":0,"17":0,"18":0},"b":{"0":[0,0],"1":[0,0],"2":[0,0],"3":[0,0],"4":[0,0],"5":[0,0],"6":[0,0],"7":[0,0],"8":[0,0],"9":[0,0],"10":[0,0]},"_coverageSchema":"1a1c01bbd47fc00a2c39e90264f33305004495a9","hash":"6691621e007dd9451b58b19e30f724c1223004f6"}
,"D:\\Hacktive8\\Phase3\\ProjectETCY\\Backend-ETCY-App\\controllers\\userNotificationController.js": {"path":"D:\\Hacktive8\\Phase3\\ProjectETCY\\Backend-ETCY-App\\controllers\\userNotificationController.js","statementMap":{"0":{"start":{"line":1,"column":33},"end":{"line":1,"column":53}},"1":{"start":{"line":4,"column":4},"end":{"line":9,"column":5}},"2":{"start":{"line":5,"column":29},"end":{"line":5,"column":107}},"3":{"start":{"line":6,"column":6},"end":{"line":6,"column":44}},"4":{"start":{"line":8,"column":6},"end":{"line":8,"column":15}},"5":{"start":{"line":12,"column":4},"end":{"line":27,"column":5}},"6":{"start":{"line":13,"column":21},"end":{"line":13,"column":29}},"7":{"start":{"line":14,"column":31},"end":{"line":14,"column":130}},"8":{"start":{"line":15,"column":6},"end":{"line":19,"column":7}},"9":{"start":{"line":16,"column":8},"end":{"line":16,"column":87}},"10":{"start":{"line":18,"column":8},"end":{"line":18,"column":53}},"11":{"start":{"line":21,"column":6},"end":{"line":26,"column":7}},"12":{"start":{"line":22,"column":25},"end":{"line":22,"column":57}},"13":{"start":{"line":22,"column":46},"end":{"line":22,"column":56}},"14":{"start":{"line":23,"column":8},"end":{"line":23,"column":50}},"15":{"start":{"line":25,"column":8},"end":{"line":25,"column":17}},"16":{"start":{"line":30,"column":4},"end":{"line":39,"column":5}},"17":{"start":{"line":31,"column":27},"end":{"line":31,"column":87}},"18":{"start":{"line":32,"column":6},"end":{"line":36,"column":7}},"19":{"start":{"line":33,"column":8},"end":{"line":33,"column":89}},"20":{"start":{"line":35,"column":10},"end":{"line":35,"column":86}},"21":{"start":{"line":38,"column":6},"end":{"line":38,"column":15}},"22":{"start":{"line":42,"column":4},"end":{"line":55,"column":5}},"23":{"start":{"line":43,"column":38},"end":{"line":43,"column":46}},"24":{"start":{"line":44,"column":21},"end":{"line":44,"column":29}},"25":{"start":{"line":45,"column":21},"end":{"line":45,"column":31}},"26":{"start":{"line":46,"column":25},"end":{"line":46,"column":95}},"27":{"start":{"line":47,"column":6},"end":{"line":47,"column":40}},"28":{"start":{"line":49,"column":6},"end":{"line":54,"column":7}},"29":{"start":{"line":50,"column":25},"end":{"line":50,"column":57}},"30":{"start":{"line":50,"column":46},"end":{"line":50,"column":56}},"31":{"start":{"line":51,"column":8},"end":{"line":51,"column":50}},"32":{"start":{"line":53,"column":8},"end":{"line":53,"column":17}},"33":{"start":{"line":59,"column":0},"end":{"line":59,"column":43}}},"fnMap":{"0":{"name":"(anonymous_0)","decl":{"start":{"line":3,"column":2},"end":{"line":3,"column":3}},"loc":{"start":{"line":3,"column":49},"end":{"line":10,"column":3}},"line":3},"1":{"name":"(anonymous_1)","decl":{"start":{"line":11,"column":2},"end":{"line":11,"column":3}},"loc":{"start":{"line":11,"column":45},"end":{"line":28,"column":3}},"line":11},"2":{"name":"(anonymous_2)","decl":{"start":{"line":22,"column":40},"end":{"line":22,"column":41}},"loc":{"start":{"line":22,"column":46},"end":{"line":22,"column":56}},"line":22},"3":{"name":"(anonymous_3)","decl":{"start":{"line":29,"column":2},"end":{"line":29,"column":3}},"loc":{"start":{"line":29,"column":51},"end":{"line":40,"column":3}},"line":29},"4":{"name":"(anonymous_4)","decl":{"start":{"line":41,"column":2},"end":{"line":41,"column":3}},"loc":{"start":{"line":41,"column":52},"end":{"line":56,"column":3}},"line":41},"5":{"name":"(anonymous_5)","decl":{"start":{"line":50,"column":40},"end":{"line":50,"column":41}},"loc":{"start":{"line":50,"column":46},"end":{"line":50,"column":56}},"line":50}},"branchMap":{"0":{"loc":{"start":{"line":15,"column":6},"end":{"line":19,"column":7}},"type":"if","locations":[{"start":{"line":15,"column":6},"end":{"line":19,"column":7}},{"start":{"line":17,"column":11},"end":{"line":19,"column":7}}],"line":15},"1":{"loc":{"start":{"line":21,"column":6},"end":{"line":26,"column":7}},"type":"if","locations":[{"start":{"line":21,"column":6},"end":{"line":26,"column":7}},{"start":{"line":24,"column":11},"end":{"line":26,"column":7}}],"line":21},"2":{"loc":{"start":{"line":32,"column":6},"end":{"line":36,"column":7}},"type":"if","locations":[{"start":{"line":32,"column":6},"end":{"line":36,"column":7}},{"start":{"line":34,"column":13},"end":{"line":36,"column":7}}],"line":32},"3":{"loc":{"start":{"line":49,"column":6},"end":{"line":54,"column":7}},"type":"if","locations":[{"start":{"line":49,"column":6},"end":{"line":54,"column":7}},{"start":{"line":52,"column":11},"end":{"line":54,"column":7}}],"line":49}},"s":{"0":1,"1":0,"2":0,"3":0,"4":0,"5":0,"6":0,"7":0,"8":0,"9":0,"10":0,"11":0,"12":0,"13":0,"14":0,"15":0,"16":0,"17":0,"18":0,"19":0,"20":0,"21":0,"22":0,"23":0,"24":0,"25":0,"26":0,"27":0,"28":0,"29":0,"30":0,"31":0,"32":0,"33":1},"f":{"0":0,"1":0,"2":0,"3":0,"4":0,"5":0},"b":{"0":[0,0],"1":[0,0],"2":[0,0],"3":[0,0]},"_coverageSchema":"1a1c01bbd47fc00a2c39e90264f33305004495a9","hash":"8662f18c1cfb3b922b753a700b641a2d45d2f248"}
,"D:\\Hacktive8\\Phase3\\ProjectETCY\\Backend-ETCY-App\\controllers\\verifyController.js": {"path":"D:\\Hacktive8\\Phase3\\ProjectETCY\\Backend-ETCY-App\\controllers\\verifyController.js","statementMap":{"0":{"start":{"line":1,"column":21},"end":{"line":1,"column":52}},"1":{"start":{"line":2,"column":35},"end":{"line":2,"column":55}},"2":{"start":{"line":4,"column":0},"end":{"line":64,"column":1}},"3":{"start":{"line":6,"column":29},"end":{"line":16,"column":9}},"4":{"start":{"line":7,"column":24},"end":{"line":7,"column":25}},"5":{"start":{"line":8,"column":26},"end":{"line":8,"column":28}},"6":{"start":{"line":10,"column":12},"end":{"line":14,"column":13}},"7":{"start":{"line":10,"column":25},"end":{"line":10,"column":26}},"8":{"start":{"line":11,"column":16},"end":{"line":11,"column":36}},"9":{"start":{"line":12,"column":41},"end":{"line":12,"column":76}},"10":{"start":{"line":13,"column":16},"end":{"line":13,"column":43}},"11":{"start":{"line":15,"column":12},"end":{"line":15,"column":26}},"12":{"start":{"line":18,"column":30},"end":{"line":18,"column":38}},"13":{"start":{"line":19,"column":44},"end":{"line":19,"column":58}},"14":{"start":{"line":21,"column":8},"end":{"line":37,"column":14}},"15":{"start":{"line":24,"column":16},"end":{"line":26,"column":18}},"16":{"start":{"line":27,"column":16},"end":{"line":27,"column":189}},"17":{"start":{"line":31,"column":16},"end":{"line":36,"column":17}},"18":{"start":{"line":32,"column":40},"end":{"line":32,"column":82}},"19":{"start":{"line":32,"column":66},"end":{"line":32,"column":81}},"20":{"start":{"line":33,"column":20},"end":{"line":33,"column":65}},"21":{"start":{"line":35,"column":20},"end":{"line":35,"column":29}},"22":{"start":{"line":40,"column":8},"end":{"line":60,"column":9}},"23":{"start":{"line":41,"column":63},"end":{"line":41,"column":71}},"24":{"start":{"line":43,"column":28},"end":{"line":48,"column":14}},"25":{"start":{"line":50,"column":12},"end":{"line":56,"column":13}},"26":{"start":{"line":51,"column":33},"end":{"line":51,"column":37}},"27":{"start":{"line":52,"column":33},"end":{"line":52,"column":147}},"28":{"start":{"line":53,"column":16},"end":{"line":53,"column":122}},"29":{"start":{"line":55,"column":16},"end":{"line":55,"column":79}},"30":{"start":{"line":58,"column":12},"end":{"line":58,"column":56}},"31":{"start":{"line":59,"column":12},"end":{"line":59,"column":23}}},"fnMap":{"0":{"name":"(anonymous_0)","decl":{"start":{"line":5,"column":4},"end":{"line":5,"column":5}},"loc":{"start":{"line":5,"column":49},"end":{"line":38,"column":5}},"line":5},"1":{"name":"(anonymous_1)","decl":{"start":{"line":6,"column":29},"end":{"line":6,"column":30}},"loc":{"start":{"line":6,"column":35},"end":{"line":16,"column":9}},"line":6},"2":{"name":"(anonymous_2)","decl":{"start":{"line":22,"column":18},"end":{"line":22,"column":19}},"loc":{"start":{"line":22,"column":26},"end":{"line":28,"column":13}},"line":22},"3":{"name":"(anonymous_3)","decl":{"start":{"line":29,"column":19},"end":{"line":29,"column":20}},"loc":{"start":{"line":29,"column":26},"end":{"line":37,"column":13}},"line":29},"4":{"name":"(anonymous_4)","decl":{"start":{"line":32,"column":55},"end":{"line":32,"column":56}},"loc":{"start":{"line":32,"column":66},"end":{"line":32,"column":81}},"line":32},"5":{"name":"(anonymous_5)","decl":{"start":{"line":39,"column":4},"end":{"line":39,"column":5}},"loc":{"start":{"line":39,"column":56},"end":{"line":62,"column":5}},"line":39}},"branchMap":{"0":{"loc":{"start":{"line":31,"column":16},"end":{"line":36,"column":17}},"type":"if","locations":[{"start":{"line":31,"column":16},"end":{"line":36,"column":17}},{"start":{"line":34,"column":23},"end":{"line":36,"column":17}}],"line":31},"1":{"loc":{"start":{"line":50,"column":12},"end":{"line":56,"column":13}},"type":"if","locations":[{"start":{"line":50,"column":12},"end":{"line":56,"column":13}},{"start":{"line":54,"column":19},"end":{"line":56,"column":13}}],"line":50}},"s":{"0":1,"1":1,"2":1,"3":0,"4":0,"5":0,"6":0,"7":0,"8":0,"9":0,"10":0,"11":0,"12":0,"13":0,"14":0,"15":0,"16":0,"17":0,"18":0,"19":0,"20":0,"21":0,"22":0,"23":0,"24":0,"25":0,"26":0,"27":0,"28":0,"29":0,"30":0,"31":0},"f":{"0":0,"1":0,"2":0,"3":0,"4":0,"5":0},"b":{"0":[0,0],"1":[0,0]},"_coverageSchema":"1a1c01bbd47fc00a2c39e90264f33305004495a9","hash":"909259f20b8ee19f5a47b6d60905c2a6506706cd"}
,"D:\\Hacktive8\\Phase3\\ProjectETCY\\Backend-ETCY-App\\helper\\bycrypt.js": {"path":"D:\\Hacktive8\\Phase3\\ProjectETCY\\Backend-ETCY-App\\helper\\bycrypt.js","statementMap":{"0":{"start":{"line":1,"column":13},"end":{"line":1,"column":32}},"1":{"start":{"line":4,"column":15},"end":{"line":4,"column":37}},"2":{"start":{"line":5,"column":15},"end":{"line":5,"column":46}},"3":{"start":{"line":6,"column":4},"end":{"line":6,"column":15}},"4":{"start":{"line":10,"column":4},"end":{"line":10,"column":51}},"5":{"start":{"line":13,"column":0},"end":{"line":13,"column":35}}},"fnMap":{"0":{"name":"encrypt","decl":{"start":{"line":3,"column":9},"end":{"line":3,"column":16}},"loc":{"start":{"line":3,"column":27},"end":{"line":7,"column":1}},"line":3},"1":{"name":"decrypt","decl":{"start":{"line":9,"column":9},"end":{"line":9,"column":16}},"loc":{"start":{"line":9,"column":37},"end":{"line":11,"column":1}},"line":9}},"branchMap":{},"s":{"0":1,"1":1,"2":1,"3":1,"4":0,"5":1},"f":{"0":1,"1":0},"b":{},"_coverageSchema":"1a1c01bbd47fc00a2c39e90264f33305004495a9","hash":"0c2733d62b04e3361e294651846ab6225cefe156"}
,"D:\\Hacktive8\\Phase3\\ProjectETCY\\Backend-ETCY-App\\helper\\nodemailer.js": {"path":"D:\\Hacktive8\\Phase3\\ProjectETCY\\Backend-ETCY-App\\helper\\nodemailer.js","statementMap":{"0":{"start":{"line":1,"column":19},"end":{"line":1,"column":40}},"1":{"start":{"line":4,"column":22},"end":{"line":10,"column":6}},"2":{"start":{"line":11,"column":24},"end":{"line":17,"column":5}},"3":{"start":{"line":19,"column":4},"end":{"line":25,"column":7}},"4":{"start":{"line":20,"column":8},"end":{"line":24,"column":9}},"5":{"start":{"line":21,"column":12},"end":{"line":21,"column":31}},"6":{"start":{"line":23,"column":12},"end":{"line":23,"column":56}},"7":{"start":{"line":28,"column":22},"end":{"line":34,"column":6}},"8":{"start":{"line":35,"column":24},"end":{"line":41,"column":5}},"9":{"start":{"line":43,"column":4},"end":{"line":49,"column":7}},"10":{"start":{"line":44,"column":8},"end":{"line":48,"column":9}},"11":{"start":{"line":45,"column":12},"end":{"line":45,"column":31}},"12":{"start":{"line":47,"column":12},"end":{"line":47,"column":56}},"13":{"start":{"line":51,"column":0},"end":{"line":51,"column":40}}},"fnMap":{"0":{"name":"sendMail","decl":{"start":{"line":3,"column":9},"end":{"line":3,"column":17}},"loc":{"start":{"line":3,"column":39},"end":{"line":26,"column":1}},"line":3},"1":{"name":"(anonymous_1)","decl":{"start":{"line":19,"column":38},"end":{"line":19,"column":39}},"loc":{"start":{"line":19,"column":61},"end":{"line":25,"column":5}},"line":19},"2":{"name":"receiveMail","decl":{"start":{"line":27,"column":9},"end":{"line":27,"column":20}},"loc":{"start":{"line":27,"column":35},"end":{"line":50,"column":1}},"line":27},"3":{"name":"(anonymous_3)","decl":{"start":{"line":43,"column":41},"end":{"line":43,"column":42}},"loc":{"start":{"line":43,"column":64},"end":{"line":49,"column":5}},"line":43}},"branchMap":{"0":{"loc":{"start":{"line":20,"column":8},"end":{"line":24,"column":9}},"type":"if","locations":[{"start":{"line":20,"column":8},"end":{"line":24,"column":9}},{"start":{"line":22,"column":15},"end":{"line":24,"column":9}}],"line":20},"1":{"loc":{"start":{"line":44,"column":8},"end":{"line":48,"column":9}},"type":"if","locations":[{"start":{"line":44,"column":8},"end":{"line":48,"column":9}},{"start":{"line":46,"column":15},"end":{"line":48,"column":9}}],"line":44}},"s":{"0":1,"1":0,"2":0,"3":0,"4":0,"5":0,"6":0,"7":0,"8":0,"9":0,"10":0,"11":0,"12":0,"13":1},"f":{"0":0,"1":0,"2":0,"3":0},"b":{"0":[0,0],"1":[0,0]},"_coverageSchema":"1a1c01bbd47fc00a2c39e90264f33305004495a9","hash":"26ebbb7bcba6062ea34cdbd00361329f91a51331"}
,"D:\\Hacktive8\\Phase3\\ProjectETCY\\Backend-ETCY-App\\middlewares\\auth.js": {"path":"D:\\Hacktive8\\Phase3\\ProjectETCY\\Backend-ETCY-App\\middlewares\\auth.js","statementMap":{"0":{"start":{"line":1,"column":12},"end":{"line":1,"column":35}},"1":{"start":{"line":2,"column":17},"end":{"line":2,"column":37}},"2":{"start":{"line":4,"column":0},"end":{"line":34,"column":1}},"3":{"start":{"line":6,"column":8},"end":{"line":10,"column":9}},"4":{"start":{"line":7,"column":12},"end":{"line":9,"column":14}},"5":{"start":{"line":11,"column":8},"end":{"line":29,"column":9}},"6":{"start":{"line":12,"column":28},"end":{"line":12,"column":88}},"7":{"start":{"line":13,"column":12},"end":{"line":23,"column":14}},"8":{"start":{"line":15,"column":16},"end":{"line":22,"column":17}},"9":{"start":{"line":16,"column":20},"end":{"line":16,"column":40}},"10":{"start":{"line":17,"column":20},"end":{"line":17,"column":26}},"11":{"start":{"line":19,"column":20},"end":{"line":21,"column":22}},"12":{"start":{"line":25,"column":12},"end":{"line":27,"column":14}}},"fnMap":{"0":{"name":"(anonymous_0)","decl":{"start":{"line":5,"column":4},"end":{"line":5,"column":5}},"loc":{"start":{"line":5,"column":35},"end":{"line":30,"column":5}},"line":5},"1":{"name":"(anonymous_1)","decl":{"start":{"line":14,"column":18},"end":{"line":14,"column":19}},"loc":{"start":{"line":14,"column":25},"end":{"line":23,"column":13}},"line":14},"2":{"name":"(anonymous_2)","decl":{"start":{"line":31,"column":4},"end":{"line":31,"column":5}},"loc":{"start":{"line":31,"column":31},"end":{"line":33,"column":5}},"line":31}},"branchMap":{"0":{"loc":{"start":{"line":6,"column":8},"end":{"line":10,"column":9}},"type":"if","locations":[{"start":{"line":6,"column":8},"end":{"line":10,"column":9}},{"start":{},"end":{}}],"line":6},"1":{"loc":{"start":{"line":15,"column":16},"end":{"line":22,"column":17}},"type":"if","locations":[{"start":{"line":15,"column":16},"end":{"line":22,"column":17}},{"start":{"line":18,"column":21},"end":{"line":22,"column":17}}],"line":15}},"s":{"0":1,"1":1,"2":1,"3":0,"4":0,"5":0,"6":0,"7":0,"8":0,"9":0,"10":0,"11":0,"12":0},"f":{"0":0,"1":0,"2":0},"b":{"0":[0,0],"1":[0,0]},"_coverageSchema":"1a1c01bbd47fc00a2c39e90264f33305004495a9","hash":"ee1be3cfe6871d461063a0f2bd5831c9abe6a0aa"}
,"D:\\Hacktive8\\Phase3\\ProjectETCY\\Backend-ETCY-App\\middlewares\\errHandler.js": {"path":"D:\\Hacktive8\\Phase3\\ProjectETCY\\Backend-ETCY-App\\middlewares\\errHandler.js","statementMap":{"0":{"start":{"line":2,"column":17},"end":{"line":2,"column":27}},"1":{"start":{"line":3,"column":21},"end":{"line":3,"column":50}},"2":{"start":{"line":6,"column":4},"end":{"line":17,"column":5}},"3":{"start":{"line":7,"column":8},"end":{"line":11,"column":10}},"4":{"start":{"line":13,"column":8},"end":{"line":16,"column":10}},"5":{"start":{"line":20,"column":0},"end":{"line":20,"column":28}}},"fnMap":{"0":{"name":"errHandler","decl":{"start":{"line":1,"column":9},"end":{"line":1,"column":19}},"loc":{"start":{"line":1,"column":41},"end":{"line":18,"column":1}},"line":1}},"branchMap":{"0":{"loc":{"start":{"line":3,"column":21},"end":{"line":3,"column":50}},"type":"binary-expr","locations":[{"start":{"line":3,"column":21},"end":{"line":3,"column":35}},{"start":{"line":3,"column":39},"end":{"line":3,"column":50}}],"line":3},"1":{"loc":{"start":{"line":6,"column":4},"end":{"line":17,"column":5}},"type":"if","locations":[{"start":{"line":6,"column":4},"end":{"line":17,"column":5}},{"start":{"line":12,"column":11},"end":{"line":17,"column":5}}],"line":6}},"s":{"0":0,"1":0,"2":0,"3":0,"4":0,"5":1},"f":{"0":0},"b":{"0":[0,0],"1":[0,0]},"_coverageSchema":"1a1c01bbd47fc00a2c39e90264f33305004495a9","hash":"7f1cecae46c052a0b4c5a7edd6ec5c1f6619c4fe"}
,"D:\\Hacktive8\\Phase3\\ProjectETCY\\Backend-ETCY-App\\models\\friendlist.js": {"path":"D:\\Hacktive8\\Phase3\\ProjectETCY\\Backend-ETCY-App\\models\\friendlist.js","statementMap":{"0":{"start":{"line":4,"column":4},"end":{"line":4,"column":24}},"1":{"start":{"line":5,"column":0},"end":{"line":42,"column":2}},"2":{"start":{"line":14,"column":6},"end":{"line":14,"column":77}},"3":{"start":{"line":15,"column":6},"end":{"line":15,"column":80}},"4":{"start":{"line":18,"column":2},"end":{"line":40,"column":5}},"5":{"start":{"line":41,"column":2},"end":{"line":41,"column":20}}},"fnMap":{"0":{"name":"(anonymous_0)","decl":{"start":{"line":5,"column":17},"end":{"line":5,"column":18}},"loc":{"start":{"line":5,"column":43},"end":{"line":42,"column":1}},"line":5},"1":{"name":"(anonymous_1)","decl":{"start":{"line":12,"column":4},"end":{"line":12,"column":5}},"loc":{"start":{"line":12,"column":29},"end":{"line":16,"column":5}},"line":12}},"branchMap":{},"s":{"0":1,"1":1,"2":1,"3":1,"4":1,"5":1},"f":{"0":1,"1":1},"b":{},"_coverageSchema":"1a1c01bbd47fc00a2c39e90264f33305004495a9","hash":"3f22d2f0198a8c7504508b325153b803f6c6c63e"}
,"D:\\Hacktive8\\Phase3\\ProjectETCY\\Backend-ETCY-App\\models\\groupchat.js": {"path":"D:\\Hacktive8\\Phase3\\ProjectETCY\\Backend-ETCY-App\\models\\groupchat.js","statementMap":{"0":{"start":{"line":4,"column":4},"end":{"line":4,"column":24}},"1":{"start":{"line":5,"column":0},"end":{"line":46,"column":2}},"2":{"start":{"line":14,"column":6},"end":{"line":14,"column":74}},"3":{"start":{"line":17,"column":2},"end":{"line":44,"column":5}},"4":{"start":{"line":45,"column":2},"end":{"line":45,"column":19}}},"fnMap":{"0":{"name":"(anonymous_0)","decl":{"start":{"line":5,"column":17},"end":{"line":5,"column":18}},"loc":{"start":{"line":5,"column":43},"end":{"line":46,"column":1}},"line":5},"1":{"name":"(anonymous_1)","decl":{"start":{"line":12,"column":4},"end":{"line":12,"column":5}},"loc":{"start":{"line":12,"column":29},"end":{"line":15,"column":5}},"line":12}},"branchMap":{},"s":{"0":1,"1":1,"2":1,"3":1,"4":1},"f":{"0":1,"1":1},"b":{},"_coverageSchema":"1a1c01bbd47fc00a2c39e90264f33305004495a9","hash":"c2a41c94f78a42a221a295a96053692c62630fa7"}
,"D:\\Hacktive8\\Phase3\\ProjectETCY\\Backend-ETCY-App\\models\\groupmember.js": {"path":"D:\\Hacktive8\\Phase3\\ProjectETCY\\Backend-ETCY-App\\models\\groupmember.js","statementMap":{"0":{"start":{"line":4,"column":4},"end":{"line":4,"column":24}},"1":{"start":{"line":5,"column":0},"end":{"line":43,"column":2}},"2":{"start":{"line":14,"column":6},"end":{"line":14,"column":79}},"3":{"start":{"line":15,"column":6},"end":{"line":15,"column":76}},"4":{"start":{"line":16,"column":6},"end":{"line":16,"column":66}},"5":{"start":{"line":19,"column":2},"end":{"line":41,"column":5}},"6":{"start":{"line":42,"column":2},"end":{"line":42,"column":21}}},"fnMap":{"0":{"name":"(anonymous_0)","decl":{"start":{"line":5,"column":17},"end":{"line":5,"column":18}},"loc":{"start":{"line":5,"column":43},"end":{"line":43,"column":1}},"line":5},"1":{"name":"(anonymous_1)","decl":{"start":{"line":12,"column":4},"end":{"line":12,"column":5}},"loc":{"start":{"line":12,"column":29},"end":{"line":17,"column":5}},"line":12}},"branchMap":{},"s":{"0":1,"1":1,"2":1,"3":1,"4":1,"5":1,"6":1},"f":{"0":1,"1":1},"b":{},"_coverageSchema":"1a1c01bbd47fc00a2c39e90264f33305004495a9","hash":"f0242b352cca8febfd5a363493635d999b2aeb3c"}
,"D:\\Hacktive8\\Phase3\\ProjectETCY\\Backend-ETCY-App\\models\\groupmessage.js": {"path":"D:\\Hacktive8\\Phase3\\ProjectETCY\\Backend-ETCY-App\\models\\groupmessage.js","statementMap":{"0":{"start":{"line":4,"column":4},"end":{"line":4,"column":24}},"1":{"start":{"line":5,"column":0},"end":{"line":33,"column":2}},"2":{"start":{"line":14,"column":6},"end":{"line":14,"column":81}},"3":{"start":{"line":17,"column":2},"end":{"line":31,"column":5}},"4":{"start":{"line":32,"column":2},"end":{"line":32,"column":22}}},"fnMap":{"0":{"name":"(anonymous_0)","decl":{"start":{"line":5,"column":17},"end":{"line":5,"column":18}},"loc":{"start":{"line":5,"column":43},"end":{"line":33,"column":1}},"line":5},"1":{"name":"(anonymous_1)","decl":{"start":{"line":12,"column":4},"end":{"line":12,"column":5}},"loc":{"start":{"line":12,"column":29},"end":{"line":15,"column":5}},"line":12}},"branchMap":{},"s":{"0":1,"1":1,"2":1,"3":1,"4":1},"f":{"0":1,"1":1},"b":{},"_coverageSchema":"1a1c01bbd47fc00a2c39e90264f33305004495a9","hash":"42dea01f8848204a2e54f785f280a43e3e3466aa"}
,"D:\\Hacktive8\\Phase3\\ProjectETCY\\Backend-ETCY-App\\models\\index.js": {"path":"D:\\Hacktive8\\Phase3\\ProjectETCY\\Backend-ETCY-App\\models\\index.js","statementMap":{"0":{"start":{"line":3,"column":11},"end":{"line":3,"column":24}},"1":{"start":{"line":4,"column":13},"end":{"line":4,"column":28}},"2":{"start":{"line":5,"column":18},"end":{"line":5,"column":38}},"3":{"start":{"line":6,"column":17},"end":{"line":6,"column":42}},"4":{"start":{"line":7,"column":12},"end":{"line":7,"column":49}},"5":{"start":{"line":8,"column":15},"end":{"line":8,"column":65}},"6":{"start":{"line":9,"column":11},"end":{"line":9,"column":13}},"7":{"start":{"line":12,"column":0},"end":{"line":16,"column":1}},"8":{"start":{"line":13,"column":2},"end":{"line":13,"column":74}},"9":{"start":{"line":15,"column":2},"end":{"line":15,"column":87}},"10":{"start":{"line":18,"column":0},"end":{"line":26,"column":5}},"11":{"start":{"line":21,"column":4},"end":{"line":21,"column":90}},"12":{"start":{"line":24,"column":18},"end":{"line":24,"column":85}},"13":{"start":{"line":25,"column":4},"end":{"line":25,"column":27}},"14":{"start":{"line":28,"column":0},"end":{"line":32,"column":3}},"15":{"start":{"line":29,"column":2},"end":{"line":31,"column":3}},"16":{"start":{"line":30,"column":4},"end":{"line":30,"column":32}},"17":{"start":{"line":34,"column":0},"end":{"line":34,"column":25}},"18":{"start":{"line":35,"column":0},"end":{"line":35,"column":25}},"19":{"start":{"line":37,"column":0},"end":{"line":37,"column":20}}},"fnMap":{"0":{"name":"(anonymous_0)","decl":{"start":{"line":20,"column":10},"end":{"line":20,"column":11}},"loc":{"start":{"line":20,"column":18},"end":{"line":22,"column":3}},"line":20},"1":{"name":"(anonymous_1)","decl":{"start":{"line":23,"column":11},"end":{"line":23,"column":12}},"loc":{"start":{"line":23,"column":19},"end":{"line":26,"column":3}},"line":23},"2":{"name":"(anonymous_2)","decl":{"start":{"line":28,"column":24},"end":{"line":28,"column":25}},"loc":{"start":{"line":28,"column":37},"end":{"line":32,"column":1}},"line":28}},"branchMap":{"0":{"loc":{"start":{"line":7,"column":12},"end":{"line":7,"column":49}},"type":"binary-expr","locations":[{"start":{"line":7,"column":12},"end":{"line":7,"column":32}},{"start":{"line":7,"column":36},"end":{"line":7,"column":49}}],"line":7},"1":{"loc":{"start":{"line":12,"column":0},"end":{"line":16,"column":1}},"type":"if","locations":[{"start":{"line":12,"column":0},"end":{"line":16,"column":1}},{"start":{"line":14,"column":7},"end":{"line":16,"column":1}}],"line":12},"2":{"loc":{"start":{"line":21,"column":11},"end":{"line":21,"column":89}},"type":"binary-expr","locations":[{"start":{"line":21,"column":12},"end":{"line":21,"column":35}},{"start":{"line":21,"column":41},"end":{"line":21,"column":58}},{"start":{"line":21,"column":64},"end":{"line":21,"column":88}}],"line":21},"3":{"loc":{"start":{"line":29,"column":2},"end":{"line":31,"column":3}},"type":"if","locations":[{"start":{"line":29,"column":2},"end":{"line":31,"column":3}},{"start":{},"end":{}}],"line":29}},"s":{"0":1,"1":1,"2":1,"3":1,"4":1,"5":1,"6":1,"7":1,"8":0,"9":1,"10":1,"11":11,"12":10,"13":10,"14":1,"15":10,"16":10,"17":1,"18":1,"19":1},"f":{"0":11,"1":10,"2":10},"b":{"0":[1,0],"1":[0,1],"2":[11,11,10],"3":[10,0]},"_coverageSchema":"1a1c01bbd47fc00a2c39e90264f33305004495a9","hash":"071a1005cc94fd94604de9b278afd32c724ba506"}
,"D:\\Hacktive8\\Phase3\\ProjectETCY\\Backend-ETCY-App\\models\\itinerary.js": {"path":"D:\\Hacktive8\\Phase3\\ProjectETCY\\Backend-ETCY-App\\models\\itinerary.js","statementMap":{"0":{"start":{"line":4,"column":4},"end":{"line":4,"column":24}},"1":{"start":{"line":5,"column":0},"end":{"line":98,"column":2}},"2":{"start":{"line":14,"column":6},"end":{"line":14,"column":71}},"3":{"start":{"line":15,"column":6},"end":{"line":15,"column":77}},"4":{"start":{"line":16,"column":6},"end":{"line":16,"column":86}},"5":{"start":{"line":17,"column":6},"end":{"line":17,"column":64}},"6":{"start":{"line":20,"column":2},"end":{"line":96,"column":5}},"7":{"start":{"line":97,"column":2},"end":{"line":97,"column":19}}},"fnMap":{"0":{"name":"(anonymous_0)","decl":{"start":{"line":5,"column":17},"end":{"line":5,"column":18}},"loc":{"start":{"line":5,"column":43},"end":{"line":98,"column":1}},"line":5},"1":{"name":"(anonymous_1)","decl":{"start":{"line":12,"column":4},"end":{"line":12,"column":5}},"loc":{"start":{"line":12,"column":29},"end":{"line":18,"column":5}},"line":12}},"branchMap":{},"s":{"0":1,"1":1,"2":1,"3":1,"4":1,"5":1,"6":1,"7":1},"f":{"0":1,"1":1},"b":{},"_coverageSchema":"1a1c01bbd47fc00a2c39e90264f33305004495a9","hash":"508b5e734d8ce1dc3c424a80afb46367942e21c9"}
,"D:\\Hacktive8\\Phase3\\ProjectETCY\\Backend-ETCY-App\\models\\itineraryplace.js": {"path":"D:\\Hacktive8\\Phase3\\ProjectETCY\\Backend-ETCY-App\\models\\itineraryplace.js","statementMap":{"0":{"start":{"line":4,"column":4},"end":{"line":4,"column":24}},"1":{"start":{"line":5,"column":0},"end":{"line":75,"column":2}},"2":{"start":{"line":14,"column":6},"end":{"line":14,"column":79}},"3":{"start":{"line":17,"column":2},"end":{"line":73,"column":5}},"4":{"start":{"line":74,"column":2},"end":{"line":74,"column":24}}},"fnMap":{"0":{"name":"(anonymous_0)","decl":{"start":{"line":5,"column":17},"end":{"line":5,"column":18}},"loc":{"start":{"line":5,"column":43},"end":{"line":75,"column":1}},"line":5},"1":{"name":"(anonymous_1)","decl":{"start":{"line":12,"column":4},"end":{"line":12,"column":5}},"loc":{"start":{"line":12,"column":29},"end":{"line":15,"column":5}},"line":12}},"branchMap":{},"s":{"0":1,"1":1,"2":1,"3":1,"4":1},"f":{"0":1,"1":1},"b":{},"_coverageSchema":"1a1c01bbd47fc00a2c39e90264f33305004495a9","hash":"aa42f939e37efaf273660268b423850c791b10b2"}
,"D:\\Hacktive8\\Phase3\\ProjectETCY\\Backend-ETCY-App\\models\\itinerarytransportation.js": {"path":"D:\\Hacktive8\\Phase3\\ProjectETCY\\Backend-ETCY-App\\models\\itinerarytransportation.js","statementMap":{"0":{"start":{"line":4,"column":4},"end":{"line":4,"column":24}},"1":{"start":{"line":5,"column":0},"end":{"line":62,"column":2}},"2":{"start":{"line":14,"column":6},"end":{"line":14,"column":88}},"3":{"start":{"line":17,"column":2},"end":{"line":60,"column":5}},"4":{"start":{"line":61,"column":2},"end":{"line":61,"column":33}}},"fnMap":{"0":{"name":"(anonymous_0)","decl":{"start":{"line":5,"column":17},"end":{"line":5,"column":18}},"loc":{"start":{"line":5,"column":43},"end":{"line":62,"column":1}},"line":5},"1":{"name":"(anonymous_1)","decl":{"start":{"line":12,"column":4},"end":{"line":12,"column":5}},"loc":{"start":{"line":12,"column":29},"end":{"line":15,"column":5}},"line":12}},"branchMap":{},"s":{"0":1,"1":1,"2":1,"3":1,"4":1},"f":{"0":1,"1":1},"b":{},"_coverageSchema":"1a1c01bbd47fc00a2c39e90264f33305004495a9","hash":"fbb4ffed83631e2f8b134ad1b2df14837d363595"}
,"D:\\Hacktive8\\Phase3\\ProjectETCY\\Backend-ETCY-App\\models\\user.js": {"path":"D:\\Hacktive8\\Phase3\\ProjectETCY\\Backend-ETCY-App\\models\\user.js","statementMap":{"0":{"start":{"line":4,"column":4},"end":{"line":4,"column":24}},"1":{"start":{"line":5,"column":20},"end":{"line":5,"column":48}},"2":{"start":{"line":6,"column":0},"end":{"line":83,"column":2}},"3":{"start":{"line":15,"column":6},"end":{"line":15,"column":63}},"4":{"start":{"line":16,"column":6},"end":{"line":16,"column":65}},"5":{"start":{"line":17,"column":6},"end":{"line":17,"column":69}},"6":{"start":{"line":18,"column":6},"end":{"line":18,"column":64}},"7":{"start":{"line":19,"column":6},"end":{"line":19,"column":62}},"8":{"start":{"line":22,"column":2},"end":{"line":81,"column":5}},"9":{"start":{"line":76,"column":8},"end":{"line":76,"column":46}},"10":{"start":{"line":82,"column":2},"end":{"line":82,"column":14}}},"fnMap":{"0":{"name":"(anonymous_0)","decl":{"start":{"line":6,"column":17},"end":{"line":6,"column":18}},"loc":{"start":{"line":6,"column":43},"end":{"line":83,"column":1}},"line":6},"1":{"name":"(anonymous_1)","decl":{"start":{"line":13,"column":4},"end":{"line":13,"column":5}},"loc":{"start":{"line":13,"column":29},"end":{"line":20,"column":5}},"line":13},"2":{"name":"(anonymous_2)","decl":{"start":{"line":75,"column":20},"end":{"line":75,"column":21}},"loc":{"start":{"line":75,"column":30},"end":{"line":77,"column":7}},"line":75}},"branchMap":{},"s":{"0":1,"1":1,"2":1,"3":1,"4":1,"5":1,"6":1,"7":1,"8":1,"9":0,"10":1},"f":{"0":1,"1":1,"2":0},"b":{},"_coverageSchema":"1a1c01bbd47fc00a2c39e90264f33305004495a9","hash":"7daf68a3570eca1025b1befd9c625198de74ecbc"}
,"D:\\Hacktive8\\Phase3\\ProjectETCY\\Backend-ETCY-App\\models\\usernotification.js": {"path":"D:\\Hacktive8\\Phase3\\ProjectETCY\\Backend-ETCY-App\\models\\usernotification.js","statementMap":{"0":{"start":{"line":4,"column":4},"end":{"line":4,"column":24}},"1":{"start":{"line":5,"column":0},"end":{"line":48,"column":2}},"2":{"start":{"line":14,"column":6},"end":{"line":14,"column":71}},"3":{"start":{"line":17,"column":2},"end":{"line":46,"column":5}},"4":{"start":{"line":47,"column":2},"end":{"line":47,"column":26}}},"fnMap":{"0":{"name":"(anonymous_0)","decl":{"start":{"line":5,"column":17},"end":{"line":5,"column":18}},"loc":{"start":{"line":5,"column":43},"end":{"line":48,"column":1}},"line":5},"1":{"name":"(anonymous_1)","decl":{"start":{"line":12,"column":4},"end":{"line":12,"column":5}},"loc":{"start":{"line":12,"column":29},"end":{"line":15,"column":5}},"line":12}},"branchMap":{},"s":{"0":1,"1":1,"2":1,"3":1,"4":1},"f":{"0":1,"1":1},"b":{},"_coverageSchema":"1a1c01bbd47fc00a2c39e90264f33305004495a9","hash":"2e8fbb2a807e6b03f94c801cc902b14f2b9656d7"}
,"D:\\Hacktive8\\Phase3\\ProjectETCY\\Backend-ETCY-App\\models\\userverification.js": {"path":"D:\\Hacktive8\\Phase3\\ProjectETCY\\Backend-ETCY-App\\models\\userverification.js","statementMap":{"0":{"start":{"line":4,"column":4},"end":{"line":4,"column":24}},"1":{"start":{"line":5,"column":0},"end":{"line":51,"column":2}},"2":{"start":{"line":16,"column":2},"end":{"line":49,"column":5}},"3":{"start":{"line":50,"column":2},"end":{"line":50,"column":26}}},"fnMap":{"0":{"name":"(anonymous_0)","decl":{"start":{"line":5,"column":17},"end":{"line":5,"column":18}},"loc":{"start":{"line":5,"column":43},"end":{"line":51,"column":1}},"line":5},"1":{"name":"(anonymous_1)","decl":{"start":{"line":12,"column":4},"end":{"line":12,"column":5}},"loc":{"start":{"line":12,"column":29},"end":{"line":14,"column":5}},"line":12}},"branchMap":{},"s":{"0":1,"1":1,"2":1,"3":1},"f":{"0":1,"1":1},"b":{},"_coverageSchema":"1a1c01bbd47fc00a2c39e90264f33305004495a9","hash":"735b1bf813b8ccf5960f8a20bc76177e14def01d"}
,"D:\\Hacktive8\\Phase3\\ProjectETCY\\Backend-ETCY-App\\routes\\User.js": {"path":"D:\\Hacktive8\\Phase3\\ProjectETCY\\Backend-ETCY-App\\routes\\User.js","statementMap":{"0":{"start":{"line":1,"column":23},"end":{"line":1,"column":64}},"1":{"start":{"line":3,"column":15},"end":{"line":3,"column":42}},"2":{"start":{"line":6,"column":0},"end":{"line":6,"column":42}},"3":{"start":{"line":7,"column":0},"end":{"line":7,"column":45}},"4":{"start":{"line":8,"column":0},"end":{"line":8,"column":47}},"5":{"start":{"line":9,"column":0},"end":{"line":9,"column":48}},"6":{"start":{"line":11,"column":0},"end":{"line":11,"column":23}}},"fnMap":{},"branchMap":{},"s":{"0":1,"1":1,"2":1,"3":1,"4":1,"5":1,"6":1},"f":{},"b":{},"_coverageSchema":"1a1c01bbd47fc00a2c39e90264f33305004495a9","hash":"ad363b0a1737a59ea803f0d9c60839d88f3975db"}
,"D:\\Hacktive8\\Phase3\\ProjectETCY\\Backend-ETCY-App\\routes\\friendListRouter.js": {"path":"D:\\Hacktive8\\Phase3\\ProjectETCY\\Backend-ETCY-App\\routes\\friendListRouter.js","statementMap":{"0":{"start":{"line":1,"column":25},"end":{"line":1,"column":52}},"1":{"start":{"line":2,"column":29},"end":{"line":2,"column":75}},"2":{"start":{"line":5,"column":0},"end":{"line":5,"column":61}},"3":{"start":{"line":6,"column":0},"end":{"line":6,"column":65}},"4":{"start":{"line":7,"column":0},"end":{"line":7,"column":66}},"5":{"start":{"line":9,"column":0},"end":{"line":9,"column":33}}},"fnMap":{},"branchMap":{},"s":{"0":1,"1":1,"2":1,"3":1,"4":1,"5":1},"f":{},"b":{},"_coverageSchema":"1a1c01bbd47fc00a2c39e90264f33305004495a9","hash":"3af66982b23df136ca0f1d55ca2461b583a39883"}
,"D:\\Hacktive8\\Phase3\\ProjectETCY\\Backend-ETCY-App\\routes\\groupMemberRouter.js": {"path":"D:\\Hacktive8\\Phase3\\ProjectETCY\\Backend-ETCY-App\\routes\\groupMemberRouter.js","statementMap":{"0":{"start":{"line":1,"column":26},"end":{"line":1,"column":53}},"1":{"start":{"line":2,"column":30},"end":{"line":2,"column":77}},"2":{"start":{"line":5,"column":0},"end":{"line":5,"column":77}},"3":{"start":{"line":6,"column":0},"end":{"line":6,"column":83}},"4":{"start":{"line":7,"column":0},"end":{"line":7,"column":73}},"5":{"start":{"line":9,"column":0},"end":{"line":9,"column":34}}},"fnMap":{},"branchMap":{},"s":{"0":1,"1":1,"2":1,"3":1,"4":1,"5":1},"f":{},"b":{},"_coverageSchema":"1a1c01bbd47fc00a2c39e90264f33305004495a9","hash":"75cb799076f6d9e976e9acb3d2f87489205756d4"}
,"D:\\Hacktive8\\Phase3\\ProjectETCY\\Backend-ETCY-App\\routes\\index.js": {"path":"D:\\Hacktive8\\Phase3\\ProjectETCY\\Backend-ETCY-App\\routes\\index.js","statementMap":{"0":{"start":{"line":1,"column":16},"end":{"line":1,"column":34}},"1":{"start":{"line":2,"column":15},"end":{"line":2,"column":31}},"2":{"start":{"line":3,"column":23},"end":{"line":3,"column":64}},"3":{"start":{"line":4,"column":20},"end":{"line":4,"column":56}},"4":{"start":{"line":5,"column":18},"end":{"line":5,"column":45}},"5":{"start":{"line":6,"column":25},"end":{"line":6,"column":54}},"6":{"start":{"line":7,"column":31},"end":{"line":7,"column":66}},"7":{"start":{"line":8,"column":38},"end":{"line":8,"column":80}},"8":{"start":{"line":9,"column":30},"end":{"line":9,"column":64}},"9":{"start":{"line":10,"column":26},"end":{"line":10,"column":56}},"10":{"start":{"line":11,"column":19},"end":{"line":11,"column":36}},"11":{"start":{"line":12,"column":27},"end":{"line":12,"column":57}},"12":{"start":{"line":13,"column":25},"end":{"line":13,"column":55}},"13":{"start":{"line":16,"column":0},"end":{"line":16,"column":49}},"14":{"start":{"line":17,"column":0},"end":{"line":17,"column":43}},"15":{"start":{"line":18,"column":0},"end":{"line":18,"column":47}},"16":{"start":{"line":19,"column":0},"end":{"line":19,"column":26}},"17":{"start":{"line":20,"column":0},"end":{"line":20,"column":37}},"18":{"start":{"line":21,"column":0},"end":{"line":21,"column":35}},"19":{"start":{"line":22,"column":0},"end":{"line":22,"column":43}},"20":{"start":{"line":23,"column":0},"end":{"line":23,"column":55}},"21":{"start":{"line":24,"column":0},"end":{"line":24,"column":69}},"22":{"start":{"line":25,"column":0},"end":{"line":25,"column":53}},"23":{"start":{"line":26,"column":0},"end":{"line":26,"column":45}},"24":{"start":{"line":27,"column":0},"end":{"line":27,"column":32}},"25":{"start":{"line":29,"column":0},"end":{"line":29,"column":23}}},"fnMap":{},"branchMap":{},"s":{"0":1,"1":1,"2":1,"3":1,"4":1,"5":1,"6":1,"7":1,"8":1,"9":1,"10":1,"11":1,"12":1,"13":1,"14":1,"15":1,"16":1,"17":1,"18":1,"19":1,"20":1,"21":1,"22":1,"23":1,"24":1,"25":1},"f":{},"b":{},"_coverageSchema":"1a1c01bbd47fc00a2c39e90264f33305004495a9","hash":"e8ffca0818060739f9d7af4b08920c49331aeed3"}
,"D:\\Hacktive8\\Phase3\\ProjectETCY\\Backend-ETCY-App\\routes\\itineraryPlacesRouter.js": {"path":"D:\\Hacktive8\\Phase3\\ProjectETCY\\Backend-ETCY-App\\routes\\itineraryPlacesRouter.js","statementMap":{"0":{"start":{"line":1,"column":30},"end":{"line":1,"column":57}},"1":{"start":{"line":2,"column":34},"end":{"line":2,"column":85}},"2":{"start":{"line":5,"column":0},"end":{"line":5,"column":67}},"3":{"start":{"line":6,"column":0},"end":{"line":6,"column":83}},"4":{"start":{"line":7,"column":0},"end":{"line":7,"column":84}},"5":{"start":{"line":8,"column":0},"end":{"line":8,"column":76}},"6":{"start":{"line":10,"column":0},"end":{"line":10,"column":38}}},"fnMap":{},"branchMap":{},"s":{"0":1,"1":1,"2":1,"3":1,"4":1,"5":1,"6":1},"f":{},"b":{},"_coverageSchema":"1a1c01bbd47fc00a2c39e90264f33305004495a9","hash":"cd140eab1db06ae5c60262b561d3c4d2674067f7"}
,"D:\\Hacktive8\\Phase3\\ProjectETCY\\Backend-ETCY-App\\routes\\itineraryTransporationsRouter.js": {"path":"D:\\Hacktive8\\Phase3\\ProjectETCY\\Backend-ETCY-App\\routes\\itineraryTransporationsRouter.js","statementMap":{"0":{"start":{"line":1,"column":38},"end":{"line":1,"column":65}},"1":{"start":{"line":2,"column":43},"end":{"line":2,"column":103}},"2":{"start":{"line":5,"column":0},"end":{"line":5,"column":84}},"3":{"start":{"line":6,"column":0},"end":{"line":6,"column":109}},"4":{"start":{"line":7,"column":0},"end":{"line":7,"column":110}},"5":{"start":{"line":8,"column":0},"end":{"line":8,"column":102}},"6":{"start":{"line":10,"column":0},"end":{"line":10,"column":46}}},"fnMap":{},"branchMap":{},"s":{"0":1,"1":1,"2":1,"3":1,"4":1,"5":1,"6":1},"f":{},"b":{},"_coverageSchema":"1a1c01bbd47fc00a2c39e90264f33305004495a9","hash":"1479af3456585cedb6e958bf488e40d8a56cf6a2"}
,"D:\\Hacktive8\\Phase3\\ProjectETCY\\Backend-ETCY-App\\routes\\userNotificationRouter.js": {"path":"D:\\Hacktive8\\Phase3\\ProjectETCY\\Backend-ETCY-App\\routes\\userNotificationRouter.js","statementMap":{"0":{"start":{"line":1,"column":31},"end":{"line":1,"column":58}},"1":{"start":{"line":2,"column":35},"end":{"line":2,"column":87}},"2":{"start":{"line":5,"column":0},"end":{"line":5,"column":76}},"3":{"start":{"line":6,"column":0},"end":{"line":6,"column":77}},"4":{"start":{"line":7,"column":0},"end":{"line":7,"column":84}},"5":{"start":{"line":8,"column":0},"end":{"line":8,"column":80}},"6":{"start":{"line":9,"column":0},"end":{"line":9,"column":39}}},"fnMap":{},"branchMap":{},"s":{"0":1,"1":1,"2":1,"3":1,"4":1,"5":1,"6":1},"f":{},"b":{},"_coverageSchema":"1a1c01bbd47fc00a2c39e90264f33305004495a9","hash":"9a1486fa6bbeb2d7f4c7fee1e087ce66895fc34f"}
,"D:\\Hacktive8\\Phase3\\ProjectETCY\\Backend-ETCY-App\\routes\\verificationRoute.js": {"path":"D:\\Hacktive8\\Phase3\\ProjectETCY\\Backend-ETCY-App\\routes\\verificationRoute.js","statementMap":{"0":{"start":{"line":1,"column":31},"end":{"line":1,"column":77}},"1":{"start":{"line":2,"column":15},"end":{"line":2,"column":42}},"2":{"start":{"line":5,"column":0},"end":{"line":5,"column":67}},"3":{"start":{"line":6,"column":0},"end":{"line":6,"column":82}},"4":{"start":{"line":9,"column":0},"end":{"line":9,"column":23}}},"fnMap":{},"branchMap":{},"s":{"0":1,"1":1,"2":1,"3":1,"4":1},"f":{},"b":{},"_coverageSchema":"1a1c01bbd47fc00a2c39e90264f33305004495a9","hash":"f219199ab29185f9e6b7eaa62397a0f4bfc2956c"}
,"D:\\Hacktive8\\Phase3\\ProjectETCY\\Backend-ETCY-App\\routes\\GroupChatRoute\\index.js": {"path":"D:\\Hacktive8\\Phase3\\ProjectETCY\\Backend-ETCY-App\\routes\\GroupChatRoute\\index.js","statementMap":{"0":{"start":{"line":1,"column":28},"end":{"line":1,"column":76}},"1":{"start":{"line":3,"column":18},"end":{"line":3,"column":45}},"2":{"start":{"line":5,"column":0},"end":{"line":5,"column":48}},"3":{"start":{"line":6,"column":0},"end":{"line":6,"column":51}},"4":{"start":{"line":7,"column":0},"end":{"line":7,"column":49}},"5":{"start":{"line":8,"column":0},"end":{"line":8,"column":52}},"6":{"start":{"line":10,"column":0},"end":{"line":10,"column":26}}},"fnMap":{},"branchMap":{},"s":{"0":1,"1":1,"2":1,"3":1,"4":1,"5":1,"6":1},"f":{},"b":{},"_coverageSchema":"1a1c01bbd47fc00a2c39e90264f33305004495a9","hash":"45da28f965013965bb707b7dd7f46686fb1a0577"}
,"D:\\Hacktive8\\Phase3\\ProjectETCY\\Backend-ETCY-App\\routes\\ItineraryRoute\\index.js": {"path":"D:\\Hacktive8\\Phase3\\ProjectETCY\\Backend-ETCY-App\\routes\\ItineraryRoute\\index.js","statementMap":{"0":{"start":{"line":1,"column":28},"end":{"line":1,"column":76}},"1":{"start":{"line":3,"column":20},"end":{"line":3,"column":47}},"2":{"start":{"line":5,"column":0},"end":{"line":5,"column":28}},"3":{"start":{"line":7,"column":0},"end":{"line":7,"column":55}},"4":{"start":{"line":8,"column":0},"end":{"line":8,"column":53}},"5":{"start":{"line":9,"column":0},"end":{"line":9,"column":51}},"6":{"start":{"line":10,"column":0},"end":{"line":10,"column":54}},"7":{"start":{"line":12,"column":0},"end":{"line":12,"column":28}}},"fnMap":{},"branchMap":{},"s":{"0":1,"1":1,"2":1,"3":1,"4":1,"5":1,"6":1,"7":1},"f":{},"b":{},"_coverageSchema":"1a1c01bbd47fc00a2c39e90264f33305004495a9","hash":"d94133dfc1e6ab50a044eebdf4049761231e81fb"}
}
