TN:
SF:app.js
FNF:0
FNH:0
DA:1,6
DA:2,6
DA:3,6
DA:6,6
DA:7,6
DA:8,6
DA:11,6
DA:12,6
DA:13,6
DA:15,6
DA:17,6
DA:23,6
LF:12
LH:12
BRDA:1,0,0,6
BRDA:1,0,1,0
BRF:2
BRH:1
end_of_record
TN:
SF:controllers\GroupChatController.js
FN:6,(anonymous_0)
FN:15,(anonymous_1)
FN:21,(anonymous_2)
FN:28,(anonymous_3)
FN:34,(anonymous_4)
FN:39,(anonymous_5)
FN:44,(anonymous_6)
FN:48,(anonymous_7)
FN:59,(anonymous_8)
FN:64,(anonymous_9)
FN:70,(anonymous_10)
FN:81,(anonymous_11)
FNF:12
FNH:0
FNDA:0,(anonymous_0)
FNDA:0,(anonymous_1)
FNDA:0,(anonymous_2)
FNDA:0,(anonymous_3)
FNDA:0,(anonymous_4)
FNDA:0,(anonymous_5)
FNDA:0,(anonymous_6)
FNDA:0,(anonymous_7)
FNDA:0,(anonymous_8)
FNDA:0,(anonymous_9)
FNDA:0,(anonymous_10)
FNDA:0,(anonymous_11)
DA:1,6
DA:8,0
DA:13,0
DA:14,0
DA:16,0
DA:22,0
DA:23,0
DA:29,0
DA:31,0
DA:35,0
DA:40,0
DA:45,0
DA:46,0
DA:47,0
DA:49,0
DA:50,0
DA:54,0
DA:60,0
DA:65,0
DA:67,0
DA:71,0
DA:72,0
DA:76,0
DA:82,0
DA:88,6
LF:25
LH:2
BRDA:49,0,0,0
BRDA:49,0,1,0
BRDA:71,1,0,0
BRDA:71,1,1,0
BRF:4
BRH:0
end_of_record
TN:
SF:controllers\ItineraryController.js
FN:6,(anonymous_0)
FN:64,(anonymous_1)
FN:70,(anonymous_2)
FN:73,(anonymous_3)
FN:78,(anonymous_4)
FN:80,(anonymous_5)
FN:83,(anonymous_6)
FN:89,(anonymous_7)
FN:95,(anonymous_8)
FN:100,(anonymous_9)
FN:105,(anonymous_10)
FN:110,(anonymous_11)
FN:121,(anonymous_12)
FN:126,(anonymous_13)
FN:132,(anonymous_14)
FN:143,(anonymous_15)
FNF:16
FNH:7
FNDA:1,(anonymous_0)
FNDA:0,(anonymous_1)
FNDA:0,(anonymous_2)
FNDA:0,(anonymous_3)
FNDA:0,(anonymous_4)
FNDA:0,(anonymous_5)
FNDA:0,(anonymous_6)
FNDA:1,(anonymous_7)
FNDA:1,(anonymous_8)
FNDA:0,(anonymous_9)
FNDA:2,(anonymous_10)
FNDA:2,(anonymous_11)
FNDA:0,(anonymous_12)
FNDA:2,(anonymous_13)
FNDA:2,(anonymous_14)
FNDA:0,(anonymous_15)
DA:1,6
DA:7,1
DA:8,1
DA:20,1
DA:23,1
DA:25,1
DA:29,1
DA:35,1
DA:47,1
DA:57,1
DA:60,0
DA:61,0
DA:65,0
DA:71,0
DA:74,0
DA:75,0
DA:79,0
DA:81,0
DA:84,0
DA:85,0
DA:90,1
DA:92,1
DA:96,1
DA:101,0
DA:106,2
DA:107,2
DA:108,2
DA:109,2
DA:111,2
DA:112,1
DA:116,1
DA:122,0
DA:127,2
DA:129,2
DA:133,2
DA:134,1
DA:138,1
DA:144,0
DA:149,6
LF:39
LH:26
BRDA:111,0,0,1
BRDA:111,0,1,1
BRDA:133,1,0,1
BRDA:133,1,1,1
BRF:4
BRH:4
end_of_record
TN:
SF:controllers\friendListController.js
FN:3,(anonymous_0)
FN:13,(anonymous_1)
FN:29,(anonymous_2)
FNF:3
FNH:3
FNDA:1,(anonymous_0)
FNDA:1,(anonymous_1)
FNDA:2,(anonymous_2)
DA:1,6
DA:4,1
DA:5,1
DA:6,1
DA:7,1
DA:9,0
DA:10,0
DA:14,1
DA:15,1
DA:16,1
DA:17,1
DA:18,1
DA:20,0
DA:21,0
DA:23,0
DA:25,0
DA:30,2
DA:31,2
DA:32,2
DA:33,2
DA:34,1
DA:36,1
DA:37,1
DA:42,0
DA:43,0
DA:48,6
LF:26
LH:18
BRDA:21,0,0,0
BRDA:21,0,1,0
BRDA:33,1,0,1
BRDA:33,1,1,1
BRF:4
BRH:2
end_of_record
TN:
SF:controllers\groupMemberController.js
FN:3,(anonymous_0)
FN:11,(anonymous_1)
FN:18,(anonymous_2)
FN:26,(anonymous_3)
FNF:4
FNH:0
FNDA:0,(anonymous_0)
FNDA:0,(anonymous_1)
FNDA:0,(anonymous_2)
FNDA:0,(anonymous_3)
DA:1,6
DA:4,0
DA:5,0
DA:6,0
DA:7,0
DA:8,0
DA:10,0
DA:11,0
DA:12,0
DA:14,0
DA:19,0
DA:20,0
DA:21,0
DA:23,0
DA:27,0
DA:28,0
DA:29,0
DA:30,0
DA:32,0
DA:35,0
DA:40,6
LF:21
LH:2
BRDA:10,0,0,0
BRDA:10,0,1,0
BRDA:29,1,0,0
BRDA:29,1,1,0
BRF:4
BRH:0
end_of_record
TN:
SF:controllers\itineraryPlacesController.js
FN:3,(anonymous_0)
FN:15,(anonymous_1)
FN:27,(anonymous_2)
FN:34,(anonymous_3)
FN:47,(anonymous_4)
FN:55,(anonymous_5)
FNF:6
FNH:4
FNDA:2,(anonymous_0)
FNDA:1,(anonymous_1)
FNDA:0,(anonymous_2)
FNDA:2,(anonymous_3)
FNDA:1,(anonymous_4)
FNDA:0,(anonymous_5)
DA:1,6
DA:4,2
DA:5,2
DA:6,2
DA:7,1
DA:9,1
DA:12,0
DA:16,1
DA:17,1
DA:18,1
DA:20,1
DA:21,0
DA:23,1
DA:26,0
DA:27,0
DA:28,0
DA:30,0
DA:35,2
DA:36,2
DA:37,2
DA:38,1
DA:40,1
DA:43,0
DA:48,1
DA:49,1
DA:50,1
DA:51,1
DA:52,1
DA:54,0
DA:55,0
DA:56,0
DA:58,0
DA:64,6
LF:33
LH:22
BRDA:6,0,0,1
BRDA:6,0,1,1
BRDA:20,1,0,0
BRDA:20,1,1,1
BRDA:26,2,0,0
BRDA:26,2,1,0
BRDA:37,3,0,1
BRDA:37,3,1,1
BRDA:54,4,0,0
BRDA:54,4,1,0
BRF:10
BRH:5
end_of_record
TN:
SF:controllers\itineraryTransportationsController.js
FN:4,(anonymous_0)
FN:16,(anonymous_1)
FN:28,(anonymous_2)
FN:35,(anonymous_3)
FN:48,(anonymous_4)
FN:56,(anonymous_5)
FNF:6
FNH:4
FNDA:1,(anonymous_0)
FNDA:1,(anonymous_1)
FNDA:0,(anonymous_2)
FNDA:2,(anonymous_3)
FNDA:1,(anonymous_4)
FNDA:0,(anonymous_5)
DA:1,6
DA:5,1
DA:6,1
DA:7,1
DA:8,0
DA:10,1
DA:13,0
DA:17,1
DA:18,1
DA:19,1
DA:21,1
DA:22,0
DA:24,1
DA:27,0
DA:28,0
DA:29,0
DA:31,0
DA:36,2
DA:37,2
DA:38,2
DA:39,1
DA:41,1
DA:44,0
DA:49,1
DA:50,1
DA:52,1
DA:53,1
DA:55,0
DA:56,0
DA:57,0
DA:59,0
DA:65,6
LF:32
LH:20
BRDA:7,0,0,0
BRDA:7,0,1,1
BRDA:21,1,0,0
BRDA:21,1,1,1
BRDA:27,2,0,0
BRDA:27,2,1,0
BRDA:38,3,0,1
BRDA:38,3,1,1
BRDA:55,4,0,0
BRDA:55,4,1,0
BRF:10
BRH:4
end_of_record
TN:
SF:controllers\userController.js
FN:5,randomEctyId
FN:28,(anonymous_1)
FN:31,(anonymous_2)
FN:43,(anonymous_3)
FN:47,(anonymous_4)
FN:61,(anonymous_5)
FN:64,(anonymous_6)
FN:73,(anonymous_7)
FN:76,(anonymous_8)
FN:87,(anonymous_9)
FN:91,(anonymous_10)
FN:93,(anonymous_11)
FN:100,(anonymous_12)
FN:104,(anonymous_13)
FN:107,(anonymous_14)
FN:116,(anonymous_15)
FN:120,(anonymous_16)
FN:124,(anonymous_17)
FN:135,(anonymous_18)
FNF:19
FNH:13
FNDA:7,randomEctyId
FNDA:3,(anonymous_1)
FNDA:3,(anonymous_2)
FNDA:1,(anonymous_3)
FNDA:7,(anonymous_4)
FNDA:7,(anonymous_5)
FNDA:1,(anonymous_6)
FNDA:1,(anonymous_7)
FNDA:1,(anonymous_8)
FNDA:0,(anonymous_9)
FNDA:1,(anonymous_10)
FNDA:1,(anonymous_11)
FNDA:0,(anonymous_12)
FNDA:2,(anonymous_13)
FNDA:2,(anonymous_14)
FNDA:0,(anonymous_15)
FNDA:0,(anonymous_16)
FNDA:0,(anonymous_17)
FNDA:0,(anonymous_18)
DA:1,6
DA:2,6
DA:3,6
DA:6,7
DA:7,7
DA:8,7
DA:10,7
DA:11,56
DA:12,56
DA:14,7
DA:15,7
DA:16,7
DA:17,7
DA:18,7
DA:20,0
DA:23,0
DA:27,6
DA:29,3
DA:30,3
DA:32,3
DA:33,1
DA:35,3
DA:36,2
DA:37,1
DA:38,1
DA:40,1
DA:44,1
DA:49,7
DA:50,7
DA:51,7
DA:53,7
DA:54,7
DA:55,1
DA:57,1
DA:60,6
DA:61,7
DA:62,5
DA:63,1
DA:64,1
DA:65,1
DA:67,0
DA:74,1
DA:75,1
DA:77,1
DA:78,0
DA:82,1
DA:88,0
DA:92,1
DA:94,1
DA:95,1
DA:97,0
DA:101,0
DA:105,2
DA:106,2
DA:108,2
DA:109,1
DA:113,1
DA:117,0
DA:121,0
DA:122,0
DA:123,0
DA:125,0
DA:126,0
DA:130,0
DA:136,0
DA:137,0
DA:141,0
LF:67
LH:50
BRDA:16,0,0,7
BRDA:16,0,1,0
BRDA:32,1,0,1
BRDA:32,1,1,2
BRDA:36,2,0,1
BRDA:36,2,1,1
BRDA:36,3,0,2
BRDA:36,3,1,2
BRDA:60,4,0,5
BRDA:60,4,1,1
BRDA:63,5,0,1
BRDA:63,5,1,0
BRDA:77,6,0,0
BRDA:77,6,1,1
BRDA:94,7,0,1
BRDA:94,7,1,0
BRDA:108,8,0,1
BRDA:108,8,1,1
BRDA:125,9,0,0
BRDA:125,9,1,0
BRDA:136,10,0,0
BRDA:136,10,1,0
BRF:22
BRH:14
end_of_record
TN:
SF:controllers\userNotificationController.js
FN:3,(anonymous_0)
FN:11,(anonymous_1)
FN:22,(anonymous_2)
FN:29,(anonymous_3)
FN:41,(anonymous_4)
FN:50,(anonymous_5)
FNF:6
FNH:4
FNDA:1,(anonymous_0)
FNDA:1,(anonymous_1)
FNDA:0,(anonymous_2)
FNDA:2,(anonymous_3)
FNDA:1,(anonymous_4)
FNDA:0,(anonymous_5)
DA:1,6
DA:4,1
DA:5,1
DA:6,1
DA:8,0
DA:12,1
DA:13,1
DA:14,1
DA:15,1
DA:16,0
DA:18,1
DA:21,0
DA:22,0
DA:23,0
DA:25,0
DA:30,2
DA:31,2
DA:32,2
DA:33,1
DA:35,1
DA:38,0
DA:42,1
DA:43,1
DA:44,1
DA:45,1
DA:46,1
DA:47,1
DA:49,0
DA:50,0
DA:51,0
DA:53,0
DA:59,6
LF:32
LH:21
BRDA:15,0,0,0
BRDA:15,0,1,1
BRDA:21,1,0,0
BRDA:21,1,1,0
BRDA:32,2,0,1
BRDA:32,2,1,1
BRDA:49,3,0,0
BRDA:49,3,1,0
BRF:8
BRH:3
end_of_record
TN:
SF:controllers\verifyController.js
FN:5,(anonymous_0)
FN:6,(anonymous_1)
FN:22,(anonymous_2)
FN:28,(anonymous_3)
FN:31,(anonymous_4)
FN:38,(anonymous_5)
FN:59,(anonymous_6)
FN:64,(anonymous_7)
FN:69,(anonymous_8)
FNF:9
FNH:6
FNDA:2,(anonymous_0)
FNDA:2,(anonymous_1)
FNDA:1,(anonymous_2)
FNDA:1,(anonymous_3)
FNDA:1,(anonymous_4)
FNDA:1,(anonymous_5)
FNDA:0,(anonymous_6)
FNDA:0,(anonymous_7)
FNDA:0,(anonymous_8)
DA:1,6
DA:2,6
DA:4,6
DA:6,2
DA:7,2
DA:8,2
DA:10,2
DA:11,8
DA:12,8
DA:13,8
DA:15,2
DA:18,2
DA:19,2
DA:21,2
DA:23,1
DA:26,1
DA:30,1
DA:31,1
DA:32,1
DA:34,0
DA:39,1
DA:40,1
DA:42,1
DA:48,1
DA:49,1
DA:50,1
DA:51,1
DA:53,0
DA:56,0
DA:60,0
DA:61,0
DA:65,0
DA:70,0
DA:71,0
LF:34
LH:26
BRDA:30,0,0,1
BRDA:30,0,1,0
BRDA:48,1,0,1
BRDA:48,1,1,0
BRF:4
BRH:2
end_of_record
TN:
SF:helper\bycrypt.js
FN:3,encrypt
FN:9,decrypt
FNF:2
FNH:2
FNDA:8,encrypt
FNDA:2,decrypt
DA:1,6
DA:4,8
DA:5,8
DA:6,8
DA:10,2
DA:13,6
LF:6
LH:6
BRF:0
BRH:0
end_of_record
TN:
SF:helper\nodemailer.js
FN:3,sendMail
FN:19,(anonymous_1)
FN:27,receiveMail
FN:43,(anonymous_3)
FNF:4
FNH:1
FNDA:1,sendMail
FNDA:0,(anonymous_1)
FNDA:0,receiveMail
FNDA:0,(anonymous_3)
DA:1,6
DA:4,1
DA:11,1
DA:19,1
DA:20,0
DA:21,0
DA:23,0
DA:28,0
DA:35,0
DA:43,0
DA:44,0
DA:45,0
DA:47,0
DA:51,6
LF:14
LH:5
BRDA:20,0,0,0
BRDA:20,0,1,0
BRDA:44,1,0,0
BRDA:44,1,1,0
BRF:4
BRH:0
end_of_record
TN:
SF:middlewares\auth.js
FN:5,(anonymous_0)
FN:14,(anonymous_1)
FN:31,(anonymous_2)
FNF:3
FNH:2
FNDA:32,(anonymous_0)
FNDA:32,(anonymous_1)
FNDA:0,(anonymous_2)
DA:1,6
DA:2,6
DA:4,6
DA:6,32
DA:7,0
DA:11,32
DA:12,32
DA:13,32
DA:15,32
DA:16,32
DA:17,32
DA:19,0
DA:25,0
LF:13
LH:10
BRDA:6,0,0,0
BRDA:6,0,1,32
BRDA:15,1,0,32
BRDA:15,1,1,0
BRF:4
BRH:2
end_of_record
TN:
SF:middlewares\errHandler.js
FN:1,errHandler
FNF:1
FNH:1
FNDA:14,errHandler
DA:2,14
DA:3,14
DA:6,14
DA:7,0
DA:13,14
DA:20,6
LF:6
LH:5
BRDA:3,0,0,14
BRDA:3,0,1,14
BRDA:6,1,0,0
BRDA:6,1,1,14
BRF:4
BRH:3
end_of_record
TN:
SF:models\friendlist.js
FN:5,(anonymous_0)
FN:12,(anonymous_1)
FNF:2
FNH:2
FNDA:6,(anonymous_0)
FNDA:6,(anonymous_1)
DA:4,6
DA:5,6
DA:14,6
DA:15,6
DA:18,6
DA:41,6
LF:6
LH:6
BRF:0
BRH:0
end_of_record
TN:
SF:models\groupchat.js
FN:5,(anonymous_0)
FN:12,(anonymous_1)
FNF:2
FNH:2
FNDA:6,(anonymous_0)
FNDA:6,(anonymous_1)
DA:4,6
DA:5,6
DA:14,6
DA:17,6
DA:45,6
LF:5
LH:5
BRF:0
BRH:0
end_of_record
TN:
SF:models\groupmember.js
FN:5,(anonymous_0)
FN:12,(anonymous_1)
FNF:2
FNH:2
FNDA:6,(anonymous_0)
FNDA:6,(anonymous_1)
DA:4,6
DA:5,6
DA:14,6
DA:15,6
DA:16,6
DA:19,6
DA:42,6
LF:7
LH:7
BRF:0
BRH:0
end_of_record
TN:
SF:models\groupmessage.js
FN:5,(anonymous_0)
FN:12,(anonymous_1)
FNF:2
FNH:2
FNDA:6,(anonymous_0)
FNDA:6,(anonymous_1)
DA:4,6
DA:5,6
DA:14,6
DA:17,6
DA:32,6
LF:5
LH:5
BRF:0
BRH:0
end_of_record
TN:
SF:models\index.js
FN:20,(anonymous_0)
FN:23,(anonymous_1)
FN:28,(anonymous_2)
FNF:3
FNH:3
FNDA:66,(anonymous_0)
FNDA:60,(anonymous_1)
FNDA:60,(anonymous_2)
DA:3,6
DA:4,6
DA:5,6
DA:6,6
DA:7,6
DA:8,6
DA:9,6
DA:12,6
DA:13,0
DA:15,6
DA:18,6
DA:21,66
DA:24,60
DA:25,60
DA:28,6
DA:29,60
DA:30,60
DA:34,6
DA:35,6
DA:37,6
LF:20
LH:19
BRDA:7,0,0,6
BRDA:7,0,1,0
BRDA:12,1,0,0
BRDA:12,1,1,6
BRDA:21,2,0,66
BRDA:21,2,1,66
BRDA:21,2,2,60
BRDA:29,3,0,60
BRDA:29,3,1,0
BRF:9
BRH:6
end_of_record
TN:
SF:models\itinerary.js
FN:5,(anonymous_0)
FN:12,(anonymous_1)
FNF:2
FNH:2
FNDA:6,(anonymous_0)
FNDA:6,(anonymous_1)
DA:4,6
DA:5,6
DA:14,6
DA:15,6
DA:16,6
DA:17,6
DA:20,6
DA:98,6
LF:8
LH:8
BRF:0
BRH:0
end_of_record
TN:
SF:models\itineraryplace.js
FN:5,(anonymous_0)
FN:12,(anonymous_1)
FNF:2
FNH:2
FNDA:6,(anonymous_0)
FNDA:6,(anonymous_1)
DA:4,6
DA:5,6
DA:14,6
DA:17,6
DA:75,6
LF:5
LH:5
BRF:0
BRH:0
end_of_record
TN:
SF:models\itinerarytransportation.js
FN:5,(anonymous_0)
FN:12,(anonymous_1)
FNF:2
FNH:2
FNDA:6,(anonymous_0)
FNDA:6,(anonymous_1)
DA:4,6
DA:5,6
DA:14,6
DA:17,6
DA:61,6
LF:5
LH:5
BRF:0
BRH:0
end_of_record
TN:
SF:models\user.js
FN:6,(anonymous_0)
FN:13,(anonymous_1)
FN:75,(anonymous_2)
FNF:3
FNH:3
FNDA:6,(anonymous_0)
FNDA:6,(anonymous_1)
FNDA:2,(anonymous_2)
DA:4,6
DA:5,6
DA:6,6
DA:15,6
DA:16,6
DA:17,6
DA:18,6
DA:19,6
DA:22,6
DA:76,2
DA:82,6
LF:11
LH:11
BRF:0
BRH:0
end_of_record
TN:
SF:models\usernotification.js
FN:5,(anonymous_0)
FN:12,(anonymous_1)
FNF:2
FNH:2
FNDA:6,(anonymous_0)
FNDA:6,(anonymous_1)
DA:4,6
DA:5,6
DA:14,6
DA:17,6
DA:47,6
LF:5
LH:5
BRF:0
BRH:0
end_of_record
TN:
SF:models\userverification.js
FN:5,(anonymous_0)
FN:12,(anonymous_1)
FNF:2
FNH:2
FNDA:6,(anonymous_0)
FNDA:6,(anonymous_1)
DA:4,6
DA:5,6
DA:16,6
DA:50,6
LF:4
LH:4
BRF:0
BRH:0
end_of_record
TN:
SF:routes\User.js
FNF:0
FNH:0
DA:1,6
DA:3,6
DA:6,6
DA:7,6
DA:8,6
DA:9,6
DA:11,6
LF:7
LH:7
BRF:0
BRH:0
end_of_record
TN:
SF:routes\friendListRouter.js
FNF:0
FNH:0
DA:1,6
DA:2,6
DA:5,6
DA:6,6
DA:7,6
DA:9,6
LF:6
LH:6
BRF:0
BRH:0
end_of_record
TN:
SF:routes\groupMemberRouter.js
FNF:0
FNH:0
DA:1,6
DA:2,6
DA:5,6
DA:6,6
DA:7,6
DA:9,6
LF:6
LH:6
BRF:0
BRH:0
end_of_record
TN:
SF:routes\index.js
FNF:0
FNH:0
DA:1,6
DA:2,6
DA:3,6
DA:4,6
DA:5,6
DA:6,6
DA:7,6
DA:8,6
DA:9,6
DA:10,6
DA:11,6
DA:12,6
DA:13,6
DA:16,6
DA:17,6
DA:18,6
DA:19,6
DA:20,6
DA:21,6
DA:22,6
DA:23,6
DA:24,6
DA:25,6
DA:26,6
DA:27,6
DA:29,6
LF:26
LH:26
BRF:0
BRH:0
end_of_record
TN:
SF:routes\itineraryPlacesRouter.js
FNF:0
FNH:0
DA:1,6
DA:2,6
DA:5,6
DA:6,6
DA:7,6
DA:8,6
DA:10,6
LF:7
LH:7
BRF:0
BRH:0
end_of_record
TN:
SF:routes\itineraryTransporationsRouter.js
FNF:0
FNH:0
DA:1,6
DA:2,6
DA:5,6
DA:6,6
DA:7,6
DA:8,6
DA:10,6
LF:7
LH:7
BRF:0
BRH:0
end_of_record
TN:
SF:routes\userNotificationRouter.js
FNF:0
FNH:0
DA:1,6
DA:2,6
DA:5,6
DA:6,6
DA:7,6
DA:8,6
DA:9,6
LF:7
LH:7
BRF:0
BRH:0
end_of_record
TN:
SF:routes\verificationRoute.js
FNF:0
FNH:0
DA:1,6
DA:2,6
DA:5,6
DA:6,6
DA:7,6
DA:9,6
LF:6
LH:6
BRF:0
BRH:0
end_of_record
TN:
SF:routes\GroupChatRoute\index.js
FNF:0
FNH:0
DA:1,6
DA:3,6
DA:5,6
DA:6,6
DA:7,6
DA:8,6
DA:10,6
LF:7
LH:7
BRF:0
BRH:0
end_of_record
TN:
SF:routes\ItineraryRoute\index.js
FNF:0
FNH:0
DA:1,6
DA:2,6
DA:4,6
DA:6,6
DA:8,6
DA:9,6
DA:11,6
DA:12,6
DA:13,6
DA:14,6
DA:15,6
DA:17,6
LF:12
LH:12
BRF:0
BRH:0
end_of_record
